{"D:\\backup-dell-latitude\\Desktop\\projects\\kulineran-yuk\\server\\src\\app.ts": {"path":"D:\\backup-dell-latitude\\Desktop\\projects\\kulineran-yuk\\server\\src\\app.ts","statementMap":{"0":{"start":{"line":1,"column":0},"end":{"line":1,"column":53}},"1":{"start":{"line":2,"column":0},"end":{"line":2,"column":34}},"2":{"start":{"line":3,"column":0},"end":{"line":3,"column":55}},"3":{"start":{"line":4,"column":0},"end":{"line":4,"column":63}},"4":{"start":{"line":5,"column":0},"end":{"line":5,"column":41}},"5":{"start":{"line":7,"column":12},"end":{"line":7,"column":21}},"6":{"start":{"line":9,"column":0},"end":{"line":9,"column":24}},"7":{"start":{"line":10,"column":0},"end":{"line":10,"column":24}},"8":{"start":{"line":13,"column":0},"end":{"line":13,"column":31}},"9":{"start":{"line":16,"column":0},"end":{"line":16,"column":23}},"10":{"start":{"line":17,"column":0},"end":{"line":17,"column":32}},"11":{"start":{"line":19,"column":0},"end":{"line":19,"column":19}}},"fnMap":{},"branchMap":{},"s":{"0":1,"1":1,"2":1,"3":1,"4":1,"5":1,"6":1,"7":1,"8":1,"9":1,"10":1,"11":1},"f":{},"b":{}}
,"D:\\backup-dell-latitude\\Desktop\\projects\\kulineran-yuk\\server\\src\\config.ts": {"path":"D:\\backup-dell-latitude\\Desktop\\projects\\kulineran-yuk\\server\\src\\config.ts","statementMap":{"0":{"start":{"line":1,"column":0},"end":{"line":1,"column":28}},"1":{"start":{"line":2,"column":0},"end":{"line":2,"column":16}},"2":{"start":{"line":4,"column":0},"end":{"line":21,"column":2}}},"fnMap":{},"branchMap":{},"s":{"0":13,"1":13,"2":13},"f":{},"b":{}}
,"D:\\backup-dell-latitude\\Desktop\\projects\\kulineran-yuk\\server\\src\\api\\v1\\location\\route.ts": {"path":"D:\\backup-dell-latitude\\Desktop\\projects\\kulineran-yuk\\server\\src\\api\\v1\\location\\route.ts","statementMap":{"0":{"start":{"line":1,"column":0},"end":{"line":1,"column":33}},"1":{"start":{"line":2,"column":0},"end":{"line":2,"column":54}},"2":{"start":{"line":3,"column":0},"end":{"line":3,"column":54}},"3":{"start":{"line":4,"column":0},"end":{"line":4,"column":52}},"4":{"start":{"line":5,"column":0},"end":{"line":5,"column":52}},"5":{"start":{"line":8,"column":23},"end":{"line":8,"column":31}},"6":{"start":{"line":10,"column":0},"end":{"line":10,"column":56}},"7":{"start":{"line":11,"column":0},"end":{"line":11,"column":54}},"8":{"start":{"line":12,"column":0},"end":{"line":12,"column":56}},"9":{"start":{"line":13,"column":0},"end":{"line":13,"column":54}},"10":{"start":{"line":15,"column":0},"end":{"line":15,"column":30}}},"fnMap":{},"branchMap":{},"s":{"0":1,"1":1,"2":1,"3":1,"4":1,"5":1,"6":1,"7":1,"8":1,"9":1,"10":1},"f":{},"b":{}}
,"D:\\backup-dell-latitude\\Desktop\\projects\\kulineran-yuk\\server\\src\\api\\v1\\location\\district\\controller.ts": {"path":"D:\\backup-dell-latitude\\Desktop\\projects\\kulineran-yuk\\server\\src\\api\\v1\\location\\district\\controller.ts","statementMap":{"0":{"start":{"line":2,"column":0},"end":{"line":2,"column":48}},"1":{"start":{"line":3,"column":0},"end":{"line":3,"column":78}},"2":{"start":{"line":4,"column":0},"end":{"line":4,"column":62}},"3":{"start":{"line":6,"column":30},"end":{"line":21,"column":2}},"4":{"start":{"line":10,"column":19},"end":{"line":21,"column":2}},"5":{"start":{"line":11,"column":2},"end":{"line":20,"column":null}},"6":{"start":{"line":12,"column":19},"end":{"line":12,"column":41}},"7":{"start":{"line":13,"column":4},"end":{"line":17,"column":8}},"8":{"start":{"line":19,"column":4},"end":{"line":19,"column":16}},"9":{"start":{"line":23,"column":9},"end":{"line":23,"column":30}}},"fnMap":{"0":{"name":"(anonymous_7)","decl":{"start":{"line":6,"column":30},"end":{"line":6,"column":null}},"loc":{"start":{"line":10,"column":19},"end":{"line":21,"column":2}}},"1":{"name":"(anonymous_8)","decl":{"start":{"line":10,"column":19},"end":{"line":10,"column":null}},"loc":{"start":{"line":10,"column":19},"end":{"line":21,"column":1}}}},"branchMap":{},"s":{"0":1,"1":1,"2":1,"3":1,"4":0,"5":0,"6":0,"7":0,"8":0,"9":1},"f":{"0":0,"1":0},"b":{}}
,"D:\\backup-dell-latitude\\Desktop\\projects\\kulineran-yuk\\server\\src\\api\\v1\\location\\district\\route.ts": {"path":"D:\\backup-dell-latitude\\Desktop\\projects\\kulineran-yuk\\server\\src\\api\\v1\\location\\district\\route.ts","statementMap":{"0":{"start":{"line":1,"column":0},"end":{"line":1,"column":33}},"1":{"start":{"line":2,"column":0},"end":{"line":2,"column":53}},"2":{"start":{"line":5,"column":31},"end":{"line":5,"column":39}},"3":{"start":{"line":7,"column":0},"end":{"line":7,"column":55}},"4":{"start":{"line":9,"column":0},"end":{"line":9,"column":38}}},"fnMap":{},"branchMap":{},"s":{"0":1,"1":1,"2":1,"3":1,"4":1},"f":{},"b":{}}
,"D:\\backup-dell-latitude\\Desktop\\projects\\kulineran-yuk\\server\\src\\api\\v1\\location\\province\\controller.ts": {"path":"D:\\backup-dell-latitude\\Desktop\\projects\\kulineran-yuk\\server\\src\\api\\v1\\location\\province\\controller.ts","statementMap":{"0":{"start":{"line":2,"column":0},"end":{"line":2,"column":82}},"1":{"start":{"line":3,"column":0},"end":{"line":3,"column":48}},"2":{"start":{"line":4,"column":0},"end":{"line":4,"column":62}},"3":{"start":{"line":6,"column":30},"end":{"line":22,"column":2}},"4":{"start":{"line":10,"column":19},"end":{"line":22,"column":2}},"5":{"start":{"line":11,"column":2},"end":{"line":21,"column":null}},"6":{"start":{"line":12,"column":19},"end":{"line":12,"column":42}},"7":{"start":{"line":14,"column":4},"end":{"line":18,"column":8}},"8":{"start":{"line":20,"column":4},"end":{"line":20,"column":null}},"9":{"start":{"line":24,"column":9},"end":{"line":24,"column":30}}},"fnMap":{"0":{"name":"(anonymous_7)","decl":{"start":{"line":6,"column":30},"end":{"line":6,"column":null}},"loc":{"start":{"line":10,"column":19},"end":{"line":22,"column":2}}},"1":{"name":"(anonymous_8)","decl":{"start":{"line":10,"column":19},"end":{"line":10,"column":null}},"loc":{"start":{"line":10,"column":19},"end":{"line":22,"column":1}}}},"branchMap":{},"s":{"0":1,"1":1,"2":1,"3":1,"4":0,"5":0,"6":0,"7":0,"8":0,"9":1},"f":{"0":0,"1":0},"b":{}}
,"D:\\backup-dell-latitude\\Desktop\\projects\\kulineran-yuk\\server\\src\\api\\v1\\location\\province\\route.ts": {"path":"D:\\backup-dell-latitude\\Desktop\\projects\\kulineran-yuk\\server\\src\\api\\v1\\location\\province\\route.ts","statementMap":{"0":{"start":{"line":1,"column":0},"end":{"line":1,"column":33}},"1":{"start":{"line":2,"column":0},"end":{"line":2,"column":53}},"2":{"start":{"line":5,"column":31},"end":{"line":5,"column":39}},"3":{"start":{"line":7,"column":0},"end":{"line":7,"column":55}},"4":{"start":{"line":9,"column":0},"end":{"line":9,"column":38}}},"fnMap":{},"branchMap":{},"s":{"0":1,"1":1,"2":1,"3":1,"4":1},"f":{},"b":{}}
,"D:\\backup-dell-latitude\\Desktop\\projects\\kulineran-yuk\\server\\src\\api\\v1\\location\\regency\\controller.ts": {"path":"D:\\backup-dell-latitude\\Desktop\\projects\\kulineran-yuk\\server\\src\\api\\v1\\location\\regency\\controller.ts","statementMap":{"0":{"start":{"line":2,"column":0},"end":{"line":2,"column":48}},"1":{"start":{"line":3,"column":0},"end":{"line":3,"column":76}},"2":{"start":{"line":4,"column":0},"end":{"line":4,"column":62}},"3":{"start":{"line":6,"column":29},"end":{"line":21,"column":2}},"4":{"start":{"line":10,"column":19},"end":{"line":21,"column":2}},"5":{"start":{"line":11,"column":2},"end":{"line":20,"column":null}},"6":{"start":{"line":12,"column":19},"end":{"line":12,"column":40}},"7":{"start":{"line":13,"column":4},"end":{"line":17,"column":8}},"8":{"start":{"line":19,"column":4},"end":{"line":19,"column":null}},"9":{"start":{"line":23,"column":9},"end":{"line":23,"column":29}}},"fnMap":{"0":{"name":"(anonymous_7)","decl":{"start":{"line":6,"column":29},"end":{"line":6,"column":null}},"loc":{"start":{"line":10,"column":19},"end":{"line":21,"column":2}}},"1":{"name":"(anonymous_8)","decl":{"start":{"line":10,"column":19},"end":{"line":10,"column":null}},"loc":{"start":{"line":10,"column":19},"end":{"line":21,"column":1}}}},"branchMap":{},"s":{"0":1,"1":1,"2":1,"3":1,"4":0,"5":0,"6":0,"7":0,"8":0,"9":1},"f":{"0":0,"1":0},"b":{}}
,"D:\\backup-dell-latitude\\Desktop\\projects\\kulineran-yuk\\server\\src\\api\\v1\\location\\regency\\route.ts": {"path":"D:\\backup-dell-latitude\\Desktop\\projects\\kulineran-yuk\\server\\src\\api\\v1\\location\\regency\\route.ts","statementMap":{"0":{"start":{"line":1,"column":0},"end":{"line":1,"column":33}},"1":{"start":{"line":2,"column":0},"end":{"line":2,"column":52}},"2":{"start":{"line":5,"column":30},"end":{"line":5,"column":38}},"3":{"start":{"line":7,"column":0},"end":{"line":7,"column":53}},"4":{"start":{"line":9,"column":0},"end":{"line":9,"column":37}}},"fnMap":{},"branchMap":{},"s":{"0":1,"1":1,"2":1,"3":1,"4":1},"f":{},"b":{}}
,"D:\\backup-dell-latitude\\Desktop\\projects\\kulineran-yuk\\server\\src\\api\\v1\\location\\village\\controller.ts": {"path":"D:\\backup-dell-latitude\\Desktop\\projects\\kulineran-yuk\\server\\src\\api\\v1\\location\\village\\controller.ts","statementMap":{"0":{"start":{"line":2,"column":0},"end":{"line":2,"column":48}},"1":{"start":{"line":3,"column":0},"end":{"line":3,"column":76}},"2":{"start":{"line":4,"column":0},"end":{"line":4,"column":62}},"3":{"start":{"line":6,"column":29},"end":{"line":21,"column":2}},"4":{"start":{"line":10,"column":19},"end":{"line":21,"column":2}},"5":{"start":{"line":11,"column":2},"end":{"line":20,"column":null}},"6":{"start":{"line":12,"column":19},"end":{"line":12,"column":40}},"7":{"start":{"line":13,"column":4},"end":{"line":17,"column":8}},"8":{"start":{"line":19,"column":4},"end":{"line":19,"column":null}},"9":{"start":{"line":23,"column":9},"end":{"line":23,"column":29}}},"fnMap":{"0":{"name":"(anonymous_7)","decl":{"start":{"line":6,"column":29},"end":{"line":6,"column":null}},"loc":{"start":{"line":10,"column":19},"end":{"line":21,"column":2}}},"1":{"name":"(anonymous_8)","decl":{"start":{"line":10,"column":19},"end":{"line":10,"column":null}},"loc":{"start":{"line":10,"column":19},"end":{"line":21,"column":1}}}},"branchMap":{},"s":{"0":1,"1":1,"2":1,"3":1,"4":0,"5":0,"6":0,"7":0,"8":0,"9":1},"f":{"0":0,"1":0},"b":{}}
,"D:\\backup-dell-latitude\\Desktop\\projects\\kulineran-yuk\\server\\src\\api\\v1\\location\\village\\route.ts": {"path":"D:\\backup-dell-latitude\\Desktop\\projects\\kulineran-yuk\\server\\src\\api\\v1\\location\\village\\route.ts","statementMap":{"0":{"start":{"line":1,"column":0},"end":{"line":1,"column":33}},"1":{"start":{"line":2,"column":0},"end":{"line":2,"column":52}},"2":{"start":{"line":5,"column":30},"end":{"line":5,"column":38}},"3":{"start":{"line":7,"column":0},"end":{"line":7,"column":53}},"4":{"start":{"line":9,"column":0},"end":{"line":9,"column":37}}},"fnMap":{},"branchMap":{},"s":{"0":1,"1":1,"2":1,"3":1,"4":1},"f":{},"b":{}}
,"D:\\backup-dell-latitude\\Desktop\\projects\\kulineran-yuk\\server\\src\\api\\v1\\resto\\route.ts": {"path":"D:\\backup-dell-latitude\\Desktop\\projects\\kulineran-yuk\\server\\src\\api\\v1\\resto\\route.ts","statementMap":{"0":{"start":{"line":1,"column":0},"end":{"line":1,"column":33}},"1":{"start":{"line":2,"column":0},"end":{"line":2,"column":43}},"2":{"start":{"line":3,"column":0},"end":{"line":3,"column":49}},"3":{"start":{"line":4,"column":0},"end":{"line":4,"column":49}},"4":{"start":{"line":5,"column":0},"end":{"line":5,"column":44}},"5":{"start":{"line":8,"column":20},"end":{"line":8,"column":28}},"6":{"start":{"line":10,"column":0},"end":{"line":10,"column":42}},"7":{"start":{"line":11,"column":0},"end":{"line":11,"column":48}},"8":{"start":{"line":12,"column":0},"end":{"line":12,"column":48}},"9":{"start":{"line":13,"column":0},"end":{"line":13,"column":44}},"10":{"start":{"line":15,"column":0},"end":{"line":15,"column":27}}},"fnMap":{},"branchMap":{},"s":{"0":1,"1":1,"2":1,"3":1,"4":1,"5":1,"6":1,"7":1,"8":1,"9":1,"10":1},"f":{},"b":{}}
,"D:\\backup-dell-latitude\\Desktop\\projects\\kulineran-yuk\\server\\src\\api\\v1\\resto\\account\\controller.ts": {"path":"D:\\backup-dell-latitude\\Desktop\\projects\\kulineran-yuk\\server\\src\\api\\v1\\resto\\account\\controller.ts","statementMap":{"0":{"start":{"line":2,"column":0},"end":{"line":2,"column":48}},"1":{"start":{"line":3,"column":0},"end":{"line":3,"column":62}},"2":{"start":{"line":4,"column":0},"end":{"line":4,"column":null}},"3":{"start":{"line":12,"column":51},"end":{"line":25,"column":2}},"4":{"start":{"line":16,"column":4},"end":{"line":25,"column":2}},"5":{"start":{"line":17,"column":2},"end":{"line":24,"column":null}},"6":{"start":{"line":18,"column":4},"end":{"line":18,"column":48}},"7":{"start":{"line":19,"column":4},"end":{"line":21,"column":93}},"8":{"start":{"line":23,"column":4},"end":{"line":23,"column":16}},"9":{"start":{"line":88,"column":2},"end":{"line":88,"column":44}},"10":{"start":{"line":27,"column":44},"end":{"line":40,"column":2}},"11":{"start":{"line":31,"column":4},"end":{"line":40,"column":2}},"12":{"start":{"line":32,"column":2},"end":{"line":39,"column":null}},"13":{"start":{"line":33,"column":4},"end":{"line":33,"column":41}},"14":{"start":{"line":34,"column":4},"end":{"line":36,"column":98}},"15":{"start":{"line":38,"column":4},"end":{"line":38,"column":16}},"16":{"start":{"line":89,"column":2},"end":{"line":89,"column":37}},"17":{"start":{"line":42,"column":45},"end":{"line":55,"column":2}},"18":{"start":{"line":46,"column":4},"end":{"line":55,"column":2}},"19":{"start":{"line":47,"column":2},"end":{"line":54,"column":null}},"20":{"start":{"line":48,"column":4},"end":{"line":48,"column":42}},"21":{"start":{"line":49,"column":4},"end":{"line":51,"column":88}},"22":{"start":{"line":53,"column":4},"end":{"line":53,"column":16}},"23":{"start":{"line":90,"column":2},"end":{"line":90,"column":38}},"24":{"start":{"line":57,"column":40},"end":{"line":70,"column":2}},"25":{"start":{"line":61,"column":4},"end":{"line":70,"column":2}},"26":{"start":{"line":62,"column":2},"end":{"line":69,"column":null}},"27":{"start":{"line":63,"column":4},"end":{"line":63,"column":37}},"28":{"start":{"line":64,"column":4},"end":{"line":66,"column":110}},"29":{"start":{"line":68,"column":4},"end":{"line":68,"column":16}},"30":{"start":{"line":91,"column":2},"end":{"line":91,"column":33}},"31":{"start":{"line":72,"column":52},"end":{"line":85,"column":2}},"32":{"start":{"line":76,"column":4},"end":{"line":85,"column":2}},"33":{"start":{"line":77,"column":2},"end":{"line":84,"column":null}},"34":{"start":{"line":78,"column":4},"end":{"line":78,"column":49}},"35":{"start":{"line":79,"column":4},"end":{"line":81,"column":100}},"36":{"start":{"line":83,"column":4},"end":{"line":83,"column":16}},"37":{"start":{"line":92,"column":2},"end":{"line":92,"column":45}}},"fnMap":{"0":{"name":"(anonymous_7)","decl":{"start":{"line":12,"column":51},"end":{"line":12,"column":null}},"loc":{"start":{"line":16,"column":4},"end":{"line":25,"column":2}}},"1":{"name":"(anonymous_8)","decl":{"start":{"line":16,"column":4},"end":{"line":16,"column":null}},"loc":{"start":{"line":16,"column":4},"end":{"line":25,"column":1}}},"2":{"name":"(anonymous_9)","decl":{"start":{"line":27,"column":44},"end":{"line":27,"column":null}},"loc":{"start":{"line":31,"column":4},"end":{"line":40,"column":2}}},"3":{"name":"(anonymous_10)","decl":{"start":{"line":31,"column":4},"end":{"line":31,"column":null}},"loc":{"start":{"line":31,"column":4},"end":{"line":40,"column":1}}},"4":{"name":"(anonymous_11)","decl":{"start":{"line":42,"column":45},"end":{"line":42,"column":null}},"loc":{"start":{"line":46,"column":4},"end":{"line":55,"column":2}}},"5":{"name":"(anonymous_12)","decl":{"start":{"line":46,"column":4},"end":{"line":46,"column":null}},"loc":{"start":{"line":46,"column":4},"end":{"line":55,"column":1}}},"6":{"name":"(anonymous_13)","decl":{"start":{"line":57,"column":40},"end":{"line":57,"column":null}},"loc":{"start":{"line":61,"column":4},"end":{"line":70,"column":2}}},"7":{"name":"(anonymous_14)","decl":{"start":{"line":61,"column":4},"end":{"line":61,"column":null}},"loc":{"start":{"line":61,"column":4},"end":{"line":70,"column":1}}},"8":{"name":"(anonymous_15)","decl":{"start":{"line":72,"column":52},"end":{"line":72,"column":null}},"loc":{"start":{"line":76,"column":4},"end":{"line":85,"column":2}}},"9":{"name":"(anonymous_16)","decl":{"start":{"line":76,"column":4},"end":{"line":76,"column":null}},"loc":{"start":{"line":76,"column":4},"end":{"line":85,"column":1}}}},"branchMap":{},"s":{"0":1,"1":1,"2":1,"3":1,"4":0,"5":0,"6":0,"7":0,"8":0,"9":1,"10":1,"11":0,"12":0,"13":0,"14":0,"15":0,"16":1,"17":1,"18":0,"19":0,"20":0,"21":0,"22":0,"23":1,"24":1,"25":0,"26":0,"27":0,"28":0,"29":0,"30":1,"31":1,"32":0,"33":0,"34":0,"35":0,"36":0,"37":1},"f":{"0":0,"1":0,"2":0,"3":0,"4":0,"5":0,"6":0,"7":0,"8":0,"9":0},"b":{}}
,"D:\\backup-dell-latitude\\Desktop\\projects\\kulineran-yuk\\server\\src\\api\\v1\\resto\\account\\route.ts": {"path":"D:\\backup-dell-latitude\\Desktop\\projects\\kulineran-yuk\\server\\src\\api\\v1\\resto\\account\\route.ts","statementMap":{"0":{"start":{"line":1,"column":0},"end":{"line":1,"column":33}},"1":{"start":{"line":2,"column":0},"end":{"line":2,"column":null}},"2":{"start":{"line":9,"column":27},"end":{"line":9,"column":35}},"3":{"start":{"line":12,"column":0},"end":{"line":12,"column":85}},"4":{"start":{"line":13,"column":0},"end":{"line":13,"column":91}},"5":{"start":{"line":14,"column":0},"end":{"line":14,"column":80}},"6":{"start":{"line":15,"column":0},"end":{"line":15,"column":80}},"7":{"start":{"line":16,"column":0},"end":{"line":16,"column":57}},"8":{"start":{"line":18,"column":0},"end":{"line":18,"column":34}}},"fnMap":{"0":{"name":"(anonymous_0)","decl":{"start":{"line":16,"column":47},"end":{"line":16,"column":50}},"loc":{"start":{"line":16,"column":52},"end":{"line":16,"column":55}}}},"branchMap":{},"s":{"0":1,"1":1,"2":1,"3":1,"4":1,"5":1,"6":1,"7":1,"8":1},"f":{"0":0},"b":{}}
,"D:\\backup-dell-latitude\\Desktop\\projects\\kulineran-yuk\\server\\src\\api\\v1\\resto\\auth\\controller.ts": {"path":"D:\\backup-dell-latitude\\Desktop\\projects\\kulineran-yuk\\server\\src\\api\\v1\\resto\\auth\\controller.ts","statementMap":{"0":{"start":{"line":2,"column":0},"end":{"line":2,"column":48}},"1":{"start":{"line":4,"column":0},"end":{"line":4,"column":82}},"2":{"start":{"line":5,"column":0},"end":{"line":5,"column":62}},"3":{"start":{"line":7,"column":0},"end":{"line":7,"column":78}},"4":{"start":{"line":9,"column":29},"end":{"line":24,"column":2}},"5":{"start":{"line":13,"column":19},"end":{"line":24,"column":2}},"6":{"start":{"line":14,"column":2},"end":{"line":23,"column":null}},"7":{"start":{"line":15,"column":19},"end":{"line":15,"column":62}},"8":{"start":{"line":16,"column":4},"end":{"line":20,"column":10}},"9":{"start":{"line":22,"column":4},"end":{"line":22,"column":16}},"10":{"start":{"line":61,"column":2},"end":{"line":61,"column":22}},"11":{"start":{"line":26,"column":29},"end":{"line":42,"column":2}},"12":{"start":{"line":30,"column":4},"end":{"line":42,"column":2}},"13":{"start":{"line":31,"column":2},"end":{"line":41,"column":null}},"14":{"start":{"line":32,"column":19},"end":{"line":32,"column":55}},"15":{"start":{"line":33,"column":4},"end":{"line":33,"column":46}},"16":{"start":{"line":34,"column":4},"end":{"line":38,"column":10}},"17":{"start":{"line":40,"column":4},"end":{"line":40,"column":16}},"18":{"start":{"line":62,"column":2},"end":{"line":62,"column":22}},"19":{"start":{"line":44,"column":32},"end":{"line":58,"column":null}},"20":{"start":{"line":48,"column":4},"end":{"line":58,"column":null}},"21":{"start":{"line":49,"column":2},"end":{"line":57,"column":null}},"22":{"start":{"line":50,"column":17},"end":{"line":50,"column":40}},"23":{"start":{"line":51,"column":4},"end":{"line":51,"column":44}},"24":{"start":{"line":52,"column":4},"end":{"line":54,"column":8}},"25":{"start":{"line":56,"column":4},"end":{"line":56,"column":16}},"26":{"start":{"line":63,"column":2},"end":{"line":63,"column":25}}},"fnMap":{"0":{"name":"(anonymous_7)","decl":{"start":{"line":9,"column":29},"end":{"line":9,"column":null}},"loc":{"start":{"line":13,"column":19},"end":{"line":24,"column":2}}},"1":{"name":"(anonymous_8)","decl":{"start":{"line":13,"column":19},"end":{"line":13,"column":null}},"loc":{"start":{"line":13,"column":19},"end":{"line":24,"column":1}}},"2":{"name":"(anonymous_9)","decl":{"start":{"line":26,"column":29},"end":{"line":26,"column":null}},"loc":{"start":{"line":30,"column":4},"end":{"line":42,"column":2}}},"3":{"name":"(anonymous_10)","decl":{"start":{"line":30,"column":4},"end":{"line":30,"column":null}},"loc":{"start":{"line":30,"column":4},"end":{"line":42,"column":1}}},"4":{"name":"(anonymous_11)","decl":{"start":{"line":44,"column":32},"end":{"line":44,"column":null}},"loc":{"start":{"line":48,"column":4},"end":{"line":58,"column":null}}},"5":{"name":"(anonymous_12)","decl":{"start":{"line":48,"column":4},"end":{"line":48,"column":null}},"loc":{"start":{"line":48,"column":4},"end":{"line":58,"column":1}}}},"branchMap":{},"s":{"0":1,"1":1,"2":1,"3":1,"4":1,"5":2,"6":2,"7":2,"8":2,"9":0,"10":1,"11":1,"12":1,"13":1,"14":1,"15":1,"16":1,"17":0,"18":1,"19":1,"20":0,"21":0,"22":0,"23":0,"24":0,"25":0,"26":1},"f":{"0":2,"1":2,"2":1,"3":1,"4":0,"5":0},"b":{}}
,"D:\\backup-dell-latitude\\Desktop\\projects\\kulineran-yuk\\server\\src\\api\\v1\\resto\\auth\\route.ts": {"path":"D:\\backup-dell-latitude\\Desktop\\projects\\kulineran-yuk\\server\\src\\api\\v1\\resto\\auth\\route.ts","statementMap":{"0":{"start":{"line":1,"column":0},"end":{"line":1,"column":33}},"1":{"start":{"line":2,"column":0},"end":{"line":2,"column":99}},"2":{"start":{"line":3,"column":0},"end":{"line":3,"column":32}},"3":{"start":{"line":4,"column":0},"end":{"line":4,"column":84}},"4":{"start":{"line":6,"column":0},"end":{"line":6,"column":30}},"5":{"start":{"line":8,"column":24},"end":{"line":8,"column":32}},"6":{"start":{"line":10,"column":0},"end":{"line":10,"column":54}},"7":{"start":{"line":11,"column":0},"end":{"line":11,"column":104}},"8":{"start":{"line":12,"column":0},"end":{"line":15,"column":2}},"9":{"start":{"line":16,"column":0},"end":{"line":16,"column":54}},"10":{"start":{"line":17,"column":0},"end":{"line":17,"column":104}},"11":{"start":{"line":19,"column":0},"end":{"line":19,"column":31}}},"fnMap":{},"branchMap":{},"s":{"0":1,"1":1,"2":1,"3":1,"4":1,"5":1,"6":1,"7":1,"8":1,"9":1,"10":1,"11":1},"f":{},"b":{}}
,"D:\\backup-dell-latitude\\Desktop\\projects\\kulineran-yuk\\server\\src\\api\\v1\\resto\\menu\\controller.ts": {"path":"D:\\backup-dell-latitude\\Desktop\\projects\\kulineran-yuk\\server\\src\\api\\v1\\resto\\menu\\controller.ts","statementMap":{"0":{"start":{"line":2,"column":0},"end":{"line":2,"column":62}},"1":{"start":{"line":3,"column":0},"end":{"line":3,"column":48}},"2":{"start":{"line":5,"column":0},"end":{"line":5,"column":null}},"3":{"start":{"line":21,"column":32},"end":{"line":34,"column":2}},"4":{"start":{"line":25,"column":4},"end":{"line":34,"column":2}},"5":{"start":{"line":26,"column":2},"end":{"line":33,"column":null}},"6":{"start":{"line":27,"column":19},"end":{"line":27,"column":43}},"7":{"start":{"line":28,"column":4},"end":{"line":30,"column":74}},"8":{"start":{"line":32,"column":4},"end":{"line":32,"column":16}},"9":{"start":{"line":168,"column":2},"end":{"line":168,"column":25}},"10":{"start":{"line":36,"column":32},"end":{"line":49,"column":2}},"11":{"start":{"line":40,"column":4},"end":{"line":49,"column":2}},"12":{"start":{"line":41,"column":2},"end":{"line":48,"column":null}},"13":{"start":{"line":42,"column":19},"end":{"line":42,"column":62}},"14":{"start":{"line":43,"column":4},"end":{"line":45,"column":88}},"15":{"start":{"line":47,"column":4},"end":{"line":47,"column":16}},"16":{"start":{"line":167,"column":2},"end":{"line":167,"column":25}},"17":{"start":{"line":51,"column":32},"end":{"line":64,"column":2}},"18":{"start":{"line":55,"column":4},"end":{"line":64,"column":2}},"19":{"start":{"line":56,"column":2},"end":{"line":63,"column":null}},"20":{"start":{"line":57,"column":19},"end":{"line":57,"column":62}},"21":{"start":{"line":58,"column":4},"end":{"line":60,"column":null}},"22":{"start":{"line":62,"column":4},"end":{"line":62,"column":16}},"23":{"start":{"line":169,"column":2},"end":{"line":169,"column":25}},"24":{"start":{"line":66,"column":32},"end":{"line":79,"column":2}},"25":{"start":{"line":70,"column":4},"end":{"line":79,"column":2}},"26":{"start":{"line":71,"column":2},"end":{"line":78,"column":null}},"27":{"start":{"line":72,"column":19},"end":{"line":72,"column":62}},"28":{"start":{"line":73,"column":4},"end":{"line":75,"column":88}},"29":{"start":{"line":77,"column":4},"end":{"line":77,"column":16}},"30":{"start":{"line":170,"column":2},"end":{"line":170,"column":25}},"31":{"start":{"line":81,"column":39},"end":{"line":99,"column":2}},"32":{"start":{"line":85,"column":4},"end":{"line":99,"column":2}},"33":{"start":{"line":86,"column":2},"end":{"line":98,"column":null}},"34":{"start":{"line":87,"column":19},"end":{"line":87,"column":75}},"35":{"start":{"line":89,"column":4},"end":{"line":95,"column":10}},"36":{"start":{"line":97,"column":4},"end":{"line":97,"column":16}},"37":{"start":{"line":172,"column":2},"end":{"line":172,"column":32}},"38":{"start":{"line":101,"column":39},"end":{"line":115,"column":2}},"39":{"start":{"line":105,"column":4},"end":{"line":115,"column":2}},"40":{"start":{"line":106,"column":2},"end":{"line":114,"column":null}},"41":{"start":{"line":107,"column":19},"end":{"line":107,"column":44}},"42":{"start":{"line":109,"column":4},"end":{"line":111,"column":86}},"43":{"start":{"line":113,"column":4},"end":{"line":113,"column":16}},"44":{"start":{"line":171,"column":2},"end":{"line":171,"column":32}},"45":{"start":{"line":117,"column":42},"end":{"line":130,"column":2}},"46":{"start":{"line":121,"column":4},"end":{"line":130,"column":2}},"47":{"start":{"line":122,"column":2},"end":{"line":129,"column":null}},"48":{"start":{"line":123,"column":19},"end":{"line":123,"column":82}},"49":{"start":{"line":124,"column":4},"end":{"line":126,"column":72}},"50":{"start":{"line":128,"column":4},"end":{"line":128,"column":16}},"51":{"start":{"line":173,"column":2},"end":{"line":173,"column":35}},"52":{"start":{"line":132,"column":39},"end":{"line":147,"column":2}},"53":{"start":{"line":136,"column":4},"end":{"line":147,"column":2}},"54":{"start":{"line":137,"column":2},"end":{"line":146,"column":null}},"55":{"start":{"line":138,"column":19},"end":{"line":138,"column":66}},"56":{"start":{"line":139,"column":4},"end":{"line":143,"column":10}},"57":{"start":{"line":145,"column":4},"end":{"line":145,"column":16}},"58":{"start":{"line":174,"column":2},"end":{"line":174,"column":32}},"59":{"start":{"line":149,"column":39},"end":{"line":164,"column":2}},"60":{"start":{"line":153,"column":4},"end":{"line":164,"column":2}},"61":{"start":{"line":154,"column":2},"end":{"line":163,"column":null}},"62":{"start":{"line":155,"column":19},"end":{"line":155,"column":66}},"63":{"start":{"line":156,"column":4},"end":{"line":160,"column":10}},"64":{"start":{"line":162,"column":4},"end":{"line":162,"column":16}},"65":{"start":{"line":175,"column":2},"end":{"line":175,"column":32}}},"fnMap":{"0":{"name":"(anonymous_7)","decl":{"start":{"line":21,"column":32},"end":{"line":21,"column":null}},"loc":{"start":{"line":25,"column":4},"end":{"line":34,"column":2}}},"1":{"name":"(anonymous_8)","decl":{"start":{"line":25,"column":4},"end":{"line":25,"column":null}},"loc":{"start":{"line":25,"column":4},"end":{"line":34,"column":1}}},"2":{"name":"(anonymous_9)","decl":{"start":{"line":36,"column":32},"end":{"line":36,"column":null}},"loc":{"start":{"line":40,"column":4},"end":{"line":49,"column":2}}},"3":{"name":"(anonymous_10)","decl":{"start":{"line":40,"column":4},"end":{"line":40,"column":null}},"loc":{"start":{"line":40,"column":4},"end":{"line":49,"column":1}}},"4":{"name":"(anonymous_11)","decl":{"start":{"line":51,"column":32},"end":{"line":51,"column":null}},"loc":{"start":{"line":55,"column":4},"end":{"line":64,"column":2}}},"5":{"name":"(anonymous_12)","decl":{"start":{"line":55,"column":4},"end":{"line":55,"column":null}},"loc":{"start":{"line":55,"column":4},"end":{"line":64,"column":1}}},"6":{"name":"(anonymous_13)","decl":{"start":{"line":66,"column":32},"end":{"line":66,"column":null}},"loc":{"start":{"line":70,"column":4},"end":{"line":79,"column":2}}},"7":{"name":"(anonymous_14)","decl":{"start":{"line":70,"column":4},"end":{"line":70,"column":null}},"loc":{"start":{"line":70,"column":4},"end":{"line":79,"column":1}}},"8":{"name":"(anonymous_15)","decl":{"start":{"line":81,"column":39},"end":{"line":81,"column":null}},"loc":{"start":{"line":85,"column":4},"end":{"line":99,"column":2}}},"9":{"name":"(anonymous_16)","decl":{"start":{"line":85,"column":4},"end":{"line":85,"column":null}},"loc":{"start":{"line":85,"column":4},"end":{"line":99,"column":1}}},"10":{"name":"(anonymous_17)","decl":{"start":{"line":101,"column":39},"end":{"line":101,"column":null}},"loc":{"start":{"line":105,"column":4},"end":{"line":115,"column":2}}},"11":{"name":"(anonymous_18)","decl":{"start":{"line":105,"column":4},"end":{"line":105,"column":null}},"loc":{"start":{"line":105,"column":4},"end":{"line":115,"column":1}}},"12":{"name":"(anonymous_19)","decl":{"start":{"line":117,"column":42},"end":{"line":117,"column":null}},"loc":{"start":{"line":121,"column":4},"end":{"line":130,"column":2}}},"13":{"name":"(anonymous_20)","decl":{"start":{"line":121,"column":4},"end":{"line":121,"column":null}},"loc":{"start":{"line":121,"column":4},"end":{"line":130,"column":1}}},"14":{"name":"(anonymous_21)","decl":{"start":{"line":132,"column":39},"end":{"line":132,"column":null}},"loc":{"start":{"line":136,"column":4},"end":{"line":147,"column":2}}},"15":{"name":"(anonymous_22)","decl":{"start":{"line":136,"column":4},"end":{"line":136,"column":null}},"loc":{"start":{"line":136,"column":4},"end":{"line":147,"column":1}}},"16":{"name":"(anonymous_23)","decl":{"start":{"line":149,"column":39},"end":{"line":149,"column":null}},"loc":{"start":{"line":153,"column":4},"end":{"line":164,"column":2}}},"17":{"name":"(anonymous_24)","decl":{"start":{"line":153,"column":4},"end":{"line":153,"column":null}},"loc":{"start":{"line":153,"column":4},"end":{"line":164,"column":1}}}},"branchMap":{},"s":{"0":1,"1":1,"2":1,"3":1,"4":0,"5":0,"6":0,"7":0,"8":0,"9":1,"10":1,"11":0,"12":0,"13":0,"14":0,"15":0,"16":1,"17":1,"18":0,"19":0,"20":0,"21":0,"22":0,"23":1,"24":1,"25":0,"26":0,"27":0,"28":0,"29":0,"30":1,"31":1,"32":0,"33":0,"34":0,"35":0,"36":0,"37":1,"38":1,"39":0,"40":0,"41":0,"42":0,"43":0,"44":1,"45":1,"46":0,"47":0,"48":0,"49":0,"50":0,"51":1,"52":1,"53":0,"54":0,"55":0,"56":0,"57":0,"58":1,"59":1,"60":0,"61":0,"62":0,"63":0,"64":0,"65":1},"f":{"0":0,"1":0,"2":0,"3":0,"4":0,"5":0,"6":0,"7":0,"8":0,"9":0,"10":0,"11":0,"12":0,"13":0,"14":0,"15":0,"16":0,"17":0},"b":{}}
,"D:\\backup-dell-latitude\\Desktop\\projects\\kulineran-yuk\\server\\src\\api\\v1\\resto\\menu\\route.ts": {"path":"D:\\backup-dell-latitude\\Desktop\\projects\\kulineran-yuk\\server\\src\\api\\v1\\resto\\menu\\route.ts","statementMap":{"0":{"start":{"line":1,"column":0},"end":{"line":1,"column":33}},"1":{"start":{"line":2,"column":0},"end":{"line":2,"column":78}},"2":{"start":{"line":3,"column":0},"end":{"line":3,"column":81}},"3":{"start":{"line":4,"column":0},"end":{"line":4,"column":80}},"4":{"start":{"line":5,"column":0},"end":{"line":5,"column":261}},"5":{"start":{"line":8,"column":25},"end":{"line":8,"column":33}},"6":{"start":{"line":11,"column":0},"end":{"line":11,"column":98}},"7":{"start":{"line":13,"column":0},"end":{"line":13,"column":59}},"8":{"start":{"line":14,"column":0},"end":{"line":14,"column":58}},"9":{"start":{"line":15,"column":0},"end":{"line":15,"column":69}},"10":{"start":{"line":16,"column":0},"end":{"line":16,"column":72}},"11":{"start":{"line":18,"column":0},"end":{"line":18,"column":58}},"12":{"start":{"line":19,"column":0},"end":{"line":19,"column":59}},"13":{"start":{"line":20,"column":0},"end":{"line":20,"column":66}},"14":{"start":{"line":21,"column":0},"end":{"line":21,"column":58}},"15":{"start":{"line":22,"column":0},"end":{"line":22,"column":68}},"16":{"start":{"line":24,"column":0},"end":{"line":24,"column":32}}},"fnMap":{},"branchMap":{},"s":{"0":1,"1":1,"2":1,"3":1,"4":1,"5":1,"6":1,"7":1,"8":1,"9":1,"10":1,"11":1,"12":1,"13":1,"14":1,"15":1,"16":1},"f":{},"b":{}}
,"D:\\backup-dell-latitude\\Desktop\\projects\\kulineran-yuk\\server\\src\\api\\v1\\resto\\profile\\controller.ts": {"path":"D:\\backup-dell-latitude\\Desktop\\projects\\kulineran-yuk\\server\\src\\api\\v1\\resto\\profile\\controller.ts","statementMap":{"0":{"start":{"line":2,"column":0},"end":{"line":2,"column":62}},"1":{"start":{"line":3,"column":0},"end":{"line":3,"column":48}},"2":{"start":{"line":4,"column":0},"end":{"line":4,"column":null}},"3":{"start":{"line":12,"column":29},"end":{"line":26,"column":2}},"4":{"start":{"line":16,"column":19},"end":{"line":26,"column":2}},"5":{"start":{"line":17,"column":2},"end":{"line":25,"column":null}},"6":{"start":{"line":18,"column":19},"end":{"line":18,"column":64}},"7":{"start":{"line":20,"column":4},"end":{"line":22,"column":89}},"8":{"start":{"line":24,"column":4},"end":{"line":24,"column":16}},"9":{"start":{"line":82,"column":2},"end":{"line":82,"column":22}},"10":{"start":{"line":28,"column":32},"end":{"line":42,"column":2}},"11":{"start":{"line":32,"column":19},"end":{"line":42,"column":2}},"12":{"start":{"line":33,"column":2},"end":{"line":41,"column":null}},"13":{"start":{"line":34,"column":19},"end":{"line":34,"column":43}},"14":{"start":{"line":36,"column":4},"end":{"line":38,"column":103}},"15":{"start":{"line":40,"column":4},"end":{"line":40,"column":16}},"16":{"start":{"line":83,"column":2},"end":{"line":83,"column":25}},"17":{"start":{"line":44,"column":31},"end":{"line":58,"column":2}},"18":{"start":{"line":48,"column":4},"end":{"line":58,"column":2}},"19":{"start":{"line":49,"column":2},"end":{"line":57,"column":null}},"20":{"start":{"line":50,"column":19},"end":{"line":50,"column":42}},"21":{"start":{"line":52,"column":4},"end":{"line":54,"column":103}},"22":{"start":{"line":56,"column":4},"end":{"line":56,"column":16}},"23":{"start":{"line":84,"column":2},"end":{"line":84,"column":24}},"24":{"start":{"line":60,"column":44},"end":{"line":79,"column":2}},"25":{"start":{"line":64,"column":4},"end":{"line":79,"column":2}},"26":{"start":{"line":65,"column":2},"end":{"line":78,"column":null}},"27":{"start":{"line":66,"column":19},"end":{"line":66,"column":55}},"28":{"start":{"line":68,"column":4},"end":{"line":75,"column":8}},"29":{"start":{"line":77,"column":4},"end":{"line":77,"column":16}},"30":{"start":{"line":85,"column":2},"end":{"line":85,"column":37}}},"fnMap":{"0":{"name":"(anonymous_7)","decl":{"start":{"line":12,"column":29},"end":{"line":12,"column":null}},"loc":{"start":{"line":16,"column":19},"end":{"line":26,"column":2}}},"1":{"name":"(anonymous_8)","decl":{"start":{"line":16,"column":19},"end":{"line":16,"column":null}},"loc":{"start":{"line":16,"column":19},"end":{"line":26,"column":1}}},"2":{"name":"(anonymous_9)","decl":{"start":{"line":28,"column":32},"end":{"line":28,"column":null}},"loc":{"start":{"line":32,"column":19},"end":{"line":42,"column":2}}},"3":{"name":"(anonymous_10)","decl":{"start":{"line":32,"column":19},"end":{"line":32,"column":null}},"loc":{"start":{"line":32,"column":19},"end":{"line":42,"column":1}}},"4":{"name":"(anonymous_11)","decl":{"start":{"line":44,"column":31},"end":{"line":44,"column":null}},"loc":{"start":{"line":48,"column":4},"end":{"line":58,"column":2}}},"5":{"name":"(anonymous_12)","decl":{"start":{"line":48,"column":4},"end":{"line":48,"column":null}},"loc":{"start":{"line":48,"column":4},"end":{"line":58,"column":1}}},"6":{"name":"(anonymous_13)","decl":{"start":{"line":60,"column":44},"end":{"line":60,"column":null}},"loc":{"start":{"line":64,"column":4},"end":{"line":79,"column":2}}},"7":{"name":"(anonymous_14)","decl":{"start":{"line":64,"column":4},"end":{"line":64,"column":null}},"loc":{"start":{"line":64,"column":4},"end":{"line":79,"column":1}}}},"branchMap":{},"s":{"0":1,"1":1,"2":1,"3":1,"4":0,"5":0,"6":0,"7":0,"8":0,"9":1,"10":1,"11":0,"12":0,"13":0,"14":0,"15":0,"16":1,"17":1,"18":0,"19":0,"20":0,"21":0,"22":0,"23":1,"24":1,"25":0,"26":0,"27":0,"28":0,"29":0,"30":1},"f":{"0":0,"1":0,"2":0,"3":0,"4":0,"5":0,"6":0,"7":0},"b":{}}
,"D:\\backup-dell-latitude\\Desktop\\projects\\kulineran-yuk\\server\\src\\api\\v1\\resto\\profile\\route.ts": {"path":"D:\\backup-dell-latitude\\Desktop\\projects\\kulineran-yuk\\server\\src\\api\\v1\\resto\\profile\\route.ts","statementMap":{"0":{"start":{"line":1,"column":0},"end":{"line":1,"column":78}},"1":{"start":{"line":2,"column":0},"end":{"line":2,"column":81}},"2":{"start":{"line":3,"column":0},"end":{"line":3,"column":33}},"3":{"start":{"line":4,"column":0},"end":{"line":4,"column":80}},"4":{"start":{"line":5,"column":0},"end":{"line":5,"column":138}},"5":{"start":{"line":8,"column":27},"end":{"line":8,"column":35}},"6":{"start":{"line":10,"column":0},"end":{"line":15,"column":2}},"7":{"start":{"line":16,"column":0},"end":{"line":21,"column":2}},"8":{"start":{"line":22,"column":0},"end":{"line":26,"column":2}},"9":{"start":{"line":27,"column":0},"end":{"line":32,"column":2}},"10":{"start":{"line":34,"column":0},"end":{"line":34,"column":34}}},"fnMap":{},"branchMap":{},"s":{"0":1,"1":1,"2":1,"3":1,"4":1,"5":1,"6":1,"7":1,"8":1,"9":1,"10":1},"f":{},"b":{}}
,"D:\\backup-dell-latitude\\Desktop\\projects\\kulineran-yuk\\server\\src\\db\\index.ts": {"path":"D:\\backup-dell-latitude\\Desktop\\projects\\kulineran-yuk\\server\\src\\db\\index.ts","statementMap":{"0":{"start":{"line":1,"column":0},"end":{"line":1,"column":88}},"1":{"start":{"line":2,"column":0},"end":{"line":2,"column":31}},"2":{"start":{"line":4,"column":0},"end":{"line":4,"column":40}},"3":{"start":{"line":5,"column":11},"end":{"line":5,"column":29}},"4":{"start":{"line":7,"column":0},"end":{"line":7,"column":18}}},"fnMap":{},"branchMap":{},"s":{"0":3,"1":3,"2":3,"3":3,"4":3},"f":{},"b":{}}
,"D:\\backup-dell-latitude\\Desktop\\projects\\kulineran-yuk\\server\\src\\errors\\BadRequest.ts": {"path":"D:\\backup-dell-latitude\\Desktop\\projects\\kulineran-yuk\\server\\src\\errors\\BadRequest.ts","statementMap":{"0":{"start":{"line":1,"column":0},"end":{"line":1,"column":48}},"1":{"start":{"line":2,"column":0},"end":{"line":2,"column":46}},"2":{"start":{"line":7,"column":4},"end":{"line":7,"column":19}},"3":{"start":{"line":5,"column":2},"end":{"line":5,"column":39}},"4":{"start":{"line":9,"column":4},"end":{"line":9,"column":34}},"5":{"start":{"line":13,"column":0},"end":{"line":13,"column":26}}},"fnMap":{"0":{"name":"(anonymous_1)","decl":{"start":{"line":6,"column":2},"end":{"line":6,"column":14}},"loc":{"start":{"line":6,"column":29},"end":{"line":10,"column":3}}}},"branchMap":{},"s":{"0":12,"1":12,"2":22,"3":22,"4":22,"5":12},"f":{"0":22},"b":{}}
,"D:\\backup-dell-latitude\\Desktop\\projects\\kulineran-yuk\\server\\src\\errors\\Conflict.ts": {"path":"D:\\backup-dell-latitude\\Desktop\\projects\\kulineran-yuk\\server\\src\\errors\\Conflict.ts","statementMap":{"0":{"start":{"line":1,"column":0},"end":{"line":1,"column":48}},"1":{"start":{"line":2,"column":0},"end":{"line":2,"column":46}},"2":{"start":{"line":7,"column":4},"end":{"line":7,"column":19}},"3":{"start":{"line":5,"column":2},"end":{"line":5,"column":36}},"4":{"start":{"line":9,"column":4},"end":{"line":9,"column":32}},"5":{"start":{"line":13,"column":0},"end":{"line":13,"column":24}}},"fnMap":{"0":{"name":"(anonymous_1)","decl":{"start":{"line":6,"column":2},"end":{"line":6,"column":14}},"loc":{"start":{"line":6,"column":29},"end":{"line":10,"column":3}}}},"branchMap":{},"s":{"0":2,"1":2,"2":1,"3":1,"4":1,"5":2},"f":{"0":1},"b":{}}
,"D:\\backup-dell-latitude\\Desktop\\projects\\kulineran-yuk\\server\\src\\errors\\CustomAPIError.ts": {"path":"D:\\backup-dell-latitude\\Desktop\\projects\\kulineran-yuk\\server\\src\\errors\\CustomAPIError.ts","statementMap":{"0":{"start":{"line":7,"column":4},"end":{"line":7,"column":19}},"1":{"start":{"line":11,"column":0},"end":{"line":11,"column":30}}},"fnMap":{"0":{"name":"(anonymous_0)","decl":{"start":{"line":6,"column":2},"end":{"line":6,"column":14}},"loc":{"start":{"line":6,"column":29},"end":{"line":8,"column":3}}}},"branchMap":{},"s":{"0":51,"1":12},"f":{"0":51},"b":{}}
,"D:\\backup-dell-latitude\\Desktop\\projects\\kulineran-yuk\\server\\src\\errors\\InvalidToken.ts": {"path":"D:\\backup-dell-latitude\\Desktop\\projects\\kulineran-yuk\\server\\src\\errors\\InvalidToken.ts","statementMap":{"0":{"start":{"line":2,"column":0},"end":{"line":2,"column":46}},"1":{"start":{"line":7,"column":4},"end":{"line":7,"column":19}},"2":{"start":{"line":5,"column":2},"end":{"line":5,"column":19}},"3":{"start":{"line":9,"column":4},"end":{"line":9,"column":36}},"4":{"start":{"line":13,"column":0},"end":{"line":13,"column":28}}},"fnMap":{"0":{"name":"(anonymous_1)","decl":{"start":{"line":6,"column":2},"end":{"line":6,"column":14}},"loc":{"start":{"line":6,"column":29},"end":{"line":10,"column":3}}}},"branchMap":{},"s":{"0":2,"1":3,"2":3,"3":3,"4":2},"f":{"0":3},"b":{}}
,"D:\\backup-dell-latitude\\Desktop\\projects\\kulineran-yuk\\server\\src\\errors\\NotFound.ts": {"path":"D:\\backup-dell-latitude\\Desktop\\projects\\kulineran-yuk\\server\\src\\errors\\NotFound.ts","statementMap":{"0":{"start":{"line":1,"column":0},"end":{"line":1,"column":48}},"1":{"start":{"line":2,"column":0},"end":{"line":2,"column":46}},"2":{"start":{"line":7,"column":4},"end":{"line":7,"column":19}},"3":{"start":{"line":5,"column":2},"end":{"line":5,"column":37}},"4":{"start":{"line":9,"column":4},"end":{"line":9,"column":32}},"5":{"start":{"line":13,"column":0},"end":{"line":13,"column":24}}},"fnMap":{"0":{"name":"(anonymous_1)","decl":{"start":{"line":6,"column":2},"end":{"line":6,"column":14}},"loc":{"start":{"line":6,"column":29},"end":{"line":10,"column":3}}}},"branchMap":{},"s":{"0":12,"1":12,"2":14,"3":14,"4":14,"5":12},"f":{"0":14},"b":{}}
,"D:\\backup-dell-latitude\\Desktop\\projects\\kulineran-yuk\\server\\src\\errors\\Unauthenticated.ts": {"path":"D:\\backup-dell-latitude\\Desktop\\projects\\kulineran-yuk\\server\\src\\errors\\Unauthenticated.ts","statementMap":{"0":{"start":{"line":1,"column":0},"end":{"line":1,"column":48}},"1":{"start":{"line":2,"column":0},"end":{"line":2,"column":46}},"2":{"start":{"line":7,"column":4},"end":{"line":7,"column":19}},"3":{"start":{"line":5,"column":2},"end":{"line":5,"column":40}},"4":{"start":{"line":9,"column":4},"end":{"line":9,"column":39}},"5":{"start":{"line":13,"column":0},"end":{"line":13,"column":31}}},"fnMap":{"0":{"name":"(anonymous_1)","decl":{"start":{"line":6,"column":2},"end":{"line":6,"column":14}},"loc":{"start":{"line":6,"column":29},"end":{"line":10,"column":3}}}},"branchMap":{},"s":{"0":12,"1":12,"2":6,"3":6,"4":6,"5":12},"f":{"0":6},"b":{}}
,"D:\\backup-dell-latitude\\Desktop\\projects\\kulineran-yuk\\server\\src\\errors\\Unauthorized.ts": {"path":"D:\\backup-dell-latitude\\Desktop\\projects\\kulineran-yuk\\server\\src\\errors\\Unauthorized.ts","statementMap":{"0":{"start":{"line":1,"column":0},"end":{"line":1,"column":48}},"1":{"start":{"line":2,"column":0},"end":{"line":2,"column":46}},"2":{"start":{"line":7,"column":4},"end":{"line":7,"column":19}},"3":{"start":{"line":5,"column":2},"end":{"line":5,"column":37}},"4":{"start":{"line":9,"column":4},"end":{"line":9,"column":36}},"5":{"start":{"line":13,"column":0},"end":{"line":13,"column":28}}},"fnMap":{"0":{"name":"(anonymous_1)","decl":{"start":{"line":6,"column":2},"end":{"line":6,"column":14}},"loc":{"start":{"line":6,"column":29},"end":{"line":10,"column":3}}}},"branchMap":{},"s":{"0":12,"1":12,"2":5,"3":5,"4":5,"5":12},"f":{"0":5},"b":{}}
,"D:\\backup-dell-latitude\\Desktop\\projects\\kulineran-yuk\\server\\src\\errors\\ValidationError.ts": {"path":"D:\\backup-dell-latitude\\Desktop\\projects\\kulineran-yuk\\server\\src\\errors\\ValidationError.ts","statementMap":{"0":{"start":{"line":1,"column":0},"end":{"line":1,"column":48}},"1":{"start":{"line":2,"column":0},"end":{"line":2,"column":46}},"2":{"start":{"line":8,"column":4},"end":{"line":8,"column":19}},"3":{"start":{"line":6,"column":2},"end":{"line":6,"column":39}},"4":{"start":{"line":9,"column":4},"end":{"line":9,"column":34}},"5":{"start":{"line":10,"column":4},"end":{"line":10,"column":25}},"6":{"start":{"line":14,"column":0},"end":{"line":14,"column":31}}},"fnMap":{"0":{"name":"(anonymous_1)","decl":{"start":{"line":7,"column":2},"end":{"line":7,"column":14}},"loc":{"start":{"line":7,"column":42},"end":{"line":11,"column":3}}}},"branchMap":{},"s":{"0":1,"1":1,"2":0,"3":0,"4":0,"5":0,"6":1},"f":{"0":0},"b":{}}
,"D:\\backup-dell-latitude\\Desktop\\projects\\kulineran-yuk\\server\\src\\errors\\index.ts": {"path":"D:\\backup-dell-latitude\\Desktop\\projects\\kulineran-yuk\\server\\src\\errors\\index.ts","statementMap":{"0":{"start":{"line":1,"column":0},"end":{"line":1,"column":7}},"1":{"start":{"line":6,"column":9},"end":{"line":1,"column":38}},"2":{"start":{"line":2,"column":0},"end":{"line":2,"column":7}},"3":{"start":{"line":6,"column":21},"end":{"line":2,"column":34}},"4":{"start":{"line":3,"column":0},"end":{"line":3,"column":7}},"5":{"start":{"line":6,"column":31},"end":{"line":3,"column":48}},"6":{"start":{"line":4,"column":0},"end":{"line":4,"column":7}},"7":{"start":{"line":6,"column":48},"end":{"line":4,"column":42}}},"fnMap":{},"branchMap":{},"s":{"0":12,"1":12,"2":12,"3":12,"4":12,"5":12,"6":12,"7":12},"f":{},"b":{}}
,"D:\\backup-dell-latitude\\Desktop\\projects\\kulineran-yuk\\server\\src\\global\\types.ts": {"path":"D:\\backup-dell-latitude\\Desktop\\projects\\kulineran-yuk\\server\\src\\global\\types.ts","statementMap":{"0":{"start":{"line":13,"column":30},"end":{"line":13,"column":46}},"1":{"start":{"line":13,"column":64},"end":{"line":13,"column":79}},"2":{"start":{"line":18,"column":4},"end":{"line":18,"column":25}},"3":{"start":{"line":17,"column":47},"end":{"line":17,"column":61}},"4":{"start":{"line":16,"column":0},"end":{"line":16,"column":13}},"5":{"start":{"line":24,"column":4},"end":{"line":24,"column":26}},"6":{"start":{"line":22,"column":0},"end":{"line":22,"column":13}},"7":{"start":{"line":30,"column":4},"end":{"line":30,"column":19}},"8":{"start":{"line":29,"column":47},"end":{"line":29,"column":91}},"9":{"start":{"line":28,"column":0},"end":{"line":28,"column":13}}},"fnMap":{"0":{"name":"(anonymous_0)","decl":{"start":{"line":13,"column":2},"end":{"line":13,"column":30}},"loc":{"start":{"line":13,"column":79},"end":{"line":13,"column":83}}},"1":{"name":"(anonymous_1)","decl":{"start":{"line":17,"column":2},"end":{"line":17,"column":14}},"loc":{"start":{"line":17,"column":61},"end":{"line":19,"column":3}}},"2":{"name":"(anonymous_2)","decl":{"start":{"line":23,"column":2},"end":{"line":23,"column":14}},"loc":{"start":{"line":23,"column":29},"end":{"line":25,"column":3}}},"3":{"name":"(anonymous_3)","decl":{"start":{"line":29,"column":2},"end":{"line":29,"column":14}},"loc":{"start":{"line":29,"column":91},"end":{"line":31,"column":3}}}},"branchMap":{},"s":{"0":3,"1":3,"2":3,"3":3,"4":1,"5":0,"6":1,"7":0,"8":0,"9":1},"f":{"0":3,"1":3,"2":0,"3":0},"b":{}}
,"D:\\backup-dell-latitude\\Desktop\\projects\\kulineran-yuk\\server\\src\\middleware\\auth.ts": {"path":"D:\\backup-dell-latitude\\Desktop\\projects\\kulineran-yuk\\server\\src\\middleware\\auth.ts","statementMap":{"0":{"start":{"line":2,"column":0},"end":{"line":2,"column":31}},"1":{"start":{"line":3,"column":0},"end":{"line":3,"column":44}},"2":{"start":{"line":5,"column":0},"end":{"line":5,"column":46}},"3":{"start":{"line":7,"column":40},"end":{"line":32,"column":1}},"4":{"start":{"line":12,"column":2},"end":{"line":31,"column":null}},"5":{"start":{"line":13,"column":23},"end":{"line":13,"column":56}},"6":{"start":{"line":14,"column":4},"end":{"line":16,"column":null}},"7":{"start":{"line":15,"column":6},"end":{"line":15,"column":95}},"8":{"start":{"line":17,"column":18},"end":{"line":17,"column":41}},"9":{"start":{"line":18,"column":4},"end":{"line":20,"column":null}},"10":{"start":{"line":19,"column":6},"end":{"line":19,"column":95}},"11":{"start":{"line":21,"column":20},"end":{"line":21,"column":95}},"12":{"start":{"line":23,"column":4},"end":{"line":23,"column":73}},"13":{"start":{"line":24,"column":4},"end":{"line":27,"column":33}},"14":{"start":{"line":28,"column":4},"end":{"line":28,"column":11}},"15":{"start":{"line":30,"column":4},"end":{"line":30,"column":16}},"16":{"start":{"line":61,"column":2},"end":{"line":61,"column":33}},"17":{"start":{"line":34,"column":38},"end":{"line":58,"column":1}},"18":{"start":{"line":39,"column":2},"end":{"line":57,"column":null}},"19":{"start":{"line":40,"column":23},"end":{"line":40,"column":59}},"20":{"start":{"line":41,"column":4},"end":{"line":43,"column":null}},"21":{"start":{"line":42,"column":6},"end":{"line":42,"column":95}},"22":{"start":{"line":44,"column":18},"end":{"line":44,"column":41}},"23":{"start":{"line":45,"column":4},"end":{"line":47,"column":null}},"24":{"start":{"line":46,"column":6},"end":{"line":46,"column":95}},"25":{"start":{"line":48,"column":20},"end":{"line":48,"column":98}},"26":{"start":{"line":50,"column":4},"end":{"line":53,"column":33}},"27":{"start":{"line":54,"column":4},"end":{"line":54,"column":11}},"28":{"start":{"line":56,"column":4},"end":{"line":56,"column":16}},"29":{"start":{"line":62,"column":2},"end":{"line":62,"column":31}}},"fnMap":{"0":{"name":"(anonymous_1)","decl":{"start":{"line":7,"column":40},"end":{"line":7,"column":null}},"loc":{"start":{"line":11,"column":4},"end":{"line":32,"column":1}}},"1":{"name":"(anonymous_2)","decl":{"start":{"line":34,"column":38},"end":{"line":34,"column":null}},"loc":{"start":{"line":38,"column":4},"end":{"line":58,"column":1}}}},"branchMap":{"0":{"loc":{"start":{"line":14,"column":4},"end":{"line":16,"column":null}},"type":"if","locations":[{"start":{"line":14,"column":4},"end":{"line":16,"column":null}}]},"1":{"loc":{"start":{"line":18,"column":4},"end":{"line":20,"column":null}},"type":"if","locations":[{"start":{"line":18,"column":4},"end":{"line":20,"column":null}}]},"2":{"loc":{"start":{"line":41,"column":4},"end":{"line":43,"column":null}},"type":"if","locations":[{"start":{"line":41,"column":4},"end":{"line":43,"column":null}}]},"3":{"loc":{"start":{"line":45,"column":4},"end":{"line":47,"column":null}},"type":"if","locations":[{"start":{"line":45,"column":4},"end":{"line":47,"column":null}}]}},"s":{"0":2,"1":2,"2":2,"3":2,"4":3,"5":3,"6":3,"7":0,"8":3,"9":3,"10":1,"11":2,"12":0,"13":0,"14":0,"15":3,"16":2,"17":2,"18":0,"19":0,"20":0,"21":0,"22":0,"23":0,"24":0,"25":0,"26":0,"27":0,"28":0,"29":2},"f":{"0":3,"1":0},"b":{"0":[0],"1":[1],"2":[0],"3":[0]}}
,"D:\\backup-dell-latitude\\Desktop\\projects\\kulineran-yuk\\server\\src\\middleware\\emailVerification.ts": {"path":"D:\\backup-dell-latitude\\Desktop\\projects\\kulineran-yuk\\server\\src\\middleware\\emailVerification.ts","statementMap":{"0":{"start":{"line":3,"column":0},"end":{"line":3,"column":46}},"1":{"start":{"line":4,"column":0},"end":{"line":4,"column":58}},"2":{"start":{"line":5,"column":0},"end":{"line":5,"column":42}},"3":{"start":{"line":7,"column":29},"end":{"line":31,"column":2}},"4":{"start":{"line":11,"column":4},"end":{"line":31,"column":2}},"5":{"start":{"line":12,"column":32},"end":{"line":12,"column":67}},"6":{"start":{"line":14,"column":2},"end":{"line":30,"column":null}},"7":{"start":{"line":15,"column":23},"end":{"line":15,"column":62}},"8":{"start":{"line":16,"column":4},"end":{"line":18,"column":null}},"9":{"start":{"line":17,"column":6},"end":{"line":17,"column":95}},"10":{"start":{"line":20,"column":4},"end":{"line":22,"column":null}},"11":{"start":{"line":21,"column":6},"end":{"line":21,"column":73}},"12":{"start":{"line":24,"column":4},"end":{"line":24,"column":11}},"13":{"start":{"line":26,"column":4},"end":{"line":28,"column":null}},"14":{"start":{"line":27,"column":6},"end":{"line":27,"column":97}},"15":{"start":{"line":29,"column":4},"end":{"line":29,"column":16}},"16":{"start":{"line":56,"column":2},"end":{"line":56,"column":22}},"17":{"start":{"line":33,"column":32},"end":{"line":52,"column":2}},"18":{"start":{"line":37,"column":4},"end":{"line":52,"column":2}},"19":{"start":{"line":38,"column":30},"end":{"line":38,"column":65}},"20":{"start":{"line":40,"column":2},"end":{"line":51,"column":null}},"21":{"start":{"line":41,"column":21},"end":{"line":41,"column":56}},"22":{"start":{"line":42,"column":4},"end":{"line":44,"column":null}},"23":{"start":{"line":43,"column":6},"end":{"line":43,"column":95}},"24":{"start":{"line":45,"column":4},"end":{"line":47,"column":null}},"25":{"start":{"line":46,"column":6},"end":{"line":46,"column":41}},"26":{"start":{"line":48,"column":4},"end":{"line":48,"column":11}},"27":{"start":{"line":50,"column":4},"end":{"line":50,"column":16}},"28":{"start":{"line":55,"column":2},"end":{"line":55,"column":25}}},"fnMap":{"0":{"name":"(anonymous_8)","decl":{"start":{"line":7,"column":29},"end":{"line":7,"column":null}},"loc":{"start":{"line":11,"column":4},"end":{"line":31,"column":2}}},"1":{"name":"(anonymous_9)","decl":{"start":{"line":11,"column":4},"end":{"line":11,"column":null}},"loc":{"start":{"line":11,"column":4},"end":{"line":31,"column":1}}},"2":{"name":"(anonymous_10)","decl":{"start":{"line":33,"column":32},"end":{"line":33,"column":null}},"loc":{"start":{"line":37,"column":4},"end":{"line":52,"column":2}}},"3":{"name":"(anonymous_11)","decl":{"start":{"line":37,"column":4},"end":{"line":37,"column":null}},"loc":{"start":{"line":37,"column":4},"end":{"line":52,"column":1}}}},"branchMap":{"0":{"loc":{"start":{"line":16,"column":4},"end":{"line":18,"column":null}},"type":"if","locations":[{"start":{"line":16,"column":4},"end":{"line":18,"column":null}}]},"1":{"loc":{"start":{"line":20,"column":4},"end":{"line":22,"column":null}},"type":"if","locations":[{"start":{"line":20,"column":4},"end":{"line":22,"column":null}}]},"2":{"loc":{"start":{"line":26,"column":4},"end":{"line":28,"column":null}},"type":"if","locations":[{"start":{"line":26,"column":4},"end":{"line":28,"column":null}}]},"3":{"loc":{"start":{"line":42,"column":4},"end":{"line":44,"column":null}},"type":"if","locations":[{"start":{"line":42,"column":4},"end":{"line":44,"column":null}}]},"4":{"loc":{"start":{"line":45,"column":4},"end":{"line":47,"column":null}},"type":"if","locations":[{"start":{"line":45,"column":4},"end":{"line":47,"column":null}}]}},"s":{"0":2,"1":2,"2":2,"3":2,"4":3,"5":3,"6":3,"7":3,"8":2,"9":0,"10":2,"11":1,"12":1,"13":2,"14":1,"15":2,"16":2,"17":2,"18":0,"19":0,"20":0,"21":0,"22":0,"23":0,"24":0,"25":0,"26":0,"27":0,"28":2},"f":{"0":3,"1":3,"2":0,"3":0},"b":{"0":[0],"1":[1],"2":[1],"3":[0],"4":[0]}}
,"D:\\backup-dell-latitude\\Desktop\\projects\\kulineran-yuk\\server\\src\\middleware\\handlerError.ts": {"path":"D:\\backup-dell-latitude\\Desktop\\projects\\kulineran-yuk\\server\\src\\middleware\\handlerError.ts","statementMap":{"0":{"start":{"line":2,"column":0},"end":{"line":2,"column":54}},"1":{"start":{"line":3,"column":0},"end":{"line":3,"column":48}},"2":{"start":{"line":7,"column":0},"end":{"line":7,"column":39}},"3":{"start":{"line":8,"column":0},"end":{"line":8,"column":56}},"4":{"start":{"line":9,"column":0},"end":{"line":9,"column":61}},"5":{"start":{"line":11,"column":31},"end":{"line":64,"column":1}},"6":{"start":{"line":18,"column":4},"end":{"line":24,"column":6}},"7":{"start":{"line":30,"column":2},"end":{"line":46,"column":null}},"8":{"start":{"line":31,"column":19},"end":{"line":34,"column":7}},"9":{"start":{"line":31,"column":42},"end":{"line":34,"column":6}},"10":{"start":{"line":36,"column":4},"end":{"line":39,"column":6}},"11":{"start":{"line":41,"column":4},"end":{"line":45,"column":8}},"12":{"start":{"line":66,"column":0},"end":{"line":66,"column":38}}},"fnMap":{"0":{"name":"(anonymous_1)","decl":{"start":{"line":11,"column":31},"end":{"line":11,"column":null}},"loc":{"start":{"line":16,"column":4},"end":{"line":64,"column":1}}},"1":{"name":"(anonymous_2)","decl":{"start":{"line":31,"column":34},"end":{"line":31,"column":35}},"loc":{"start":{"line":31,"column":42},"end":{"line":34,"column":6}}}},"branchMap":{"0":{"loc":{"start":{"line":20,"column":8},"end":{"line":22,"column":45}},"type":"cond-expr","locations":[{"start":{"line":21,"column":12},"end":{"line":21,"column":26}},{"start":{"line":22,"column":12},"end":{"line":22,"column":45}}]},"1":{"loc":{"start":{"line":30,"column":2},"end":{"line":46,"column":null}},"type":"if","locations":[{"start":{"line":30,"column":2},"end":{"line":46,"column":null}}]}},"s":{"0":1,"1":1,"2":1,"3":1,"4":1,"5":1,"6":0,"7":0,"8":0,"9":0,"10":0,"11":0,"12":1},"f":{"0":0,"1":0},"b":{"0":[0,0],"1":[0]}}
,"D:\\backup-dell-latitude\\Desktop\\projects\\kulineran-yuk\\server\\src\\middleware\\minimumSetupAccount.ts": {"path":"D:\\backup-dell-latitude\\Desktop\\projects\\kulineran-yuk\\server\\src\\middleware\\minimumSetupAccount.ts","statementMap":{"0":{"start":{"line":3,"column":0},"end":{"line":3,"column":46}},"1":{"start":{"line":4,"column":0},"end":{"line":4,"column":44}},"2":{"start":{"line":6,"column":28},"end":{"line":25,"column":2}},"3":{"start":{"line":10,"column":4},"end":{"line":25,"column":2}},"4":{"start":{"line":11,"column":32},"end":{"line":11,"column":67}},"5":{"start":{"line":13,"column":2},"end":{"line":24,"column":null}},"6":{"start":{"line":14,"column":23},"end":{"line":14,"column":62}},"7":{"start":{"line":15,"column":4},"end":{"line":17,"column":null}},"8":{"start":{"line":16,"column":6},"end":{"line":16,"column":95}},"9":{"start":{"line":18,"column":4},"end":{"line":20,"column":null}},"10":{"start":{"line":19,"column":6},"end":{"line":19,"column":161}},"11":{"start":{"line":21,"column":4},"end":{"line":21,"column":11}},"12":{"start":{"line":23,"column":4},"end":{"line":23,"column":16}},"13":{"start":{"line":28,"column":2},"end":{"line":28,"column":21}}},"fnMap":{"0":{"name":"(anonymous_8)","decl":{"start":{"line":6,"column":28},"end":{"line":6,"column":null}},"loc":{"start":{"line":10,"column":4},"end":{"line":25,"column":2}}},"1":{"name":"(anonymous_9)","decl":{"start":{"line":10,"column":4},"end":{"line":10,"column":null}},"loc":{"start":{"line":10,"column":4},"end":{"line":25,"column":1}}}},"branchMap":{"0":{"loc":{"start":{"line":15,"column":4},"end":{"line":17,"column":null}},"type":"if","locations":[{"start":{"line":15,"column":4},"end":{"line":17,"column":null}}]},"1":{"loc":{"start":{"line":18,"column":4},"end":{"line":20,"column":null}},"type":"if","locations":[{"start":{"line":18,"column":4},"end":{"line":20,"column":null}}]}},"s":{"0":1,"1":1,"2":1,"3":0,"4":0,"5":0,"6":0,"7":0,"8":0,"9":0,"10":0,"11":0,"12":0,"13":1},"f":{"0":0,"1":0},"b":{"0":[0],"1":[0]}}
,"D:\\backup-dell-latitude\\Desktop\\projects\\kulineran-yuk\\server\\src\\middleware\\routeNotFound.ts": {"path":"D:\\backup-dell-latitude\\Desktop\\projects\\kulineran-yuk\\server\\src\\middleware\\routeNotFound.ts","statementMap":{"0":{"start":{"line":2,"column":0},"end":{"line":2,"column":48}},"1":{"start":{"line":3,"column":0},"end":{"line":3,"column":51}},"2":{"start":{"line":5,"column":22},"end":{"line":7,"column":1}},"3":{"start":{"line":6,"column":2},"end":{"line":6,"column":87}},"4":{"start":{"line":9,"column":0},"end":{"line":9,"column":29}}},"fnMap":{"0":{"name":"(anonymous_0)","decl":{"start":{"line":5,"column":22},"end":{"line":5,"column":23}},"loc":{"start":{"line":5,"column":54},"end":{"line":7,"column":1}}}},"branchMap":{},"s":{"0":1,"1":1,"2":1,"3":0,"4":1},"f":{"0":0},"b":{}}
,"D:\\backup-dell-latitude\\Desktop\\projects\\kulineran-yuk\\server\\src\\models\\Customer.ts": {"path":"D:\\backup-dell-latitude\\Desktop\\projects\\kulineran-yuk\\server\\src\\models\\Customer.ts","statementMap":{"0":{"start":{"line":1,"column":0},"end":{"line":1,"column":56}},"1":{"start":{"line":4,"column":0},"end":{"line":4,"column":null}},"2":{"start":{"line":5,"column":2},"end":{"line":5,"column":null}},"3":{"start":{"line":6,"column":2},"end":{"line":6,"column":null}},"4":{"start":{"line":7,"column":2},"end":{"line":7,"column":null}},"5":{"start":{"line":20,"column":23},"end":{"line":58,"column":null}},"6":{"start":{"line":62,"column":2},"end":{"line":62,"column":54}},"7":{"start":{"line":64,"column":0},"end":{"line":64,"column":24}}},"fnMap":{"0":{"name":"(anonymous_0)","decl":{"start":{"line":4,"column":0},"end":{"line":4,"column":5}},"loc":{"start":{"line":4,"column":22},"end":{"line":8,"column":1}}}},"branchMap":{"0":{"loc":{"start":{"line":4,"column":5},"end":{"line":4,"column":null}},"type":"binary-expr","locations":[{"start":{"line":4,"column":5},"end":{"line":4,"column":22}},{"start":{"line":4,"column":5},"end":{"line":4,"column":null}}]},"1":{"loc":{"start":{"line":62,"column":2},"end":{"line":62,"column":54}},"type":"binary-expr","locations":[{"start":{"line":62,"column":2},"end":{"line":62,"column":17}},{"start":{"line":62,"column":21},"end":{"line":62,"column":54}}]}},"s":{"0":2,"1":2,"2":2,"3":2,"4":2,"5":2,"6":2,"7":2},"f":{"0":2},"b":{"0":[2,2],"1":[2,2]}}
,"D:\\backup-dell-latitude\\Desktop\\projects\\kulineran-yuk\\server\\src\\models\\District.ts": {"path":"D:\\backup-dell-latitude\\Desktop\\projects\\kulineran-yuk\\server\\src\\models\\District.ts","statementMap":{"0":{"start":{"line":1,"column":0},"end":{"line":1,"column":56}},"1":{"start":{"line":10,"column":23},"end":{"line":24,"column":2}},"2":{"start":{"line":27,"column":2},"end":{"line":27,"column":54}},"3":{"start":{"line":29,"column":0},"end":{"line":29,"column":24}}},"fnMap":{},"branchMap":{"0":{"loc":{"start":{"line":27,"column":2},"end":{"line":27,"column":54}},"type":"binary-expr","locations":[{"start":{"line":27,"column":2},"end":{"line":27,"column":17}},{"start":{"line":27,"column":21},"end":{"line":27,"column":54}}]}},"s":{"0":3,"1":3,"2":3,"3":3},"f":{},"b":{"0":[3,3]}}
,"D:\\backup-dell-latitude\\Desktop\\projects\\kulineran-yuk\\server\\src\\models\\Etalase.ts": {"path":"D:\\backup-dell-latitude\\Desktop\\projects\\kulineran-yuk\\server\\src\\models\\Etalase.ts","statementMap":{"0":{"start":{"line":1,"column":0},"end":{"line":1,"column":56}},"1":{"start":{"line":11,"column":22},"end":{"line":25,"column":null}},"2":{"start":{"line":29,"column":2},"end":{"line":29,"column":51}},"3":{"start":{"line":31,"column":0},"end":{"line":31,"column":23}}},"fnMap":{},"branchMap":{"0":{"loc":{"start":{"line":29,"column":2},"end":{"line":29,"column":51}},"type":"binary-expr","locations":[{"start":{"line":29,"column":2},"end":{"line":29,"column":16}},{"start":{"line":29,"column":20},"end":{"line":29,"column":51}}]}},"s":{"0":2,"1":2,"2":2,"3":2},"f":{},"b":{"0":[2,2]}}
,"D:\\backup-dell-latitude\\Desktop\\projects\\kulineran-yuk\\server\\src\\models\\Menu.ts": {"path":"D:\\backup-dell-latitude\\Desktop\\projects\\kulineran-yuk\\server\\src\\models\\Menu.ts","statementMap":{"0":{"start":{"line":1,"column":0},"end":{"line":1,"column":56}},"1":{"start":{"line":23,"column":19},"end":{"line":89,"column":null}},"2":{"start":{"line":92,"column":27},"end":{"line":92,"column":67}},"3":{"start":{"line":94,"column":0},"end":{"line":94,"column":20}}},"fnMap":{},"branchMap":{"0":{"loc":{"start":{"line":92,"column":27},"end":{"line":92,"column":67}},"type":"binary-expr","locations":[{"start":{"line":92,"column":27},"end":{"line":92,"column":38}},{"start":{"line":92,"column":42},"end":{"line":92,"column":67}}]}},"s":{"0":2,"1":2,"2":2,"3":2},"f":{},"b":{"0":[2,2]}}
,"D:\\backup-dell-latitude\\Desktop\\projects\\kulineran-yuk\\server\\src\\models\\MenuSpicyLevel.ts": {"path":"D:\\backup-dell-latitude\\Desktop\\projects\\kulineran-yuk\\server\\src\\models\\MenuSpicyLevel.ts","statementMap":{"0":{"start":{"line":1,"column":0},"end":{"line":1,"column":56}},"1":{"start":{"line":10,"column":29},"end":{"line":22,"column":null}},"2":{"start":{"line":25,"column":47},"end":{"line":25,"column":117}},"3":{"start":{"line":27,"column":0},"end":{"line":27,"column":30}}},"fnMap":{},"branchMap":{"0":{"loc":{"start":{"line":25,"column":47},"end":{"line":25,"column":117}},"type":"binary-expr","locations":[{"start":{"line":25,"column":47},"end":{"line":25,"column":68}},{"start":{"line":25,"column":72},"end":{"line":25,"column":117}}]}},"s":{"0":2,"1":2,"2":2,"3":2},"f":{},"b":{"0":[2,2]}}
,"D:\\backup-dell-latitude\\Desktop\\projects\\kulineran-yuk\\server\\src\\models\\Province.ts": {"path":"D:\\backup-dell-latitude\\Desktop\\projects\\kulineran-yuk\\server\\src\\models\\Province.ts","statementMap":{"0":{"start":{"line":1,"column":0},"end":{"line":1,"column":56}},"1":{"start":{"line":9,"column":23},"end":{"line":18,"column":2}},"2":{"start":{"line":20,"column":35},"end":{"line":20,"column":98}},"3":{"start":{"line":22,"column":0},"end":{"line":22,"column":24}}},"fnMap":{},"branchMap":{"0":{"loc":{"start":{"line":20,"column":35},"end":{"line":20,"column":98}},"type":"binary-expr","locations":[{"start":{"line":20,"column":35},"end":{"line":20,"column":50}},{"start":{"line":20,"column":54},"end":{"line":20,"column":98}}]}},"s":{"0":3,"1":3,"2":3,"3":3},"f":{},"b":{"0":[3,3]}}
,"D:\\backup-dell-latitude\\Desktop\\projects\\kulineran-yuk\\server\\src\\models\\Regency.ts": {"path":"D:\\backup-dell-latitude\\Desktop\\projects\\kulineran-yuk\\server\\src\\models\\Regency.ts","statementMap":{"0":{"start":{"line":1,"column":0},"end":{"line":1,"column":56}},"1":{"start":{"line":11,"column":22},"end":{"line":25,"column":2}},"2":{"start":{"line":28,"column":2},"end":{"line":28,"column":52}},"3":{"start":{"line":30,"column":0},"end":{"line":30,"column":23}}},"fnMap":{},"branchMap":{"0":{"loc":{"start":{"line":28,"column":2},"end":{"line":28,"column":52}},"type":"binary-expr","locations":[{"start":{"line":28,"column":2},"end":{"line":28,"column":16}},{"start":{"line":28,"column":20},"end":{"line":28,"column":52}}]}},"s":{"0":3,"1":3,"2":3,"3":3},"f":{},"b":{"0":[3,3]}}
,"D:\\backup-dell-latitude\\Desktop\\projects\\kulineran-yuk\\server\\src\\models\\RestauranResetPasswordRequest.ts": {"path":"D:\\backup-dell-latitude\\Desktop\\projects\\kulineran-yuk\\server\\src\\models\\RestauranResetPasswordRequest.ts","statementMap":{"0":{"start":{"line":1,"column":0},"end":{"line":1,"column":56}},"1":{"start":{"line":12,"column":2},"end":{"line":28,"column":null}},"2":{"start":{"line":32,"column":2},"end":{"line":33,"column":78}},"3":{"start":{"line":35,"column":0},"end":{"line":35,"column":46}}},"fnMap":{},"branchMap":{"0":{"loc":{"start":{"line":32,"column":2},"end":{"line":33,"column":78}},"type":"binary-expr","locations":[{"start":{"line":32,"column":2},"end":{"line":32,"column":39}},{"start":{"line":33,"column":2},"end":{"line":33,"column":78}}]}},"s":{"0":2,"1":2,"2":2,"3":2},"f":{},"b":{"0":[2,2]}}
,"D:\\backup-dell-latitude\\Desktop\\projects\\kulineran-yuk\\server\\src\\models\\Restaurant.ts": {"path":"D:\\backup-dell-latitude\\Desktop\\projects\\kulineran-yuk\\server\\src\\models\\Restaurant.ts","statementMap":{"0":{"start":{"line":1,"column":0},"end":{"line":1,"column":56}},"1":{"start":{"line":3,"column":0},"end":{"line":3,"column":30}},"2":{"start":{"line":5,"column":0},"end":{"line":5,"column":null}},"3":{"start":{"line":6,"column":2},"end":{"line":6,"column":null}},"4":{"start":{"line":7,"column":2},"end":{"line":7,"column":null}},"5":{"start":{"line":33,"column":25},"end":{"line":118,"column":null}},"6":{"start":{"line":121,"column":0},"end":{"line":127,"column":3}},"7":{"start":{"line":122,"column":21},"end":{"line":122,"column":40}},"8":{"start":{"line":123,"column":2},"end":{"line":125,"column":null}},"9":{"start":{"line":124,"column":4},"end":{"line":124,"column":69}},"10":{"start":{"line":126,"column":2},"end":{"line":126,"column":9}},"11":{"start":{"line":129,"column":0},"end":{"line":135,"column":3}},"12":{"start":{"line":130,"column":17},"end":{"line":130,"column":57}},"13":{"start":{"line":131,"column":2},"end":{"line":133,"column":null}},"14":{"start":{"line":132,"column":4},"end":{"line":132,"column":61}},"15":{"start":{"line":134,"column":2},"end":{"line":134,"column":9}},"16":{"start":{"line":137,"column":0},"end":{"line":141,"column":4}},"17":{"start":{"line":139,"column":20},"end":{"line":139,"column":73}},"18":{"start":{"line":140,"column":4},"end":{"line":140,"column":19}},"19":{"start":{"line":143,"column":39},"end":{"line":143,"column":97}},"20":{"start":{"line":145,"column":0},"end":{"line":145,"column":26}}},"fnMap":{"0":{"name":"(anonymous_8)","decl":{"start":{"line":5,"column":0},"end":{"line":5,"column":5}},"loc":{"start":{"line":5,"column":24},"end":{"line":8,"column":1}}},"1":{"name":"(anonymous_9)","decl":{"start":{"line":121,"column":29},"end":{"line":121,"column":44}},"loc":{"start":{"line":121,"column":48},"end":{"line":127,"column":2}}},"2":{"name":"(anonymous_11)","decl":{"start":{"line":129,"column":41},"end":{"line":129,"column":56}},"loc":{"start":{"line":129,"column":60},"end":{"line":135,"column":2}}},"3":{"name":"(anonymous_13)","decl":{"start":{"line":138,"column":2},"end":{"line":138,"column":17}},"loc":{"start":{"line":138,"column":41},"end":{"line":141,"column":4}}}},"branchMap":{"0":{"loc":{"start":{"line":5,"column":5},"end":{"line":5,"column":null}},"type":"binary-expr","locations":[{"start":{"line":5,"column":5},"end":{"line":5,"column":24}},{"start":{"line":5,"column":5},"end":{"line":5,"column":null}}]},"1":{"loc":{"start":{"line":123,"column":2},"end":{"line":125,"column":null}},"type":"if","locations":[{"start":{"line":123,"column":2},"end":{"line":125,"column":null}}]},"2":{"loc":{"start":{"line":131,"column":2},"end":{"line":133,"column":null}},"type":"if","locations":[{"start":{"line":131,"column":2},"end":{"line":133,"column":null}}]},"3":{"loc":{"start":{"line":143,"column":39},"end":{"line":143,"column":97}},"type":"binary-expr","locations":[{"start":{"line":143,"column":39},"end":{"line":143,"column":56}},{"start":{"line":143,"column":60},"end":{"line":143,"column":97}}]}},"s":{"0":8,"1":8,"2":8,"3":8,"4":8,"5":8,"6":8,"7":113,"8":113,"9":99,"10":113,"11":8,"12":7,"13":7,"14":2,"15":7,"16":8,"17":4,"18":4,"19":8,"20":8},"f":{"0":8,"1":113,"2":7,"3":4},"b":{"0":[8,8],"1":[99],"2":[2],"3":[8,8]}}
,"D:\\backup-dell-latitude\\Desktop\\projects\\kulineran-yuk\\server\\src\\models\\RestaurantAddress.ts": {"path":"D:\\backup-dell-latitude\\Desktop\\projects\\kulineran-yuk\\server\\src\\models\\RestaurantAddress.ts","statementMap":{"0":{"start":{"line":1,"column":0},"end":{"line":1,"column":56}},"1":{"start":{"line":23,"column":32},"end":{"line":55,"column":null}},"2":{"start":{"line":59,"column":2},"end":{"line":60,"column":53}},"3":{"start":{"line":62,"column":0},"end":{"line":62,"column":33}}},"fnMap":{},"branchMap":{"0":{"loc":{"start":{"line":59,"column":2},"end":{"line":60,"column":53}},"type":"binary-expr","locations":[{"start":{"line":59,"column":2},"end":{"line":59,"column":26}},{"start":{"line":60,"column":2},"end":{"line":60,"column":53}}]}},"s":{"0":2,"1":2,"2":2,"3":2},"f":{},"b":{"0":[2,2]}}
,"D:\\backup-dell-latitude\\Desktop\\projects\\kulineran-yuk\\server\\src\\models\\RestaurantVerification.ts": {"path":"D:\\backup-dell-latitude\\Desktop\\projects\\kulineran-yuk\\server\\src\\models\\RestaurantVerification.ts","statementMap":{"0":{"start":{"line":1,"column":0},"end":{"line":1,"column":56}},"1":{"start":{"line":12,"column":37},"end":{"line":28,"column":null}},"2":{"start":{"line":32,"column":2},"end":{"line":33,"column":63}},"3":{"start":{"line":35,"column":0},"end":{"line":35,"column":38}}},"fnMap":{},"branchMap":{"0":{"loc":{"start":{"line":32,"column":2},"end":{"line":33,"column":63}},"type":"binary-expr","locations":[{"start":{"line":32,"column":2},"end":{"line":32,"column":31}},{"start":{"line":33,"column":2},"end":{"line":33,"column":63}}]}},"s":{"0":3,"1":3,"2":3,"3":3},"f":{},"b":{"0":[3,3]}}
,"D:\\backup-dell-latitude\\Desktop\\projects\\kulineran-yuk\\server\\src\\models\\Village.ts": {"path":"D:\\backup-dell-latitude\\Desktop\\projects\\kulineran-yuk\\server\\src\\models\\Village.ts","statementMap":{"0":{"start":{"line":1,"column":0},"end":{"line":1,"column":56}},"1":{"start":{"line":11,"column":22},"end":{"line":25,"column":2}},"2":{"start":{"line":28,"column":2},"end":{"line":28,"column":51}},"3":{"start":{"line":30,"column":0},"end":{"line":30,"column":23}}},"fnMap":{},"branchMap":{"0":{"loc":{"start":{"line":28,"column":2},"end":{"line":28,"column":51}},"type":"binary-expr","locations":[{"start":{"line":28,"column":2},"end":{"line":28,"column":16}},{"start":{"line":28,"column":20},"end":{"line":28,"column":51}}]}},"s":{"0":3,"1":3,"2":3,"3":3},"f":{},"b":{"0":[3,3]}}
,"D:\\backup-dell-latitude\\Desktop\\projects\\kulineran-yuk\\server\\src\\routes\\index.ts": {"path":"D:\\backup-dell-latitude\\Desktop\\projects\\kulineran-yuk\\server\\src\\routes\\index.ts","statementMap":{"0":{"start":{"line":1,"column":0},"end":{"line":1,"column":61}},"1":{"start":{"line":2,"column":0},"end":{"line":2,"column":54}},"2":{"start":{"line":3,"column":0},"end":{"line":3,"column":48}},"3":{"start":{"line":5,"column":19},"end":{"line":5,"column":27}},"4":{"start":{"line":7,"column":0},"end":{"line":7,"column":44}},"5":{"start":{"line":8,"column":0},"end":{"line":8,"column":38}},"6":{"start":{"line":9,"column":0},"end":{"line":9,"column":30}},"7":{"start":{"line":11,"column":0},"end":{"line":11,"column":26}}},"fnMap":{"0":{"name":"(anonymous_1)","decl":{"start":{"line":9,"column":20},"end":{"line":9,"column":23}},"loc":{"start":{"line":9,"column":25},"end":{"line":9,"column":28}}}},"branchMap":{},"s":{"0":1,"1":1,"2":1,"3":1,"4":1,"5":1,"6":1,"7":1},"f":{"0":0},"b":{}}
,"D:\\backup-dell-latitude\\Desktop\\projects\\kulineran-yuk\\server\\src\\services\\mongoose\\location\\district.ts": {"path":"D:\\backup-dell-latitude\\Desktop\\projects\\kulineran-yuk\\server\\src\\services\\mongoose\\location\\district.ts","statementMap":{"0":{"start":{"line":1,"column":0},"end":{"line":1,"column":55}},"1":{"start":{"line":2,"column":0},"end":{"line":2,"column":48}},"2":{"start":{"line":11,"column":20},"end":{"line":31,"column":2}},"3":{"start":{"line":11,"column":68},"end":{"line":31,"column":2}},"4":{"start":{"line":12,"column":22},"end":{"line":12,"column":31}},"5":{"start":{"line":14,"column":2},"end":{"line":16,"column":null}},"6":{"start":{"line":15,"column":4},"end":{"line":15,"column":70}},"7":{"start":{"line":18,"column":17},"end":{"line":18,"column":60}},"8":{"start":{"line":20,"column":2},"end":{"line":22,"column":null}},"9":{"start":{"line":21,"column":4},"end":{"line":21,"column":81}},"10":{"start":{"line":24,"column":36},"end":{"line":28,"column":5}},"11":{"start":{"line":24,"column":62},"end":{"line":28,"column":4}},"12":{"start":{"line":30,"column":2},"end":{"line":30,"column":19}},"13":{"start":{"line":34,"column":2},"end":{"line":34,"column":13}}},"fnMap":{"0":{"name":"(anonymous_8)","decl":{"start":{"line":11,"column":20},"end":{"line":11,"column":27}},"loc":{"start":{"line":11,"column":68},"end":{"line":31,"column":2}}},"1":{"name":"(anonymous_9)","decl":{"start":{"line":11,"column":68},"end":{"line":11,"column":null}},"loc":{"start":{"line":11,"column":68},"end":{"line":31,"column":1}}},"2":{"name":"(anonymous_10)","decl":{"start":{"line":24,"column":47},"end":{"line":24,"column":48}},"loc":{"start":{"line":24,"column":62},"end":{"line":28,"column":4}}}},"branchMap":{"0":{"loc":{"start":{"line":14,"column":2},"end":{"line":16,"column":null}},"type":"if","locations":[{"start":{"line":14,"column":2},"end":{"line":16,"column":null}}]},"1":{"loc":{"start":{"line":20,"column":2},"end":{"line":22,"column":null}},"type":"if","locations":[{"start":{"line":20,"column":2},"end":{"line":22,"column":null}}]}},"s":{"0":2,"1":2,"2":2,"3":5,"4":5,"5":5,"6":3,"7":2,"8":2,"9":1,"10":1,"11":39,"12":1,"13":2},"f":{"0":5,"1":5,"2":39},"b":{"0":[3],"1":[1]}}
,"D:\\backup-dell-latitude\\Desktop\\projects\\kulineran-yuk\\server\\src\\services\\mongoose\\location\\province.ts": {"path":"D:\\backup-dell-latitude\\Desktop\\projects\\kulineran-yuk\\server\\src\\services\\mongoose\\location\\province.ts","statementMap":{"0":{"start":{"line":1,"column":0},"end":{"line":1,"column":63}},"1":{"start":{"line":8,"column":24},"end":{"line":16,"column":2}},"2":{"start":{"line":8,"column":60},"end":{"line":16,"column":2}},"3":{"start":{"line":9,"column":17},"end":{"line":9,"column":38}},"4":{"start":{"line":10,"column":36},"end":{"line":13,"column":5}},"5":{"start":{"line":10,"column":62},"end":{"line":13,"column":4}},"6":{"start":{"line":15,"column":2},"end":{"line":15,"column":19}},"7":{"start":{"line":19,"column":2},"end":{"line":19,"column":17}}},"fnMap":{"0":{"name":"(anonymous_8)","decl":{"start":{"line":8,"column":24},"end":{"line":8,"column":58}},"loc":{"start":{"line":8,"column":60},"end":{"line":16,"column":2}}},"1":{"name":"(anonymous_9)","decl":{"start":{"line":8,"column":60},"end":{"line":8,"column":null}},"loc":{"start":{"line":8,"column":60},"end":{"line":16,"column":1}}},"2":{"name":"(anonymous_10)","decl":{"start":{"line":10,"column":47},"end":{"line":10,"column":48}},"loc":{"start":{"line":10,"column":62},"end":{"line":13,"column":4}}}},"branchMap":{},"s":{"0":2,"1":2,"2":1,"3":1,"4":1,"5":34,"6":1,"7":2},"f":{"0":1,"1":1,"2":34},"b":{}}
,"D:\\backup-dell-latitude\\Desktop\\projects\\kulineran-yuk\\server\\src\\services\\mongoose\\location\\regency.ts": {"path":"D:\\backup-dell-latitude\\Desktop\\projects\\kulineran-yuk\\server\\src\\services\\mongoose\\location\\regency.ts","statementMap":{"0":{"start":{"line":1,"column":0},"end":{"line":1,"column":55}},"1":{"start":{"line":2,"column":0},"end":{"line":2,"column":60}},"2":{"start":{"line":11,"column":19},"end":{"line":31,"column":2}},"3":{"start":{"line":11,"column":66},"end":{"line":31,"column":2}},"4":{"start":{"line":12,"column":23},"end":{"line":12,"column":32}},"5":{"start":{"line":14,"column":2},"end":{"line":16,"column":null}},"6":{"start":{"line":15,"column":4},"end":{"line":15,"column":70}},"7":{"start":{"line":18,"column":17},"end":{"line":18,"column":61}},"8":{"start":{"line":20,"column":2},"end":{"line":22,"column":null}},"9":{"start":{"line":21,"column":4},"end":{"line":21,"column":83}},"10":{"start":{"line":24,"column":35},"end":{"line":28,"column":5}},"11":{"start":{"line":24,"column":60},"end":{"line":28,"column":4}},"12":{"start":{"line":30,"column":2},"end":{"line":30,"column":19}},"13":{"start":{"line":34,"column":2},"end":{"line":34,"column":12}}},"fnMap":{"0":{"name":"(anonymous_8)","decl":{"start":{"line":11,"column":19},"end":{"line":11,"column":26}},"loc":{"start":{"line":11,"column":66},"end":{"line":31,"column":2}}},"1":{"name":"(anonymous_9)","decl":{"start":{"line":11,"column":66},"end":{"line":11,"column":null}},"loc":{"start":{"line":11,"column":66},"end":{"line":31,"column":1}}},"2":{"name":"(anonymous_10)","decl":{"start":{"line":24,"column":46},"end":{"line":24,"column":47}},"loc":{"start":{"line":24,"column":60},"end":{"line":28,"column":4}}}},"branchMap":{"0":{"loc":{"start":{"line":14,"column":2},"end":{"line":16,"column":null}},"type":"if","locations":[{"start":{"line":14,"column":2},"end":{"line":16,"column":null}}]},"1":{"loc":{"start":{"line":20,"column":2},"end":{"line":22,"column":null}},"type":"if","locations":[{"start":{"line":20,"column":2},"end":{"line":22,"column":null}}]}},"s":{"0":2,"1":2,"2":2,"3":5,"4":5,"5":5,"6":3,"7":2,"8":2,"9":1,"10":1,"11":27,"12":1,"13":2},"f":{"0":5,"1":5,"2":27},"b":{"0":[3],"1":[1]}}
[...]
ine":157,"column":69}},"type":"cond-expr","locations":[{"start":{"line":157,"column":57},"end":{"line":157,"column":59}},{"start":{"line":157,"column":50},"end":{"line":157,"column":69}}]},"83":{"loc":{"start":{"line":157,"column":50},"end":{"line":157,"column":59}},"type":"binary-expr","locations":[{"start":{"line":157,"column":50},"end":{"line":157,"column":59}},{"start":{"line":157,"column":50},"end":{"line":157,"column":59}}]},"84":{"loc":{"start":{"line":159,"column":4},"end":{"line":174,"column":null}},"type":"if","locations":[{"start":{"line":159,"column":4},"end":{"line":174,"column":null}},{"start":{"line":164,"column":11},"end":{"line":174,"column":null}}]},"85":{"loc":{"start":{"line":169,"column":21},"end":{"line":169,"column":37}},"type":"cond-expr","locations":[{"start":{"line":169,"column":28},"end":{"line":169,"column":30}},{"start":{"line":169,"column":21},"end":{"line":169,"column":37}}]},"86":{"loc":{"start":{"line":169,"column":21},"end":{"line":169,"column":30}},"type":"binary-expr","locations":[{"start":{"line":169,"column":21},"end":{"line":169,"column":30}},{"start":{"line":169,"column":21},"end":{"line":169,"column":30}}]},"87":{"loc":{"start":{"line":170,"column":22},"end":{"line":170,"column":40}},"type":"cond-expr","locations":[{"start":{"line":170,"column":30},"end":{"line":170,"column":32}},{"start":{"line":170,"column":22},"end":{"line":170,"column":40}}]},"88":{"loc":{"start":{"line":170,"column":22},"end":{"line":170,"column":32}},"type":"binary-expr","locations":[{"start":{"line":170,"column":22},"end":{"line":170,"column":32}},{"start":{"line":170,"column":22},"end":{"line":170,"column":32}}]},"89":{"loc":{"start":{"line":171,"column":21},"end":{"line":171,"column":37}},"type":"cond-expr","locations":[{"start":{"line":171,"column":28},"end":{"line":171,"column":30}},{"start":{"line":171,"column":21},"end":{"line":171,"column":37}}]},"90":{"loc":{"start":{"line":171,"column":21},"end":{"line":171,"column":30}},"type":"binary-expr","locations":[{"start":{"line":171,"column":21},"end":{"line":171,"column":30}},{"start":{"line":171,"column":21},"end":{"line":171,"column":30}}]},"91":{"loc":{"start":{"line":172,"column":22},"end":{"line":172,"column":40}},"type":"cond-expr","locations":[{"start":{"line":172,"column":30},"end":{"line":172,"column":32}},{"start":{"line":172,"column":22},"end":{"line":172,"column":40}}]},"92":{"loc":{"start":{"line":172,"column":22},"end":{"line":172,"column":32}},"type":"binary-expr","locations":[{"start":{"line":172,"column":22},"end":{"line":172,"column":32}},{"start":{"line":172,"column":22},"end":{"line":172,"column":32}}]}},"s":{"0":2,"1":2,"2":2,"3":2,"4":2,"5":2,"6":2,"7":2,"8":2,"9":2,"10":2,"11":4,"12":4,"13":4,"14":1,"15":3,"16":3,"17":2,"18":0,"19":2,"20":2,"21":2,"22":2,"23":2,"24":2,"25":2,"26":2,"27":1,"28":2,"29":2,"30":8,"31":8,"32":8,"33":8,"34":8,"35":8,"36":8,"37":1,"38":1,"39":1,"40":1,"41":1,"42":1,"43":1,"44":1,"45":1,"46":0,"47":1,"48":1,"49":1,"50":1,"51":7,"52":7,"53":7,"54":2,"55":2,"56":14,"57":14,"58":14,"59":14,"60":14,"61":1,"62":1,"63":1,"64":14,"65":2,"66":2,"67":3,"68":3,"69":3,"70":3,"71":3,"72":1,"73":1,"74":1,"75":2,"76":2},"f":{"0":4,"1":4,"2":8,"3":8,"4":14,"5":14,"6":3,"7":3},"b":{"0":[1],"1":[0],"2":[1,1],"3":[2,1],"4":[1,1],"5":[2,1],"6":[1,1],"7":[2,1],"8":[1,1],"9":[2,1],"10":[1,1],"11":[2,2],"12":[1,1],"13":[2,1],"14":[1,1],"15":[2,2],"16":[1,1],"17":[2,1],"18":[1,1],"19":[2,2],"20":[1,1],"21":[2,1],"22":[1,1],"23":[2,2],"24":[1,1],"25":[2,1],"26":[1,1],"27":[2,2],"28":[1,1],"29":[2,1],"30":[1,1],"31":[2,2],"32":[0,2],"33":[2,2],"34":[0,2],"35":[2,2],"36":[0,2],"37":[2,2],"38":[1,1],"39":[2,2],"40":[0,2],"41":[2,2],"42":[2,0],"43":[2,2],"44":[0,2],"45":[2,2],"46":[2,0],"47":[2,2],"48":[0,2],"49":[2,2],"50":[2,0],"51":[2,2],"52":[0,2],"53":[2,2],"54":[2,0],"55":[2,2],"56":[0,2],"57":[2,2],"58":[2,0],"59":[2,2],"60":[0,2],"61":[2,2],"62":[1,1],"63":[2,2],"64":[0,2],"65":[2,2],"66":[1,1],"67":[2,2],"68":[0,2],"69":[2,2],"70":[2,0],"71":[2,2],"72":[0,2],"73":[2,2],"74":[2,0],"75":[2,2],"76":[0,2],"77":[2,2],"78":[0,1],"79":[1,1],"80":[0,1],"81":[1,1],"82":[0,1],"83":[1,1],"84":[0,1],"85":[0,1],"86":[1,1],"87":[0,1],"88":[1,1],"89":[0,1],"90":[1,1],"91":[0,1],"92":[1,1]}}
,"D:\\backup-dell-latitude\\Desktop\\projects\\kulineran-yuk\\server\\src\\services\\passport\\passportConfigResto.ts": {"path":"D:\\backup-dell-latitude\\Desktop\\projects\\kulineran-yuk\\server\\src\\services\\passport\\passportConfigResto.ts","statementMap":{"0":{"start":{"line":1,"column":0},"end":{"line":1,"column":60}},"1":{"start":{"line":3,"column":0},"end":{"line":3,"column":32}},"2":{"start":{"line":4,"column":0},"end":{"line":4,"column":23}},"3":{"start":{"line":6,"column":0},"end":{"line":6,"column":34}},"4":{"start":{"line":7,"column":0},"end":{"line":7,"column":66}},"5":{"start":{"line":9,"column":23},"end":{"line":9,"column":53}},"6":{"start":{"line":11,"column":28},"end":{"line":60,"column":1}},"7":{"start":{"line":12,"column":2},"end":{"line":59,"column":4}},"8":{"start":{"line":19,"column":75},"end":{"line":58,"column":6}},"9":{"start":{"line":20,"column":6},"end":{"line":57,"column":null}},"10":{"start":{"line":21,"column":8},"end":{"line":53,"column":null}},"11":{"start":{"line":22,"column":31},"end":{"line":22,"column":91}},"12":{"start":{"line":24,"column":10},"end":{"line":52,"column":null}},"13":{"start":{"line":25,"column":59},"end":{"line":25,"column":71}},"14":{"start":{"line":26,"column":12},"end":{"line":30,"column":null}},"15":{"start":{"line":28,"column":16},"end":{"line":28,"column":90}},"16":{"start":{"line":29,"column":14},"end":{"line":29,"column":54}},"17":{"start":{"line":31,"column":12},"end":{"line":31,"column":44}},"18":{"start":{"line":39,"column":49},"end":{"line":48,"column":null}},"19":{"start":{"line":50,"column":28},"end":{"line":50,"column":60}},"20":{"start":{"line":51,"column":12},"end":{"line":51,"column":39}},"21":{"start":{"line":54,"column":8},"end":{"line":54,"column":55}},"22":{"start":{"line":56,"column":8},"end":{"line":56,"column":33}},"23":{"start":{"line":62,"column":0},"end":{"line":62,"column":35}}},"fnMap":{"0":{"name":"(anonymous_8)","decl":{"start":{"line":11,"column":28},"end":{"line":11,"column":29}},"loc":{"start":{"line":11,"column":57},"end":{"line":60,"column":1}}},"1":{"name":"(anonymous_9)","decl":{"start":{"line":19,"column":4},"end":{"line":19,"column":11}},"loc":{"start":{"line":19,"column":75},"end":{"line":58,"column":6}}},"2":{"name":"(anonymous_10)","decl":{"start":{"line":19,"column":75},"end":{"line":19,"column":null}},"loc":{"start":{"line":19,"column":75},"end":{"line":58,"column":5}}}},"branchMap":{"0":{"loc":{"start":{"line":21,"column":8},"end":{"line":53,"column":null}},"type":"if","locations":[{"start":{"line":21,"column":8},"end":{"line":53,"column":null}}]},"1":{"loc":{"start":{"line":21,"column":12},"end":{"line":21,"column":55}},"type":"binary-expr","locations":[{"start":{"line":21,"column":12},"end":{"line":21,"column":26}},{"start":{"line":21,"column":30},"end":{"line":21,"column":55}}]},"2":{"loc":{"start":{"line":24,"column":10},"end":{"line":52,"column":null}},"type":"if","locations":[{"start":{"line":24,"column":10},"end":{"line":52,"column":null}},{"start":{"line":32,"column":17},"end":{"line":52,"column":null}}]},"3":{"loc":{"start":{"line":26,"column":12},"end":{"line":30,"column":null}},"type":"if","locations":[{"start":{"line":26,"column":12},"end":{"line":30,"column":null}}]}},"s":{"0":1,"1":1,"2":1,"3":1,"4":1,"5":1,"6":1,"7":1,"8":0,"9":0,"10":0,"11":0,"12":0,"13":0,"14":0,"15":0,"16":0,"17":0,"18":0,"19":0,"20":0,"21":0,"22":0,"23":1},"f":{"0":1,"1":0,"2":0},"b":{"0":[0],"1":[0,0],"2":[0,0],"3":[0]}}
,"D:\\backup-dell-latitude\\Desktop\\projects\\kulineran-yuk\\server\\src\\utils\\convertImageGallery.ts": {"path":"D:\\backup-dell-latitude\\Desktop\\projects\\kulineran-yuk\\server\\src\\utils\\convertImageGallery.ts","statementMap":{"0":{"start":{"line":5,"column":28},"end":{"line":15,"column":1}},"1":{"start":{"line":6,"column":35},"end":{"line":6,"column":37}},"2":{"start":{"line":8,"column":2},"end":{"line":12,"column":null}},"3":{"start":{"line":8,"column":15},"end":{"line":8,"column":16}},"4":{"start":{"line":9,"column":16},"end":{"line":9,"column":31}},"5":{"start":{"line":10,"column":18},"end":{"line":10,"column":39}},"6":{"start":{"line":11,"column":4},"end":{"line":11,"column":29}},"7":{"start":{"line":14,"column":2},"end":{"line":14,"column":21}},"8":{"start":{"line":17,"column":0},"end":{"line":17,"column":35}}},"fnMap":{"0":{"name":"(anonymous_0)","decl":{"start":{"line":5,"column":28},"end":{"line":5,"column":29}},"loc":{"start":{"line":5,"column":68},"end":{"line":15,"column":1}}}},"branchMap":{"0":{"loc":{"start":{"line":10,"column":18},"end":{"line":10,"column":39}},"type":"binary-expr","locations":[{"start":{"line":10,"column":18},"end":{"line":10,"column":33}},{"start":{"line":10,"column":37},"end":{"line":10,"column":39}}]}},"s":{"0":3,"1":106,"2":106,"3":106,"4":530,"5":530,"6":530,"7":106,"8":3},"f":{"0":106},"b":{"0":[530,183]}}
,"D:\\backup-dell-latitude\\Desktop\\projects\\kulineran-yuk\\server\\src\\utils\\createCookie.ts": {"path":"D:\\backup-dell-latitude\\Desktop\\projects\\kulineran-yuk\\server\\src\\utils\\createCookie.ts","statementMap":{"0":{"start":{"line":2,"column":0},"end":{"line":2,"column":78}},"1":{"start":{"line":3,"column":0},"end":{"line":3,"column":42}},"2":{"start":{"line":4,"column":0},"end":{"line":4,"column":31}},"3":{"start":{"line":7,"column":37},"end":{"line":13,"column":1}},"4":{"start":{"line":8,"column":18},"end":{"line":8,"column":70}},"5":{"start":{"line":9,"column":16},"end":{"line":9,"column":65}},"6":{"start":{"line":10,"column":21},"end":{"line":10,"column":54}},"7":{"start":{"line":11,"column":17},"end":{"line":11,"column":36}},"8":{"start":{"line":12,"column":2},"end":{"line":12,"column":44}},"9":{"start":{"line":16,"column":2},"end":{"line":16,"column":30}}},"fnMap":{"0":{"name":"(anonymous_1)","decl":{"start":{"line":7,"column":37},"end":{"line":7,"column":38}},"loc":{"start":{"line":7,"column":90},"end":{"line":13,"column":1}}}},"branchMap":{},"s":{"0":1,"1":1,"2":1,"3":1,"4":1,"5":1,"6":1,"7":1,"8":1,"9":1},"f":{"0":1},"b":{}}
,"D:\\backup-dell-latitude\\Desktop\\projects\\kulineran-yuk\\server\\src\\utils\\createJwtPayloadData.ts": {"path":"D:\\backup-dell-latitude\\Desktop\\projects\\kulineran-yuk\\server\\src\\utils\\createJwtPayloadData.ts","statementMap":{"0":{"start":{"line":17,"column":45},"end":{"line":25,"column":1}},"1":{"start":{"line":20,"column":59},"end":{"line":23,"column":null}},"2":{"start":{"line":24,"column":2},"end":{"line":24,"column":21}},"3":{"start":{"line":62,"column":2},"end":{"line":62,"column":38}},"4":{"start":{"line":27,"column":48},"end":{"line":35,"column":1}},"5":{"start":{"line":30,"column":57},"end":{"line":33,"column":4}},"6":{"start":{"line":34,"column":2},"end":{"line":34,"column":21}},"7":{"start":{"line":63,"column":2},"end":{"line":63,"column":41}},"8":{"start":{"line":37,"column":41},"end":{"line":47,"column":1}},"9":{"start":{"line":40,"column":83},"end":{"line":45,"column":null}},"10":{"start":{"line":46,"column":2},"end":{"line":46,"column":21}},"11":{"start":{"line":64,"column":2},"end":{"line":64,"column":34}},"12":{"start":{"line":49,"column":44},"end":{"line":59,"column":1}},"13":{"start":{"line":52,"column":81},"end":{"line":57,"column":4}},"14":{"start":{"line":58,"column":2},"end":{"line":58,"column":21}},"15":{"start":{"line":65,"column":2},"end":{"line":65,"column":37}}},"fnMap":{"0":{"name":"(anonymous_0)","decl":{"start":{"line":17,"column":45},"end":{"line":17,"column":null}},"loc":{"start":{"line":19,"column":29},"end":{"line":25,"column":1}}},"1":{"name":"(anonymous_1)","decl":{"start":{"line":27,"column":48},"end":{"line":27,"column":null}},"loc":{"start":{"line":29,"column":29},"end":{"line":35,"column":1}}},"2":{"name":"(anonymous_2)","decl":{"start":{"line":37,"column":41},"end":{"line":37,"column":null}},"loc":{"start":{"line":39,"column":25},"end":{"line":47,"column":1}}},"3":{"name":"(anonymous_3)","decl":{"start":{"line":49,"column":44},"end":{"line":49,"column":null}},"loc":{"start":{"line":51,"column":25},"end":{"line":59,"column":1}}}},"branchMap":{},"s":{"0":4,"1":3,"2":3,"3":4,"4":4,"5":0,"6":0,"7":4,"8":4,"9":1,"10":1,"11":4,"12":4,"13":0,"14":0,"15":4},"f":{"0":3,"1":0,"2":1,"3":0},"b":{}}
,"D:\\backup-dell-latitude\\Desktop\\projects\\kulineran-yuk\\server\\src\\utils\\createRestaurantEmailVerification.ts": {"path":"D:\\backup-dell-latitude\\Desktop\\projects\\kulineran-yuk\\server\\src\\utils\\createRestaurantEmailVerification.ts","statementMap":{"0":{"start":{"line":1,"column":0},"end":{"line":1,"column":26}},"1":{"start":{"line":2,"column":0},"end":{"line":2,"column":36}},"2":{"start":{"line":5,"column":0},"end":{"line":5,"column":70}},"3":{"start":{"line":7,"column":42},"end":{"line":24,"column":2}},"4":{"start":{"line":13,"column":20},"end":{"line":24,"column":2}},"5":{"start":{"line":14,"column":14},"end":{"line":14,"column":21}},"6":{"start":{"line":15,"column":20},"end":{"line":15,"column":56}},"7":{"start":{"line":16,"column":23},"end":{"line":16,"column":31}},"8":{"start":{"line":18,"column":2},"end":{"line":23,"column":5}},"9":{"start":{"line":26,"column":0},"end":{"line":26,"column":49}}},"fnMap":{"0":{"name":"(anonymous_8)","decl":{"start":{"line":7,"column":42},"end":{"line":7,"column":49}},"loc":{"start":{"line":13,"column":20},"end":{"line":24,"column":2}}},"1":{"name":"(anonymous_9)","decl":{"start":{"line":13,"column":20},"end":{"line":13,"column":null}},"loc":{"start":{"line":13,"column":20},"end":{"line":24,"column":1}}}},"branchMap":{},"s":{"0":3,"1":3,"2":3,"3":3,"4":6,"5":6,"6":6,"7":6,"8":6,"9":3},"f":{"0":6,"1":6},"b":{}}
,"D:\\backup-dell-latitude\\Desktop\\projects\\kulineran-yuk\\server\\src\\utils\\index.ts": {"path":"D:\\backup-dell-latitude\\Desktop\\projects\\kulineran-yuk\\server\\src\\utils\\index.ts","statementMap":{"0":{"start":{"line":1,"column":0},"end":{"line":1,"column":null}},"1":{"start":{"line":16,"column":2},"end":{"line":2,"column":null}},"2":{"start":{"line":17,"column":2},"end":{"line":3,"column":null}},"3":{"start":{"line":18,"column":2},"end":{"line":4,"column":null}},"4":{"start":{"line":19,"column":2},"end":{"line":5,"column":null}},"5":{"start":{"line":8,"column":0},"end":{"line":8,"column":null}},"6":{"start":{"line":20,"column":2},"end":{"line":9,"column":null}},"7":{"start":{"line":21,"column":2},"end":{"line":10,"column":null}},"8":{"start":{"line":22,"column":2},"end":{"line":11,"column":null}},"9":{"start":{"line":23,"column":2},"end":{"line":12,"column":null}}},"fnMap":{"0":{"name":"(anonymous_0)","decl":{"start":{"line":16,"column":2},"end":{"line":16,"column":19}},"loc":{"start":{"line":16,"column":2},"end":{"line":2,"column":null}}},"1":{"name":"(anonymous_1)","decl":{"start":{"line":17,"column":2},"end":{"line":17,"column":15}},"loc":{"start":{"line":17,"column":2},"end":{"line":3,"column":null}}},"2":{"name":"(anonymous_2)","decl":{"start":{"line":18,"column":2},"end":{"line":18,"column":20}},"loc":{"start":{"line":18,"column":2},"end":{"line":4,"column":null}}},"3":{"name":"(anonymous_3)","decl":{"start":{"line":19,"column":2},"end":{"line":19,"column":16}},"loc":{"start":{"line":19,"column":2},"end":{"line":5,"column":null}}},"4":{"name":"(anonymous_4)","decl":{"start":{"line":20,"column":2},"end":{"line":20,"column":41}},"loc":{"start":{"line":20,"column":2},"end":{"line":9,"column":null}}},"5":{"name":"(anonymous_5)","decl":{"start":{"line":21,"column":2},"end":{"line":21,"column":37}},"loc":{"start":{"line":21,"column":2},"end":{"line":10,"column":null}}},"6":{"name":"(anonymous_6)","decl":{"start":{"line":22,"column":2},"end":{"line":22,"column":34}},"loc":{"start":{"line":22,"column":2},"end":{"line":11,"column":null}}},"7":{"name":"(anonymous_7)","decl":{"start":{"line":23,"column":2},"end":{"line":23,"column":38}},"loc":{"start":{"line":23,"column":2},"end":{"line":12,"column":null}}}},"branchMap":{},"s":{"0":4,"1":5,"2":4,"3":8,"4":4,"5":4,"6":4,"7":4,"8":5,"9":6},"f":{"0":1,"1":0,"2":4,"3":0,"4":0,"5":0,"6":1,"7":2},"b":{}}
,"D:\\backup-dell-latitude\\Desktop\\projects\\kulineran-yuk\\server\\src\\utils\\jwt.ts": {"path":"D:\\backup-dell-latitude\\Desktop\\projects\\kulineran-yuk\\server\\src\\utils\\jwt.ts","statementMap":{"0":{"start":{"line":1,"column":0},"end":{"line":1,"column":31}},"1":{"start":{"line":2,"column":0},"end":{"line":2,"column":31}},"2":{"start":{"line":4,"column":0},"end":{"line":4,"column":44}},"3":{"start":{"line":6,"column":26},"end":{"line":24,"column":1}},"4":{"start":{"line":14,"column":2},"end":{"line":16,"column":41}},"5":{"start":{"line":18,"column":16},"end":{"line":21,"column":null}},"6":{"start":{"line":23,"column":2},"end":{"line":23,"column":15}},"7":{"start":{"line":85,"column":2},"end":{"line":85,"column":19}},"8":{"start":{"line":26,"column":22},"end":{"line":44,"column":1}},"9":{"start":{"line":34,"column":2},"end":{"line":36,"column":37}},"10":{"start":{"line":38,"column":16},"end":{"line":41,"column":null}},"11":{"start":{"line":43,"column":2},"end":{"line":43,"column":15}},"12":{"start":{"line":86,"column":2},"end":{"line":86,"column":15}},"13":{"start":{"line":46,"column":27},"end":{"line":63,"column":1}},"14":{"start":{"line":54,"column":4},"end":{"line":56,"column":43}},"15":{"start":{"line":58,"column":2},"end":{"line":62,"column":null}},"16":{"start":{"line":59,"column":4},"end":{"line":59,"column":40}},"17":{"start":{"line":61,"column":4},"end":{"line":61,"column":16}},"18":{"start":{"line":87,"column":2},"end":{"line":87,"column":20}},"19":{"start":{"line":65,"column":23},"end":{"line":82,"column":1}},"20":{"start":{"line":73,"column":4},"end":{"line":75,"column":39}},"21":{"start":{"line":77,"column":2},"end":{"line":81,"column":null}},"22":{"start":{"line":78,"column":4},"end":{"line":78,"column":40}},"23":{"start":{"line":80,"column":4},"end":{"line":80,"column":93}},"24":{"start":{"line":88,"column":2},"end":{"line":88,"column":16}}},"fnMap":{"0":{"name":"(anonymous_1)","decl":{"start":{"line":6,"column":26},"end":{"line":6,"column":27}},"loc":{"start":{"line":12,"column":13},"end":{"line":24,"column":1}}},"1":{"name":"(anonymous_2)","decl":{"start":{"line":26,"column":22},"end":{"line":26,"column":23}},"loc":{"start":{"line":32,"column":13},"end":{"line":44,"column":1}}},"2":{"name":"(anonymous_3)","decl":{"start":{"line":46,"column":27},"end":{"line":46,"column":28}},"loc":{"start":{"line":52,"column":5},"end":{"line":63,"column":1}}},"3":{"name":"(anonymous_4)","decl":{"start":{"line":65,"column":23},"end":{"line":65,"column":24}},"loc":{"start":{"line":71,"column":5},"end":{"line":82,"column":1}}}},"branchMap":{"0":{"loc":{"start":{"line":14,"column":2},"end":{"line":16,"column":41}},"type":"cond-expr","locations":[{"start":{"line":15,"column":6},"end":{"line":15,"column":38}},{"start":{"line":16,"column":6},"end":{"line":16,"column":41}}]},"1":{"loc":{"start":{"line":34,"column":2},"end":{"line":36,"column":37}},"type":"cond-expr","locations":[{"start":{"line":35,"column":6},"end":{"line":35,"column":34}},{"start":{"line":36,"column":6},"end":{"line":36,"column":37}}]},"2":{"loc":{"start":{"line":54,"column":4},"end":{"line":56,"column":43}},"type":"cond-expr","locations":[{"start":{"line":55,"column":8},"end":{"line":55,"column":40}},{"start":{"line":56,"column":8},"end":{"line":56,"column":43}}]},"3":{"loc":{"start":{"line":73,"column":4},"end":{"line":75,"column":39}},"type":"cond-expr","locations":[{"start":{"line":74,"column":8},"end":{"line":74,"column":36}},{"start":{"line":75,"column":8},"end":{"line":75,"column":39}}]}},"s":{"0":4,"1":4,"2":4,"3":4,"4":2,"5":2,"6":2,"7":4,"8":4,"9":0,"10":0,"11":0,"12":4,"13":4,"14":4,"15":4,"16":4,"17":3,"18":4,"19":4,"20":0,"21":0,"22":0,"23":0,"24":4},"f":{"0":2,"1":0,"2":4,"3":0},"b":{"0":[2,0],"1":[0,0],"2":[4,0],"3":[0,0]}}
}
