{"D:\\backup-dell-latitude\\Desktop\\projects\\kulineran-yuk\\server\\src\\app.ts": {"path":"D:\\backup-dell-latitude\\Desktop\\projects\\kulineran-yuk\\server\\src\\app.ts","statementMap":{"0":{"start":{"line":1,"column":0},"end":{"line":1,"column":53}},"1":{"start":{"line":2,"column":0},"end":{"line":2,"column":34}},"2":{"start":{"line":3,"column":0},"end":{"line":3,"column":55}},"3":{"start":{"line":4,"column":0},"end":{"line":4,"column":63}},"4":{"start":{"line":5,"column":0},"end":{"line":5,"column":41}},"5":{"start":{"line":7,"column":12},"end":{"line":7,"column":21}},"6":{"start":{"line":9,"column":0},"end":{"line":9,"column":24}},"7":{"start":{"line":10,"column":0},"end":{"line":10,"column":24}},"8":{"start":{"line":13,"column":0},"end":{"line":13,"column":31}},"9":{"start":{"line":16,"column":0},"end":{"line":16,"column":23}},"10":{"start":{"line":17,"column":0},"end":{"line":17,"column":32}},"11":{"start":{"line":19,"column":0},"end":{"line":19,"column":19}}},"fnMap":{},"branchMap":{},"s":{"0":1,"1":1,"2":1,"3":1,"4":1,"5":1,"6":1,"7":1,"8":1,"9":1,"10":1,"11":1},"f":{},"b":{}}
,"D:\\backup-dell-latitude\\Desktop\\projects\\kulineran-yuk\\server\\src\\config.ts": {"path":"D:\\backup-dell-latitude\\Desktop\\projects\\kulineran-yuk\\server\\src\\config.ts","statementMap":{"0":{"start":{"line":1,"column":0},"end":{"line":1,"column":28}},"1":{"start":{"line":2,"column":0},"end":{"line":2,"column":16}},"2":{"start":{"line":4,"column":0},"end":{"line":21,"column":2}}},"fnMap":{},"branchMap":{},"s":{"0":16,"1":16,"2":16},"f":{},"b":{}}
,"D:\\backup-dell-latitude\\Desktop\\projects\\kulineran-yuk\\server\\src\\api\\v1\\location\\route.ts": {"path":"D:\\backup-dell-latitude\\Desktop\\projects\\kulineran-yuk\\server\\src\\api\\v1\\location\\route.ts","statementMap":{"0":{"start":{"line":1,"column":0},"end":{"line":1,"column":33}},"1":{"start":{"line":2,"column":0},"end":{"line":2,"column":54}},"2":{"start":{"line":3,"column":0},"end":{"line":3,"column":54}},"3":{"start":{"line":4,"column":0},"end":{"line":4,"column":52}},"4":{"start":{"line":5,"column":0},"end":{"line":5,"column":52}},"5":{"start":{"line":8,"column":23},"end":{"line":8,"column":31}},"6":{"start":{"line":10,"column":0},"end":{"line":10,"column":56}},"7":{"start":{"line":11,"column":0},"end":{"line":11,"column":54}},"8":{"start":{"line":12,"column":0},"end":{"line":12,"column":56}},"9":{"start":{"line":13,"column":0},"end":{"line":13,"column":54}},"10":{"start":{"line":15,"column":0},"end":{"line":15,"column":30}}},"fnMap":{},"branchMap":{},"s":{"0":1,"1":1,"2":1,"3":1,"4":1,"5":1,"6":1,"7":1,"8":1,"9":1,"10":1},"f":{},"b":{}}
,"D:\\backup-dell-latitude\\Desktop\\projects\\kulineran-yuk\\server\\src\\api\\v1\\location\\district\\controller.ts": {"path":"D:\\backup-dell-latitude\\Desktop\\projects\\kulineran-yuk\\server\\src\\api\\v1\\location\\district\\controller.ts","statementMap":{"0":{"start":{"line":2,"column":0},"end":{"line":2,"column":48}},"1":{"start":{"line":3,"column":0},"end":{"line":3,"column":78}},"2":{"start":{"line":4,"column":0},"end":{"line":4,"column":62}},"3":{"start":{"line":6,"column":30},"end":{"line":21,"column":2}},"4":{"start":{"line":10,"column":19},"end":{"line":21,"column":2}},"5":{"start":{"line":11,"column":2},"end":{"line":20,"column":null}},"6":{"start":{"line":12,"column":19},"end":{"line":12,"column":41}},"7":{"start":{"line":13,"column":4},"end":{"line":17,"column":8}},"8":{"start":{"line":19,"column":4},"end":{"line":19,"column":16}},"9":{"start":{"line":23,"column":9},"end":{"line":23,"column":30}}},"fnMap":{"0":{"name":"(anonymous_7)","decl":{"start":{"line":6,"column":30},"end":{"line":6,"column":null}},"loc":{"start":{"line":10,"column":19},"end":{"line":21,"column":2}}},"1":{"name":"(anonymous_8)","decl":{"start":{"line":10,"column":19},"end":{"line":10,"column":null}},"loc":{"start":{"line":10,"column":19},"end":{"line":21,"column":1}}}},"branchMap":{},"s":{"0":1,"1":1,"2":1,"3":1,"4":0,"5":0,"6":0,"7":0,"8":0,"9":1},"f":{"0":0,"1":0},"b":{}}
,"D:\\backup-dell-latitude\\Desktop\\projects\\kulineran-yuk\\server\\src\\api\\v1\\location\\district\\route.ts": {"path":"D:\\backup-dell-latitude\\Desktop\\projects\\kulineran-yuk\\server\\src\\api\\v1\\location\\district\\route.ts","statementMap":{"0":{"start":{"line":1,"column":0},"end":{"line":1,"column":33}},"1":{"start":{"line":2,"column":0},"end":{"line":2,"column":53}},"2":{"start":{"line":5,"column":31},"end":{"line":5,"column":39}},"3":{"start":{"line":7,"column":0},"end":{"line":7,"column":55}},"4":{"start":{"line":9,"column":0},"end":{"line":9,"column":38}}},"fnMap":{},"branchMap":{},"s":{"0":1,"1":1,"2":1,"3":1,"4":1},"f":{},"b":{}}
,"D:\\backup-dell-latitude\\Desktop\\projects\\kulineran-yuk\\server\\src\\api\\v1\\location\\province\\controller.ts": {"path":"D:\\backup-dell-latitude\\Desktop\\projects\\kulineran-yuk\\server\\src\\api\\v1\\location\\province\\controller.ts","statementMap":{"0":{"start":{"line":2,"column":0},"end":{"line":2,"column":82}},"1":{"start":{"line":3,"column":0},"end":{"line":3,"column":48}},"2":{"start":{"line":4,"column":0},"end":{"line":4,"column":62}},"3":{"start":{"line":6,"column":30},"end":{"line":22,"column":2}},"4":{"start":{"line":10,"column":19},"end":{"line":22,"column":2}},"5":{"start":{"line":11,"column":2},"end":{"line":21,"column":null}},"6":{"start":{"line":12,"column":19},"end":{"line":12,"column":42}},"7":{"start":{"line":14,"column":4},"end":{"line":18,"column":8}},"8":{"start":{"line":20,"column":4},"end":{"line":20,"column":null}},"9":{"start":{"line":24,"column":9},"end":{"line":24,"column":30}}},"fnMap":{"0":{"name":"(anonymous_7)","decl":{"start":{"line":6,"column":30},"end":{"line":6,"column":null}},"loc":{"start":{"line":10,"column":19},"end":{"line":22,"column":2}}},"1":{"name":"(anonymous_8)","decl":{"start":{"line":10,"column":19},"end":{"line":10,"column":null}},"loc":{"start":{"line":10,"column":19},"end":{"line":22,"column":1}}}},"branchMap":{},"s":{"0":1,"1":1,"2":1,"3":1,"4":0,"5":0,"6":0,"7":0,"8":0,"9":1},"f":{"0":0,"1":0},"b":{}}
,"D:\\backup-dell-latitude\\Desktop\\projects\\kulineran-yuk\\server\\src\\api\\v1\\location\\province\\route.ts": {"path":"D:\\backup-dell-latitude\\Desktop\\projects\\kulineran-yuk\\server\\src\\api\\v1\\location\\province\\route.ts","statementMap":{"0":{"start":{"line":1,"column":0},"end":{"line":1,"column":33}},"1":{"start":{"line":2,"column":0},"end":{"line":2,"column":53}},"2":{"start":{"line":5,"column":31},"end":{"line":5,"column":39}},"3":{"start":{"line":7,"column":0},"end":{"line":7,"column":55}},"4":{"start":{"line":9,"column":0},"end":{"line":9,"column":38}}},"fnMap":{},"branchMap":{},"s":{"0":1,"1":1,"2":1,"3":1,"4":1},"f":{},"b":{}}
,"D:\\backup-dell-latitude\\Desktop\\projects\\kulineran-yuk\\server\\src\\api\\v1\\location\\regency\\controller.ts": {"path":"D:\\backup-dell-latitude\\Desktop\\projects\\kulineran-yuk\\server\\src\\api\\v1\\location\\regency\\controller.ts","statementMap":{"0":{"start":{"line":2,"column":0},"end":{"line":2,"column":48}},"1":{"start":{"line":3,"column":0},"end":{"line":3,"column":76}},"2":{"start":{"line":4,"column":0},"end":{"line":4,"column":62}},"3":{"start":{"line":6,"column":29},"end":{"line":21,"column":2}},"4":{"start":{"line":10,"column":19},"end":{"line":21,"column":2}},"5":{"start":{"line":11,"column":2},"end":{"line":20,"column":null}},"6":{"start":{"line":12,"column":19},"end":{"line":12,"column":40}},"7":{"start":{"line":13,"column":4},"end":{"line":17,"column":8}},"8":{"start":{"line":19,"column":4},"end":{"line":19,"column":null}},"9":{"start":{"line":23,"column":9},"end":{"line":23,"column":29}}},"fnMap":{"0":{"name":"(anonymous_7)","decl":{"start":{"line":6,"column":29},"end":{"line":6,"column":null}},"loc":{"start":{"line":10,"column":19},"end":{"line":21,"column":2}}},"1":{"name":"(anonymous_8)","decl":{"start":{"line":10,"column":19},"end":{"line":10,"column":null}},"loc":{"start":{"line":10,"column":19},"end":{"line":21,"column":1}}}},"branchMap":{},"s":{"0":1,"1":1,"2":1,"3":1,"4":0,"5":0,"6":0,"7":0,"8":0,"9":1},"f":{"0":0,"1":0},"b":{}}
,"D:\\backup-dell-latitude\\Desktop\\projects\\kulineran-yuk\\server\\src\\api\\v1\\location\\regency\\route.ts": {"path":"D:\\backup-dell-latitude\\Desktop\\projects\\kulineran-yuk\\server\\src\\api\\v1\\location\\regency\\route.ts","statementMap":{"0":{"start":{"line":1,"column":0},"end":{"line":1,"column":33}},"1":{"start":{"line":2,"column":0},"end":{"line":2,"column":52}},"2":{"start":{"line":5,"column":30},"end":{"line":5,"column":38}},"3":{"start":{"line":7,"column":0},"end":{"line":7,"column":53}},"4":{"start":{"line":9,"column":0},"end":{"line":9,"column":37}}},"fnMap":{},"branchMap":{},"s":{"0":1,"1":1,"2":1,"3":1,"4":1},"f":{},"b":{}}
,"D:\\backup-dell-latitude\\Desktop\\projects\\kulineran-yuk\\server\\src\\api\\v1\\location\\village\\controller.ts": {"path":"D:\\backup-dell-latitude\\Desktop\\projects\\kulineran-yuk\\server\\src\\api\\v1\\location\\village\\controller.ts","statementMap":{"0":{"start":{"line":2,"column":0},"end":{"line":2,"column":48}},"1":{"start":{"line":3,"column":0},"end":{"line":3,"column":76}},"2":{"start":{"line":4,"column":0},"end":{"line":4,"column":62}},"3":{"start":{"line":6,"column":29},"end":{"line":21,"column":2}},"4":{"start":{"line":10,"column":19},"end":{"line":21,"column":2}},"5":{"start":{"line":11,"column":2},"end":{"line":20,"column":null}},"6":{"start":{"line":12,"column":19},"end":{"line":12,"column":40}},"7":{"start":{"line":13,"column":4},"end":{"line":17,"column":8}},"8":{"start":{"line":19,"column":4},"end":{"line":19,"column":null}},"9":{"start":{"line":23,"column":9},"end":{"line":23,"column":29}}},"fnMap":{"0":{"name":"(anonymous_7)","decl":{"start":{"line":6,"column":29},"end":{"line":6,"column":null}},"loc":{"start":{"line":10,"column":19},"end":{"line":21,"column":2}}},"1":{"name":"(anonymous_8)","decl":{"start":{"line":10,"column":19},"end":{"line":10,"column":null}},"loc":{"start":{"line":10,"column":19},"end":{"line":21,"column":1}}}},"branchMap":{},"s":{"0":1,"1":1,"2":1,"3":1,"4":0,"5":0,"6":0,"7":0,"8":0,"9":1},"f":{"0":0,"1":0},"b":{}}
,"D:\\backup-dell-latitude\\Desktop\\projects\\kulineran-yuk\\server\\src\\api\\v1\\location\\village\\route.ts": {"path":"D:\\backup-dell-latitude\\Desktop\\projects\\kulineran-yuk\\server\\src\\api\\v1\\location\\village\\route.ts","statementMap":{"0":{"start":{"line":1,"column":0},"end":{"line":1,"column":33}},"1":{"start":{"line":2,"column":0},"end":{"line":2,"column":52}},"2":{"start":{"line":5,"column":30},"end":{"line":5,"column":38}},"3":{"start":{"line":7,"column":0},"end":{"line":7,"column":53}},"4":{"start":{"line":9,"column":0},"end":{"line":9,"column":37}}},"fnMap":{},"branchMap":{},"s":{"0":1,"1":1,"2":1,"3":1,"4":1},"f":{},"b":{}}
,"D:\\backup-dell-latitude\\Desktop\\projects\\kulineran-yuk\\server\\src\\api\\v1\\resto\\route.ts": {"path":"D:\\backup-dell-latitude\\Desktop\\projects\\kulineran-yuk\\server\\src\\api\\v1\\resto\\route.ts","statementMap":{"0":{"start":{"line":1,"column":0},"end":{"line":1,"column":33}},"1":{"start":{"line":2,"column":0},"end":{"line":2,"column":43}},"2":{"start":{"line":3,"column":0},"end":{"line":3,"column":49}},"3":{"start":{"line":4,"column":0},"end":{"line":4,"column":49}},"4":{"start":{"line":5,"column":0},"end":{"line":5,"column":44}},"5":{"start":{"line":6,"column":0},"end":{"line":6,"column":56}},"6":{"start":{"line":7,"column":0},"end":{"line":7,"column":61}},"7":{"start":{"line":10,"column":20},"end":{"line":10,"column":28}},"8":{"start":{"line":12,"column":0},"end":{"line":12,"column":42}},"9":{"start":{"line":13,"column":0},"end":{"line":13,"column":48}},"10":{"start":{"line":14,"column":0},"end":{"line":14,"column":48}},"11":{"start":{"line":15,"column":0},"end":{"line":15,"column":44}},"12":{"start":{"line":16,"column":0},"end":{"line":16,"column":55}},"13":{"start":{"line":17,"column":0},"end":{"line":17,"column":60}},"14":{"start":{"line":19,"column":0},"end":{"line":19,"column":27}}},"fnMap":{},"branchMap":{},"s":{"0":1,"1":1,"2":1,"3":1,"4":1,"5":1,"6":1,"7":1,"8":1,"9":1,"10":1,"11":1,"12":1,"13":1,"14":1},"f":{},"b":{}}
,"D:\\backup-dell-latitude\\Desktop\\projects\\kulineran-yuk\\server\\src\\api\\v1\\resto\\account\\controller.ts": {"path":"D:\\backup-dell-latitude\\Desktop\\projects\\kulineran-yuk\\server\\src\\api\\v1\\resto\\account\\controller.ts","statementMap":{"0":{"start":{"line":2,"column":0},"end":{"line":2,"column":48}},"1":{"start":{"line":3,"column":0},"end":{"line":3,"column":62}},"2":{"start":{"line":4,"column":0},"end":{"line":4,"column":null}},"3":{"start":{"line":12,"column":51},"end":{"line":25,"column":2}},"4":{"start":{"line":16,"column":4},"end":{"line":25,"column":2}},"5":{"start":{"line":17,"column":2},"end":{"line":24,"column":null}},"6":{"start":{"line":18,"column":4},"end":{"line":18,"column":48}},"7":{"start":{"line":19,"column":4},"end":{"line":21,"column":93}},"8":{"start":{"line":23,"column":4},"end":{"line":23,"column":16}},"9":{"start":{"line":88,"column":2},"end":{"line":88,"column":44}},"10":{"start":{"line":27,"column":44},"end":{"line":40,"column":2}},"11":{"start":{"line":31,"column":4},"end":{"line":40,"column":2}},"12":{"start":{"line":32,"column":2},"end":{"line":39,"column":null}},"13":{"start":{"line":33,"column":4},"end":{"line":33,"column":41}},"14":{"start":{"line":34,"column":4},"end":{"line":36,"column":98}},"15":{"start":{"line":38,"column":4},"end":{"line":38,"column":16}},"16":{"start":{"line":89,"column":2},"end":{"line":89,"column":37}},"17":{"start":{"line":42,"column":45},"end":{"line":55,"column":2}},"18":{"start":{"line":46,"column":4},"end":{"line":55,"column":2}},"19":{"start":{"line":47,"column":2},"end":{"line":54,"column":null}},"20":{"start":{"line":48,"column":4},"end":{"line":48,"column":42}},"21":{"start":{"line":49,"column":4},"end":{"line":51,"column":88}},"22":{"start":{"line":53,"column":4},"end":{"line":53,"column":16}},"23":{"start":{"line":90,"column":2},"end":{"line":90,"column":38}},"24":{"start":{"line":57,"column":40},"end":{"line":70,"column":2}},"25":{"start":{"line":61,"column":4},"end":{"line":70,"column":2}},"26":{"start":{"line":62,"column":2},"end":{"line":69,"column":null}},"27":{"start":{"line":63,"column":4},"end":{"line":63,"column":37}},"28":{"start":{"line":64,"column":4},"end":{"line":66,"column":110}},"29":{"start":{"line":68,"column":4},"end":{"line":68,"column":16}},"30":{"start":{"line":91,"column":2},"end":{"line":91,"column":33}},"31":{"start":{"line":72,"column":52},"end":{"line":85,"column":2}},"32":{"start":{"line":76,"column":4},"end":{"line":85,"column":2}},"33":{"start":{"line":77,"column":2},"end":{"line":84,"column":null}},"34":{"start":{"line":78,"column":4},"end":{"line":78,"column":49}},"35":{"start":{"line":79,"column":4},"end":{"line":81,"column":100}},"36":{"start":{"line":83,"column":4},"end":{"line":83,"column":16}},"37":{"start":{"line":92,"column":2},"end":{"line":92,"column":45}}},"fnMap":{"0":{"name":"(anonymous_7)","decl":{"start":{"line":12,"column":51},"end":{"line":12,"column":null}},"loc":{"start":{"line":16,"column":4},"end":{"line":25,"column":2}}},"1":{"name":"(anonymous_8)","decl":{"start":{"line":16,"column":4},"end":{"line":16,"column":null}},"loc":{"start":{"line":16,"column":4},"end":{"line":25,"column":1}}},"2":{"name":"(anonymous_9)","decl":{"start":{"line":27,"column":44},"end":{"line":27,"column":null}},"loc":{"start":{"line":31,"column":4},"end":{"line":40,"column":2}}},"3":{"name":"(anonymous_10)","decl":{"start":{"line":31,"column":4},"end":{"line":31,"column":null}},"loc":{"start":{"line":31,"column":4},"end":{"line":40,"column":1}}},"4":{"name":"(anonymous_11)","decl":{"start":{"line":42,"column":45},"end":{"line":42,"column":null}},"loc":{"start":{"line":46,"column":4},"end":{"line":55,"column":2}}},"5":{"name":"(anonymous_12)","decl":{"start":{"line":46,"column":4},"end":{"line":46,"column":null}},"loc":{"start":{"line":46,"column":4},"end":{"line":55,"column":1}}},"6":{"name":"(anonymous_13)","decl":{"start":{"line":57,"column":40},"end":{"line":57,"column":null}},"loc":{"start":{"line":61,"column":4},"end":{"line":70,"column":2}}},"7":{"name":"(anonymous_14)","decl":{"start":{"line":61,"column":4},"end":{"line":61,"column":null}},"loc":{"start":{"line":61,"column":4},"end":{"line":70,"column":1}}},"8":{"name":"(anonymous_15)","decl":{"start":{"line":72,"column":52},"end":{"line":72,"column":null}},"loc":{"start":{"line":76,"column":4},"end":{"line":85,"column":2}}},"9":{"name":"(anonymous_16)","decl":{"start":{"line":76,"column":4},"end":{"line":76,"column":null}},"loc":{"start":{"line":76,"column":4},"end":{"line":85,"column":1}}}},"branchMap":{},"s":{"0":1,"1":1,"2":1,"3":1,"4":0,"5":0,"6":0,"7":0,"8":0,"9":1,"10":1,"11":0,"12":0,"13":0,"14":0,"15":0,"16":1,"17":1,"18":0,"19":0,"20":0,"21":0,"22":0,"23":1,"24":1,"25":0,"26":0,"27":0,"28":0,"29":0,"30":1,"31":1,"32":0,"33":0,"34":0,"35":0,"36":0,"37":1},"f":{"0":0,"1":0,"2":0,"3":0,"4":0,"5":0,"6":0,"7":0,"8":0,"9":0},"b":{}}
,"D:\\backup-dell-latitude\\Desktop\\projects\\kulineran-yuk\\server\\src\\api\\v1\\resto\\account\\route.ts": {"path":"D:\\backup-dell-latitude\\Desktop\\projects\\kulineran-yuk\\server\\src\\api\\v1\\resto\\account\\route.ts","statementMap":{"0":{"start":{"line":1,"column":0},"end":{"line":1,"column":33}},"1":{"start":{"line":2,"column":0},"end":{"line":2,"column":null}},"2":{"start":{"line":9,"column":27},"end":{"line":9,"column":35}},"3":{"start":{"line":12,"column":0},"end":{"line":12,"column":85}},"4":{"start":{"line":13,"column":0},"end":{"line":13,"column":91}},"5":{"start":{"line":14,"column":0},"end":{"line":14,"column":80}},"6":{"start":{"line":15,"column":0},"end":{"line":15,"column":80}},"7":{"start":{"line":16,"column":0},"end":{"line":16,"column":57}},"8":{"start":{"line":18,"column":0},"end":{"line":18,"column":34}}},"fnMap":{"0":{"name":"(anonymous_0)","decl":{"start":{"line":16,"column":47},"end":{"line":16,"column":50}},"loc":{"start":{"line":16,"column":52},"end":{"line":16,"column":55}}}},"branchMap":{},"s":{"0":1,"1":1,"2":1,"3":1,"4":1,"5":1,"6":1,"7":1,"8":1},"f":{"0":0},"b":{}}
,"D:\\backup-dell-latitude\\Desktop\\projects\\kulineran-yuk\\server\\src\\api\\v1\\resto\\auth\\controller.ts": {"path":"D:\\backup-dell-latitude\\Desktop\\projects\\kulineran-yuk\\server\\src\\api\\v1\\resto\\auth\\controller.ts","statementMap":{"0":{"start":{"line":2,"column":0},"end":{"line":2,"column":48}},"1":{"start":{"line":4,"column":0},"end":{"line":4,"column":82}},"2":{"start":{"line":5,"column":0},"end":{"line":5,"column":62}},"3":{"start":{"line":7,"column":0},"end":{"line":7,"column":78}},"4":{"start":{"line":9,"column":29},"end":{"line":24,"column":2}},"5":{"start":{"line":13,"column":19},"end":{"line":24,"column":2}},"6":{"start":{"line":14,"column":2},"end":{"line":23,"column":null}},"7":{"start":{"line":15,"column":19},"end":{"line":15,"column":62}},"8":{"start":{"line":16,"column":4},"end":{"line":20,"column":10}},"9":{"start":{"line":22,"column":4},"end":{"line":22,"column":16}},"10":{"start":{"line":61,"column":2},"end":{"line":61,"column":22}},"11":{"start":{"line":26,"column":29},"end":{"line":42,"column":2}},"12":{"start":{"line":30,"column":4},"end":{"line":42,"column":2}},"13":{"start":{"line":31,"column":2},"end":{"line":41,"column":null}},"14":{"start":{"line":32,"column":19},"end":{"line":32,"column":55}},"15":{"start":{"line":33,"column":4},"end":{"line":33,"column":46}},"16":{"start":{"line":34,"column":4},"end":{"line":38,"column":10}},"17":{"start":{"line":40,"column":4},"end":{"line":40,"column":16}},"18":{"start":{"line":62,"column":2},"end":{"line":62,"column":22}},"19":{"start":{"line":44,"column":32},"end":{"line":58,"column":null}},"20":{"start":{"line":48,"column":4},"end":{"line":58,"column":null}},"21":{"start":{"line":49,"column":2},"end":{"line":57,"column":null}},"22":{"start":{"line":50,"column":17},"end":{"line":50,"column":40}},"23":{"start":{"line":51,"column":4},"end":{"line":51,"column":44}},"24":{"start":{"line":52,"column":4},"end":{"line":54,"column":8}},"25":{"start":{"line":56,"column":4},"end":{"line":56,"column":16}},"26":{"start":{"line":63,"column":2},"end":{"line":63,"column":25}}},"fnMap":{"0":{"name":"(anonymous_7)","decl":{"start":{"line":9,"column":29},"end":{"line":9,"column":null}},"loc":{"start":{"line":13,"column":19},"end":{"line":24,"column":2}}},"1":{"name":"(anonymous_8)","decl":{"start":{"line":13,"column":19},"end":{"line":13,"column":null}},"loc":{"start":{"line":13,"column":19},"end":{"line":24,"column":1}}},"2":{"name":"(anonymous_9)","decl":{"start":{"line":26,"column":29},"end":{"line":26,"column":null}},"loc":{"start":{"line":30,"column":4},"end":{"line":42,"column":2}}},"3":{"name":"(anonymous_10)","decl":{"start":{"line":30,"column":4},"end":{"line":30,"column":null}},"loc":{"start":{"line":30,"column":4},"end":{"line":42,"column":1}}},"4":{"name":"(anonymous_11)","decl":{"start":{"line":44,"column":32},"end":{"line":44,"column":null}},"loc":{"start":{"line":48,"column":4},"end":{"line":58,"column":null}}},"5":{"name":"(anonymous_12)","decl":{"start":{"line":48,"column":4},"end":{"line":48,"column":null}},"loc":{"start":{"line":48,"column":4},"end":{"line":58,"column":1}}}},"branchMap":{},"s":{"0":1,"1":1,"2":1,"3":1,"4":1,"5":2,"6":2,"7":2,"8":2,"9":0,"10":1,"11":1,"12":1,"13":1,"14":1,"15":1,"16":1,"17":0,"18":1,"19":1,"20":0,"21":0,"22":0,"23":0,"24":0,"25":0,"26":1},"f":{"0":2,"1":2,"2":1,"3":1,"4":0,"5":0},"b":{}}
,"D:\\backup-dell-latitude\\Desktop\\projects\\kulineran-yuk\\server\\src\\api\\v1\\resto\\auth\\route.ts": {"path":"D:\\backup-dell-latitude\\Desktop\\projects\\kulineran-yuk\\server\\src\\api\\v1\\resto\\auth\\route.ts","statementMap":{"0":{"start":{"line":1,"column":0},"end":{"line":1,"column":33}},"1":{"start":{"line":2,"column":0},"end":{"line":2,"column":99}},"2":{"start":{"line":3,"column":0},"end":{"line":3,"column":32}},"3":{"start":{"line":4,"column":0},"end":{"line":4,"column":84}},"4":{"start":{"line":6,"column":0},"end":{"line":6,"column":30}},"5":{"start":{"line":8,"column":24},"end":{"line":8,"column":32}},"6":{"start":{"line":10,"column":0},"end":{"line":10,"column":54}},"7":{"start":{"line":11,"column":0},"end":{"line":11,"column":104}},"8":{"start":{"line":12,"column":0},"end":{"line":15,"column":2}},"9":{"start":{"line":16,"column":0},"end":{"line":16,"column":54}},"10":{"start":{"line":17,"column":0},"end":{"line":17,"column":104}},"11":{"start":{"line":19,"column":0},"end":{"line":19,"column":31}}},"fnMap":{},"branchMap":{},"s":{"0":1,"1":1,"2":1,"3":1,"4":1,"5":1,"6":1,"7":1,"8":1,"9":1,"10":1,"11":1},"f":{},"b":{}}
,"D:\\backup-dell-latitude\\Desktop\\projects\\kulineran-yuk\\server\\src\\api\\v1\\resto\\custom-menu\\controller.ts": {"path":"D:\\backup-dell-latitude\\Desktop\\projects\\kulineran-yuk\\server\\src\\api\\v1\\resto\\custom-menu\\controller.ts","statementMap":{"0":{"start":{"line":2,"column":0},"end":{"line":2,"column":48}},"1":{"start":{"line":3,"column":0},"end":{"line":3,"column":62}},"2":{"start":{"line":5,"column":0},"end":{"line":5,"column":null}},"3":{"start":{"line":20,"column":43},"end":{"line":35,"column":2}},"4":{"start":{"line":24,"column":19},"end":{"line":35,"column":2}},"5":{"start":{"line":25,"column":2},"end":{"line":34,"column":null}},"6":{"start":{"line":26,"column":19},"end":{"line":26,"column":84}},"7":{"start":{"line":27,"column":4},"end":{"line":31,"column":10}},"8":{"start":{"line":33,"column":4},"end":{"line":33,"column":16}},"9":{"start":{"line":200,"column":2},"end":{"line":200,"column":36}},"10":{"start":{"line":37,"column":43},"end":{"line":52,"column":2}},"11":{"start":{"line":41,"column":19},"end":{"line":52,"column":2}},"12":{"start":{"line":42,"column":2},"end":{"line":51,"column":null}},"13":{"start":{"line":44,"column":6},"end":{"line":44,"column":99}},"14":{"start":{"line":46,"column":4},"end":{"line":48,"column":81}},"15":{"start":{"line":50,"column":4},"end":{"line":50,"column":16}},"16":{"start":{"line":201,"column":2},"end":{"line":201,"column":36}},"17":{"start":{"line":54,"column":48},"end":{"line":68,"column":2}},"18":{"start":{"line":58,"column":19},"end":{"line":68,"column":2}},"19":{"start":{"line":59,"column":2},"end":{"line":67,"column":null}},"20":{"start":{"line":60,"column":19},"end":{"line":60,"column":93}},"21":{"start":{"line":62,"column":4},"end":{"line":64,"column":89}},"22":{"start":{"line":66,"column":4},"end":{"line":66,"column":16}},"23":{"start":{"line":202,"column":2},"end":{"line":202,"column":41}},"24":{"start":{"line":70,"column":43},"end":{"line":86,"column":2}},"25":{"start":{"line":74,"column":19},"end":{"line":86,"column":2}},"26":{"start":{"line":75,"column":2},"end":{"line":85,"column":null}},"27":{"start":{"line":76,"column":19},"end":{"line":76,"column":95}},"28":{"start":{"line":78,"column":4},"end":{"line":82,"column":10}},"29":{"start":{"line":84,"column":4},"end":{"line":84,"column":16}},"30":{"start":{"line":203,"column":2},"end":{"line":203,"column":36}},"31":{"start":{"line":88,"column":43},"end":{"line":104,"column":2}},"32":{"start":{"line":92,"column":19},"end":{"line":104,"column":2}},"33":{"start":{"line":93,"column":2},"end":{"line":103,"column":null}},"34":{"start":{"line":94,"column":19},"end":{"line":94,"column":95}},"35":{"start":{"line":96,"column":4},"end":{"line":100,"column":10}},"36":{"start":{"line":102,"column":4},"end":{"line":102,"column":16}},"37":{"start":{"line":204,"column":2},"end":{"line":204,"column":36}},"38":{"start":{"line":106,"column":46},"end":{"line":126,"column":2}},"39":{"start":{"line":110,"column":19},"end":{"line":126,"column":2}},"40":{"start":{"line":111,"column":2},"end":{"line":124,"column":null}},"41":{"start":{"line":113,"column":6},"end":{"line":113,"column":90}},"42":{"start":{"line":115,"column":4},"end":{"line":121,"column":10}},"43":{"start":{"line":123,"column":4},"end":{"line":123,"column":16}},"44":{"start":{"line":205,"column":2},"end":{"line":205,"column":39}},"45":{"start":{"line":128,"column":46},"end":{"line":144,"column":2}},"46":{"start":{"line":132,"column":19},"end":{"line":144,"column":2}},"47":{"start":{"line":133,"column":2},"end":{"line":143,"column":null}},"48":{"start":{"line":134,"column":19},"end":{"line":134,"column":101}},"49":{"start":{"line":136,"column":4},"end":{"line":140,"column":10}},"50":{"start":{"line":142,"column":4},"end":{"line":142,"column":16}},"51":{"start":{"line":206,"column":2},"end":{"line":206,"column":39}},"52":{"start":{"line":146,"column":51},"end":{"line":161,"column":2}},"53":{"start":{"line":150,"column":19},"end":{"line":161,"column":2}},"54":{"start":{"line":151,"column":2},"end":{"line":160,"column":null}},"55":{"start":{"line":153,"column":6},"end":{"line":153,"column":86}},"56":{"start":{"line":155,"column":4},"end":{"line":157,"column":88}},"57":{"start":{"line":159,"column":4},"end":{"line":159,"column":16}},"58":{"start":{"line":207,"column":2},"end":{"line":207,"column":44}},"59":{"start":{"line":163,"column":46},"end":{"line":179,"column":2}},"60":{"start":{"line":167,"column":19},"end":{"line":179,"column":2}},"61":{"start":{"line":168,"column":2},"end":{"line":178,"column":null}},"62":{"start":{"line":169,"column":19},"end":{"line":169,"column":101}},"63":{"start":{"line":171,"column":4},"end":{"line":175,"column":10}},"64":{"start":{"line":177,"column":4},"end":{"line":177,"column":16}},"65":{"start":{"line":208,"column":2},"end":{"line":208,"column":39}},"66":{"start":{"line":181,"column":46},"end":{"line":197,"column":2}},"67":{"start":{"line":185,"column":19},"end":{"line":197,"column":2}},"68":{"start":{"line":186,"column":2},"end":{"line":196,"column":null}},"69":{"start":{"line":187,"column":19},"end":{"line":187,"column":101}},"70":{"start":{"line":189,"column":4},"end":{"line":193,"column":10}},"71":{"start":{"line":195,"column":4},"end":{"line":195,"column":16}},"72":{"start":{"line":209,"column":2},"end":{"line":209,"column":39}}},"fnMap":{"0":{"name":"(anonymous_7)","decl":{"start":{"line":20,"column":43},"end":{"line":20,"column":null}},"loc":{"start":{"line":24,"column":19},"end":{"line":35,"column":2}}},"1":{"name":"(anonymous_8)","decl":{"start":{"line":24,"column":19},"end":{"line":24,"column":null}},"loc":{"start":{"line":24,"column":19},"end":{"line":35,"column":1}}},"2":{"name":"(anonymous_9)","decl":{"start":{"line":37,"column":43},"end":{"line":37,"column":null}},"loc":{"start":{"line":41,"column":19},"end":{"line":52,"column":2}}},"3":{"name":"(anonymous_10)","decl":{"start":{"line":41,"column":19},"end":{"line":41,"column":null}},"loc":{"start":{"line":41,"column":19},"end":{"line":52,"column":1}}},"4":{"name":"(anonymous_11)","decl":{"start":{"line":54,"column":48},"end":{"line":54,"column":null}},"loc":{"start":{"line":58,"column":19},"end":{"line":68,"column":2}}},"5":{"name":"(anonymous_12)","decl":{"start":{"line":58,"column":19},"end":{"line":58,"column":null}},"loc":{"start":{"line":58,"column":19},"end":{"line":68,"column":1}}},"6":{"name":"(anonymous_13)","decl":{"start":{"line":70,"column":43},"end":{"line":70,"column":null}},"loc":{"start":{"line":74,"column":19},"end":{"line":86,"column":2}}},"7":{"name":"(anonymous_14)","decl":{"start":{"line":74,"column":19},"end":{"line":74,"column":null}},"loc":{"start":{"line":74,"column":19},"end":{"line":86,"column":1}}},"8":{"name":"(anonymous_15)","decl":{"start":{"line":88,"column":43},"end":{"line":88,"column":null}},"loc":{"start":{"line":92,"column":19},"end":{"line":104,"column":2}}},"9":{"name":"(anonymous_16)","decl":{"start":{"line":92,"column":19},"end":{"line":92,"column":null}},"loc":{"start":{"line":92,"column":19},"end":{"line":104,"column":1}}},"10":{"name":"(anonymous_17)","decl":{"start":{"line":106,"column":46},"end":{"line":106,"column":null}},"loc":{"start":{"line":110,"column":19},"end":{"line":126,"column":2}}},"11":{"name":"(anonymous_18)","decl":{"start":{"line":110,"column":19},"end":{"line":110,"column":null}},"loc":{"start":{"line":110,"column":19},"end":{"line":126,"column":1}}},"12":{"name":"(anonymous_19)","decl":{"start":{"line":128,"column":46},"end":{"line":128,"column":null}},"loc":{"start":{"line":132,"column":19},"end":{"line":144,"column":2}}},"13":{"name":"(anonymous_20)","decl":{"start":{"line":132,"column":19},"end":{"line":132,"column":null}},"loc":{"start":{"line":132,"column":19},"end":{"line":144,"column":1}}},"14":{"name":"(anonymous_21)","decl":{"start":{"line":146,"column":51},"end":{"line":146,"column":null}},"loc":{"start":{"line":150,"column":19},"end":{"line":161,"column":2}}},"15":{"name":"(anonymous_22)","decl":{"start":{"line":150,"column":19},"end":{"line":150,"column":null}},"loc":{"start":{"line":150,"column":19},"end":{"line":161,"column":1}}},"16":{"name":"(anonymous_23)","decl":{"start":{"line":163,"column":46},"end":{"line":163,"column":null}},"loc":{"start":{"line":167,"column":19},"end":{"line":179,"column":2}}},"17":{"name":"(anonymous_24)","decl":{"start":{"line":167,"column":19},"end":{"line":167,"column":null}},"loc":{"start":{"line":167,"column":19},"end":{"line":179,"column":1}}},"18":{"name":"(anonymous_25)","decl":{"start":{"line":181,"column":46},"end":{"line":181,"column":null}},"loc":{"start":{"line":185,"column":19},"end":{"line":197,"column":2}}},"19":{"name":"(anonymous_26)","decl":{"start":{"line":185,"column":19},"end":{"line":185,"column":null}},"loc":{"start":{"line":185,"column":19},"end":{"line":197,"column":1}}}},"branchMap":{},"s":{"0":1,"1":1,"2":1,"3":1,"4":0,"5":0,"6":0,"7":0,"8":0,"9":1,"10":1,"11":0,"12":0,"13":0,"14":0,"15":0,"16":1,"17":1,"18":0,"19":0,"20":0,"21":0,"22":0,"23":1,"24":1,"25":0,"26":0,"27":0,"28":0,"29":0,"30":1,"31":1,"32":0,"33":0,"34":0,"35":0,"36":0,"37":1,"38":1,"39":0,"40":0,"41":0,"42":0,"43":0,"44":1,"45":1,"46":0,"47":0,"48":0,"49":0,"50":0,"51":1,"52":1,"53":0,"54":0,"55":0,"56":0,"57":0,"58":1,"59":1,"60":0,"61":0,"62":0,"63":0,"64":0,"65":1,"66":1,"67":0,"68":0,"69":0,"70":0,"71":0,"72":1},"f":{"0":0,"1":0,"2":0,"3":0,"4":0,"5":0,"6":0,"7":0,"8":0,"9":0,"10":0,"11":0,"12":0,"13":0,"14":0,"15":0,"16":0,"17":0,"18":0,"19":0},"b":{}}
,"D:\\backup-dell-latitude\\Desktop\\projects\\kulineran-yuk\\server\\src\\api\\v1\\resto\\custom-menu\\route.ts": {"path":"D:\\backup-dell-latitude\\Desktop\\projects\\kulineran-yuk\\server\\src\\api\\v1\\resto\\custom-menu\\route.ts","statementMap":{"0":{"start":{"line":1,"column":0},"end":{"line":1,"column":33}},"1":{"start":{"line":2,"column":0},"end":{"line":2,"column":78}},"2":{"start":{"line":3,"column":0},"end":{"line":3,"column":81}},"3":{"start":{"line":4,"column":0},"end":{"line":4,"column":80}},"4":{"start":{"line":5,"column":0},"end":{"line":5,"column":null}},"5":{"start":{"line":19,"column":30},"end":{"line":19,"column":38}},"6":{"start":{"line":22,"column":0},"end":{"line":22,"column":103}},"7":{"start":{"line":24,"column":0},"end":{"line":24,"column":77}},"8":{"start":{"line":25,"column":0},"end":{"line":25,"column":78}},"9":{"start":{"line":26,"column":0},"end":{"line":26,"column":94}},"10":{"start":{"line":27,"column":0},"end":{"line":27,"column":89}},"11":{"start":{"line":28,"column":0},"end":{"line":28,"column":92}},"12":{"start":{"line":30,"column":0},"end":{"line":30,"column":82}},"13":{"start":{"line":31,"column":0},"end":{"line":31,"column":83}},"14":{"start":{"line":32,"column":0},"end":{"line":32,"column":102}},"15":{"start":{"line":33,"column":0},"end":{"line":33,"column":97}},"16":{"start":{"line":34,"column":0},"end":{"line":34,"column":100}},"17":{"start":{"line":36,"column":0},"end":{"line":36,"column":37}}},"fnMap":{},"branchMap":{},"s":{"0":1,"1":1,"2":1,"3":1,"4":1,"5":1,"6":1,"7":1,"8":1,"9":1,"10":1,"11":1,"12":1,"13":1,"14":1,"15":1,"16":1,"17":1},"f":{},"b":{}}
,"D:\\backup-dell-latitude\\Desktop\\projects\\kulineran-yuk\\server\\src\\api\\v1\\resto\\menu\\controller.ts": {"path":"D:\\backup-dell-latitude\\Desktop\\projects\\kulineran-yuk\\server\\src\\api\\v1\\resto\\menu\\controller.ts","statementMap":{"0":{"start":{"line":2,"column":0},"end":{"line":2,"column":62}},"1":{"start":{"line":3,"column":0},"end":{"line":3,"column":48}},"2":{"start":{"line":5,"column":0},"end":{"line":5,"column":null}},"3":{"start":{"line":20,"column":32},"end":{"line":33,"column":2}},"4":{"start":{"line":24,"column":4},"end":{"line":33,"column":2}},"5":{"start":{"line":25,"column":2},"end":{"line":32,"column":null}},"6":{"start":{"line":26,"column":19},"end":{"line":26,"column":43}},"7":{"start":{"line":27,"column":4},"end":{"line":29,"column":74}},"8":{"start":{"line":31,"column":4},"end":{"line":31,"column":16}},"9":{"start":{"line":167,"column":2},"end":{"line":167,"column":25}},"10":{"start":{"line":35,"column":32},"end":{"line":48,"column":2}},"11":{"start":{"line":39,"column":4},"end":{"line":48,"column":2}},"12":{"start":{"line":40,"column":2},"end":{"line":47,"column":null}},"13":{"start":{"line":41,"column":19},"end":{"line":41,"column":62}},"14":{"start":{"line":42,"column":4},"end":{"line":44,"column":88}},"15":{"start":{"line":46,"column":4},"end":{"line":46,"column":16}},"16":{"start":{"line":166,"column":2},"end":{"line":166,"column":25}},"17":{"start":{"line":50,"column":32},"end":{"line":63,"column":2}},"18":{"start":{"line":54,"column":4},"end":{"line":63,"column":2}},"19":{"start":{"line":55,"column":2},"end":{"line":62,"column":null}},"20":{"start":{"line":56,"column":19},"end":{"line":56,"column":62}},"21":{"start":{"line":57,"column":4},"end":{"line":59,"column":null}},"22":{"start":{"line":61,"column":4},"end":{"line":61,"column":16}},"23":{"start":{"line":168,"column":2},"end":{"line":168,"column":25}},"24":{"start":{"line":65,"column":32},"end":{"line":78,"column":2}},"25":{"start":{"line":69,"column":4},"end":{"line":78,"column":2}},"26":{"start":{"line":70,"column":2},"end":{"line":77,"column":null}},"27":{"start":{"line":71,"column":19},"end":{"line":71,"column":62}},"28":{"start":{"line":72,"column":4},"end":{"line":74,"column":88}},"29":{"start":{"line":76,"column":4},"end":{"line":76,"column":16}},"30":{"start":{"line":169,"column":2},"end":{"line":169,"column":25}},"31":{"start":{"line":80,"column":39},"end":{"line":98,"column":2}},"32":{"start":{"line":84,"column":4},"end":{"line":98,"column":2}},"33":{"start":{"line":85,"column":2},"end":{"line":97,"column":null}},"34":{"start":{"line":86,"column":19},"end":{"line":86,"column":79}},"35":{"start":{"line":88,"column":4},"end":{"line":94,"column":10}},"36":{"start":{"line":96,"column":4},"end":{"line":96,"column":16}},"37":{"start":{"line":171,"column":2},"end":{"line":171,"column":32}},"38":{"start":{"line":100,"column":39},"end":{"line":114,"column":2}},"39":{"start":{"line":104,"column":4},"end":{"line":114,"column":2}},"40":{"start":{"line":105,"column":2},"end":{"line":113,"column":null}},"41":{"start":{"line":106,"column":19},"end":{"line":106,"column":44}},"42":{"start":{"line":108,"column":4},"end":{"line":110,"column":86}},"43":{"start":{"line":112,"column":4},"end":{"line":112,"column":16}},"44":{"start":{"line":170,"column":2},"end":{"line":170,"column":32}},"45":{"start":{"line":116,"column":42},"end":{"line":129,"column":2}},"46":{"start":{"line":120,"column":4},"end":{"line":129,"column":2}},"47":{"start":{"line":121,"column":2},"end":{"line":128,"column":null}},"48":{"start":{"line":122,"column":19},"end":{"line":122,"column":83}},"49":{"start":{"line":123,"column":4},"end":{"line":125,"column":72}},"50":{"start":{"line":127,"column":4},"end":{"line":127,"column":16}},"51":{"start":{"line":172,"column":2},"end":{"line":172,"column":35}},"52":{"start":{"line":131,"column":39},"end":{"line":146,"column":2}},"53":{"start":{"line":135,"column":4},"end":{"line":146,"column":2}},"54":{"start":{"line":136,"column":2},"end":{"line":145,"column":null}},"55":{"start":{"line":137,"column":19},"end":{"line":137,"column":66}},"56":{"start":{"line":138,"column":4},"end":{"line":142,"column":10}},"57":{"start":{"line":144,"column":4},"end":{"line":144,"column":16}},"58":{"start":{"line":173,"column":2},"end":{"line":173,"column":32}},"59":{"start":{"line":148,"column":39},"end":{"line":163,"column":2}},"60":{"start":{"line":152,"column":4},"end":{"line":163,"column":2}},"61":{"start":{"line":153,"column":2},"end":{"line":162,"column":null}},"62":{"start":{"line":154,"column":19},"end":{"line":154,"column":66}},"63":{"start":{"line":155,"column":4},"end":{"line":159,"column":10}},"64":{"start":{"line":161,"column":4},"end":{"line":161,"column":16}},"65":{"start":{"line":174,"column":2},"end":{"line":174,"column":32}}},"fnMap":{"0":{"name":"(anonymous_7)","decl":{"start":{"line":20,"column":32},"end":{"line":20,"column":null}},"loc":{"start":{"line":24,"column":4},"end":{"line":33,"column":2}}},"1":{"name":"(anonymous_8)","decl":{"start":{"line":24,"column":4},"end":{"line":24,"column":null}},"loc":{"start":{"line":24,"column":4},"end":{"line":33,"column":1}}},"2":{"name":"(anonymous_9)","decl":{"start":{"line":35,"column":32},"end":{"line":35,"column":null}},"loc":{"start":{"line":39,"column":4},"end":{"line":48,"column":2}}},"3":{"name":"(anonymous_10)","decl":{"start":{"line":39,"column":4},"end":{"line":39,"column":null}},"loc":{"start":{"line":39,"column":4},"end":{"line":48,"column":1}}},"4":{"name":"(anonymous_11)","decl":{"start":{"line":50,"column":32},"end":{"line":50,"column":null}},"loc":{"start":{"line":54,"column":4},"end":{"line":63,"column":2}}},"5":{"name":"(anonymous_12)","decl":{"start":{"line":54,"column":4},"end":{"line":54,"column":null}},"loc":{"start":{"line":54,"column":4},"end":{"line":63,"column":1}}},"6":{"name":"(anonymous_13)","decl":{"start":{"line":65,"column":32},"end":{"line":65,"column":null}},"loc":{"start":{"line":69,"column":4},"end":{"line":78,"column":2}}},"7":{"name":"(anonymous_14)","decl":{"start":{"line":69,"column":4},"end":{"line":69,"column":null}},"loc":{"start":{"line":69,"column":4},"end":{"line":78,"column":1}}},"8":{"name":"(anonymous_15)","decl":{"start":{"line":80,"column":39},"end":{"line":80,"column":null}},"loc":{"start":{"line":84,"column":4},"end":{"line":98,"column":2}}},"9":{"name":"(anonymous_16)","decl":{"start":{"line":84,"column":4},"end":{"line":84,"column":null}},"loc":{"start":{"line":84,"column":4},"end":{"line":98,"column":1}}},"10":{"name":"(anonymous_17)","decl":{"start":{"line":100,"column":39},"end":{"line":100,"column":null}},"loc":{"start":{"line":104,"column":4},"end":{"line":114,"column":2}}},"11":{"name":"(anonymous_18)","decl":{"start":{"line":104,"column":4},"end":{"line":104,"column":null}},"loc":{"start":{"line":104,"column":4},"end":{"line":114,"column":1}}},"12":{"name":"(anonymous_19)","decl":{"start":{"line":116,"column":42},"end":{"line":116,"column":null}},"loc":{"start":{"line":120,"column":4},"end":{"line":129,"column":2}}},"13":{"name":"(anonymous_20)","decl":{"start":{"line":120,"column":4},"end":{"line":120,"column":null}},"loc":{"start":{"line":120,"column":4},"end":{"line":129,"column":1}}},"14":{"name":"(anonymous_21)","decl":{"start":{"line":131,"column":39},"end":{"line":131,"column":null}},"loc":{"start":{"line":135,"column":4},"end":{"line":146,"column":2}}},"15":{"name":"(anonymous_22)","decl":{"start":{"line":135,"column":4},"end":{"line":135,"column":null}},"loc":{"start":{"line":135,"column":4},"end":{"line":146,"column":1}}},"16":{"name":"(anonymous_23)","decl":{"start":{"line":148,"column":39},"end":{"line":148,"column":null}},"loc":{"start":{"line":152,"column":4},"end":{"line":163,"column":2}}},"17":{"name":"(anonymous_24)","decl":{"start":{"line":152,"column":4},"end":{"line":152,"column":null}},"loc":{"start":{"line":152,"column":4},"end":{"line":163,"column":1}}}},"branchMap":{},"s":{"0":1,"1":1,"2":1,"3":1,"4":0,"5":0,"6":0,"7":0,"8":0,"9":1,"10":1,"11":0,"12":0,"13":0,"14":0,"15":0,"16":1,"17":1,"18":0,"19":0,"20":0,"21":0,"22":0,"23":1,"24":1,"25":0,"26":0,"27":0,"28":0,"29":0,"30":1,"31":1,"32":0,"33":0,"34":0,"35":0,"36":0,"37":1,"38":1,"39":0,"40":0,"41":0,"42":0,"43":0,"44":1,"45":1,"46":0,"47":0,"48":0,"49":0,"50":0,"51":1,"52":1,"53":0,"54":0,"55":0,"56":0,"57":0,"58":1,"59":1,"60":0,"61":0,"62":0,"63":0,"64":0,"65":1},"f":{"0":0,"1":0,"2":0,"3":0,"4":0,"5":0,"6":0,"7":0,"8":0,"9":0,"10":0,"11":0,"12":0,"13":0,"14":0,"15":0,"16":0,"17":0},"b":{}}
,"D:\\backup-dell-latitude\\Desktop\\projects\\kulineran-yuk\\server\\src\\api\\v1\\resto\\menu\\route.ts": {"path":"D:\\backup-dell-latitude\\Desktop\\projects\\kulineran-yuk\\server\\src\\api\\v1\\resto\\menu\\route.ts","statementMap":{"0":{"start":{"line":1,"column":0},"end":{"line":1,"column":33}},"1":{"start":{"line":2,"column":0},"end":{"line":2,"column":78}},"2":{"start":{"line":3,"column":0},"end":{"line":3,"column":81}},"3":{"start":{"line":4,"column":0},"end":{"line":4,"column":80}},"4":{"start":{"line":5,"column":0},"end":{"line":5,"column":261}},"5":{"start":{"line":8,"column":25},"end":{"line":8,"column":33}},"6":{"start":{"line":11,"column":0},"end":{"line":11,"column":98}},"7":{"start":{"line":13,"column":0},"end":{"line":13,"column":59}},"8":{"start":{"line":14,"column":0},"end":{"line":14,"column":58}},"9":{"start":{"line":15,"column":0},"end":{"line":15,"column":69}},"10":{"start":{"line":16,"column":0},"end":{"line":16,"column":72}},"11":{"start":{"line":18,"column":0},"end":{"line":18,"column":58}},"12":{"start":{"line":19,"column":0},"end":{"line":19,"column":59}},"13":{"start":{"line":20,"column":0},"end":{"line":20,"column":66}},"14":{"start":{"line":21,"column":0},"end":{"line":21,"column":58}},"15":{"start":{"line":22,"column":0},"end":{"line":22,"column":68}},"16":{"start":{"line":24,"column":0},"end":{"line":24,"column":32}}},"fnMap":{},"branchMap":{},"s":{"0":1,"1":1,"2":1,"3":1,"4":1,"5":1,"6":1,"7":1,"8":1,"9":1,"10":1,"11":1,"12":1,"13":1,"14":1,"15":1,"16":1},"f":{},"b":{}}
,"D:\\backup-dell-latitude\\Desktop\\projects\\kulineran-yuk\\server\\src\\api\\v1\\resto\\notifications\\controller.ts": {"path":"D:\\backup-dell-latitude\\Desktop\\projects\\kulineran-yuk\\server\\src\\api\\v1\\resto\\notifications\\controller.ts","statementMap":{"0":{"start":{"line":2,"column":0},"end":{"line":2,"column":89}},"1":{"start":{"line":3,"column":0},"end":{"line":3,"column":48}},"2":{"start":{"line":4,"column":0},"end":{"line":4,"column":62}},"3":{"start":{"line":8,"column":28},"end":{"line":22,"column":2}},"4":{"start":{"line":12,"column":19},"end":{"line":22,"column":2}},"5":{"start":{"line":13,"column":2},"end":{"line":21,"column":null}},"6":{"start":{"line":14,"column":19},"end":{"line":14,"column":106}},"7":{"start":{"line":16,"column":4},"end":{"line":18,"column":null}},"8":{"start":{"line":20,"column":4},"end":{"line":20,"column":16}},"9":{"start":{"line":78,"column":2},"end":{"line":78,"column":21}},"10":{"start":{"line":24,"column":47},"end":{"line":41,"column":2}},"11":{"start":{"line":28,"column":19},"end":{"line":41,"column":2}},"12":{"start":{"line":29,"column":2},"end":{"line":40,"column":null}},"13":{"start":{"line":30,"column":19},"end":{"line":31,"column":97}},"14":{"start":{"line":33,"column":4},"end":{"line":37,"column":10}},"15":{"start":{"line":39,"column":4},"end":{"line":39,"column":16}},"16":{"start":{"line":79,"column":2},"end":{"line":79,"column":40}},"17":{"start":{"line":43,"column":50},"end":{"line":58,"column":2}},"18":{"start":{"line":47,"column":19},"end":{"line":58,"column":2}},"19":{"start":{"line":48,"column":2},"end":{"line":57,"column":null}},"20":{"start":{"line":49,"column":4},"end":{"line":50,"column":56}},"21":{"start":{"line":52,"column":4},"end":{"line":54,"column":91}},"22":{"start":{"line":56,"column":4},"end":{"line":56,"column":16}},"23":{"start":{"line":80,"column":2},"end":{"line":80,"column":43}},"24":{"start":{"line":60,"column":46},"end":{"line":76,"column":2}},"25":{"start":{"line":64,"column":19},"end":{"line":76,"column":2}},"26":{"start":{"line":65,"column":2},"end":{"line":75,"column":null}},"27":{"start":{"line":66,"column":19},"end":{"line":66,"column":87}},"28":{"start":{"line":68,"column":4},"end":{"line":72,"column":10}},"29":{"start":{"line":74,"column":4},"end":{"line":74,"column":16}},"30":{"start":{"line":81,"column":2},"end":{"line":81,"column":39}}},"fnMap":{"0":{"name":"(anonymous_13)","decl":{"start":{"line":8,"column":28},"end":{"line":8,"column":null}},"loc":{"start":{"line":12,"column":19},"end":{"line":22,"column":2}}},"1":{"name":"(anonymous_14)","decl":{"start":{"line":12,"column":19},"end":{"line":12,"column":null}},"loc":{"start":{"line":12,"column":19},"end":{"line":22,"column":1}}},"2":{"name":"(anonymous_15)","decl":{"start":{"line":24,"column":47},"end":{"line":24,"column":null}},"loc":{"start":{"line":28,"column":19},"end":{"line":41,"column":2}}},"3":{"name":"(anonymous_16)","decl":{"start":{"line":28,"column":19},"end":{"line":28,"column":null}},"loc":{"start":{"line":28,"column":19},"end":{"line":41,"column":1}}},"4":{"name":"(anonymous_17)","decl":{"start":{"line":43,"column":50},"end":{"line":43,"column":null}},"loc":{"start":{"line":47,"column":19},"end":{"line":58,"column":2}}},"5":{"name":"(anonymous_18)","decl":{"start":{"line":47,"column":19},"end":{"line":47,"column":null}},"loc":{"start":{"line":47,"column":19},"end":{"line":58,"column":1}}},"6":{"name":"(anonymous_19)","decl":{"start":{"line":60,"column":46},"end":{"line":60,"column":null}},"loc":{"start":{"line":64,"column":19},"end":{"line":76,"column":2}}},"7":{"name":"(anonymous_20)","decl":{"start":{"line":64,"column":19},"end":{"line":64,"column":null}},"loc":{"start":{"line":64,"column":19},"end":{"line":76,"column":1}}}},"branchMap":{},"s":{"0":1,"1":1,"2":1,"3":1,"4":0,"5":0,"6":0,"7":0,"8":0,"9":1,"10":1,"11":0,"12":0,"13":0,"14":0,"15":0,"16":1,"17":1,"18":0,"19":0,"20":0,"21":0,"22":0,"23":1,"24":1,"25":0,"26":0,"27":0,"28":0,"29":0,"30":1},"f":{"0":0,"1":0,"2":0,"3":0,"4":0,"5":0,"6":0,"7":0},"b":{}}
,"D:\\backup-dell-latitude\\Desktop\\projects\\kulineran-yuk\\server\\src\\api\\v1\\resto\\notifications\\route.ts": {"path":"D:\\backup-dell-latitude\\Desktop\\projects\\kulineran-yuk\\server\\src\\api\\v1\\resto\\notifications\\route.ts","statementMap":{"0":{"start":{"line":1,"column":0},"end":{"line":1,"column":33}},"1":{"start":{"line":2,"column":0},"end":{"line":2,"column":55}},"2":{"start":{"line":5,"column":33},"end":{"line":5,"column":41}},"3":{"start":{"line":7,"column":0},"end":{"line":7,"column":78}},"4":{"start":{"line":8,"column":0},"end":{"line":8,"column":103}},"5":{"start":{"line":9,"column":0},"end":{"line":9,"column":112}},"6":{"start":{"line":10,"column":0},"end":{"line":10,"column":101}},"7":{"start":{"line":12,"column":0},"end":{"line":12,"column":40}}},"fnMap":{},"branchMap":{},"s":{"0":1,"1":1,"2":1,"3":1,"4":1,"5":1,"6":1,"7":1},"f":{},"b":{}}
,"D:\\backup-dell-latitude\\Desktop\\projects\\kulineran-yuk\\server\\src\\api\\v1\\resto\\profile\\controller.ts": {"path":"D:\\backup-dell-latitude\\Desktop\\projects\\kulineran-yuk\\server\\src\\api\\v1\\resto\\profile\\controller.ts","statementMap":{"0":{"start":{"line":2,"column":0},"end":{"line":2,"column":62}},"1":{"start":{"line":3,"column":0},"end":{"line":3,"column":48}},"2":{"start":{"line":4,"column":0},"end":{"line":4,"column":null}},"3":{"start":{"line":13,"column":29},"end":{"line":27,"column":2}},"4":{"start":{"line":17,"column":19},"end":{"line":27,"column":2}},"5":{"start":{"line":18,"column":2},"end":{"line":26,"column":null}},"6":{"start":{"line":19,"column":19},"end":{"line":19,"column":63}},"7":{"start":{"line":21,"column":4},"end":{"line":23,"column":89}},"8":{"start":{"line":25,"column":4},"end":{"line":25,"column":16}},"9":{"start":{"line":83,"column":2},"end":{"line":83,"column":22}},"10":{"start":{"line":29,"column":32},"end":{"line":43,"column":2}},"11":{"start":{"line":33,"column":19},"end":{"line":43,"column":2}},"12":{"start":{"line":34,"column":2},"end":{"line":42,"column":null}},"13":{"start":{"line":35,"column":19},"end":{"line":35,"column":43}},"14":{"start":{"line":37,"column":4},"end":{"line":39,"column":103}},"15":{"start":{"line":41,"column":4},"end":{"line":41,"column":16}},"16":{"start":{"line":84,"column":2},"end":{"line":84,"column":25}},"17":{"start":{"line":45,"column":31},"end":{"line":59,"column":2}},"18":{"start":{"line":49,"column":4},"end":{"line":59,"column":2}},"19":{"start":{"line":50,"column":2},"end":{"line":58,"column":null}},"20":{"start":{"line":51,"column":19},"end":{"line":51,"column":42}},"21":{"start":{"line":53,"column":4},"end":{"line":55,"column":103}},"22":{"start":{"line":57,"column":4},"end":{"line":57,"column":16}},"23":{"start":{"line":85,"column":2},"end":{"line":85,"column":24}},"24":{"start":{"line":61,"column":44},"end":{"line":80,"column":2}},"25":{"start":{"line":65,"column":4},"end":{"line":80,"column":2}},"26":{"start":{"line":66,"column":2},"end":{"line":79,"column":null}},"27":{"start":{"line":67,"column":19},"end":{"line":67,"column":55}},"28":{"start":{"line":69,"column":4},"end":{"line":76,"column":8}},"29":{"start":{"line":78,"column":4},"end":{"line":78,"column":16}},"30":{"start":{"line":86,"column":2},"end":{"line":86,"column":37}}},"fnMap":{"0":{"name":"(anonymous_7)","decl":{"start":{"line":13,"column":29},"end":{"line":13,"column":null}},"loc":{"start":{"line":17,"column":19},"end":{"line":27,"column":2}}},"1":{"name":"(anonymous_8)","decl":{"start":{"line":17,"column":19},"end":{"line":17,"column":null}},"loc":{"start":{"line":17,"column":19},"end":{"line":27,"column":1}}},"2":{"name":"(anonymous_9)","decl":{"start":{"line":29,"column":32},"end":{"line":29,"column":null}},"loc":{"start":{"line":33,"column":19},"end":{"line":43,"column":2}}},"3":{"name":"(anonymous_10)","decl":{"start":{"line":33,"column":19},"end":{"line":33,"column":null}},"loc":{"start":{"line":33,"column":19},"end":{"line":43,"column":1}}},"4":{"name":"(anonymous_11)","decl":{"start":{"line":45,"column":31},"end":{"line":45,"column":null}},"loc":{"start":{"line":49,"column":4},"end":{"line":59,"column":2}}},"5":{"name":"(anonymous_12)","decl":{"start":{"line":49,"column":4},"end":{"line":49,"column":null}},"loc":{"start":{"line":49,"column":4},"end":{"line":59,"column":1}}},"6":{"name":"(anonymous_13)","decl":{"start":{"line":61,"column":44},"end":{"line":61,"column":null}},"loc":{"start":{"line":65,"column":4},"end":{"line":80,"column":2}}},"7":{"name":"(anonymous_14)","decl":{"start":{"line":65,"column":4},"end":{"line":65,"column":null}},"loc":{"start":{"line":65,"column":4},"end":{"line":80,"column":1}}}},"branchMap":{},"s":{"0":1,"1":1,"2":1,"3":1,"4":0,"5":0,"6":0,"7":0,"8":0,"9":1,"10":1,"11":0,"12":0,"13":0,"14":0,"15":0,"16":1,"17":1,"18":0,"19":0,"20":0,"21":0,"22":0,"23":1,"24":1,"25":0,"26":0,"27":0,"28":0,"29":0,"30":1},"f":{"0":0,"1":0,"2":0,"3":0,"4":0,"5":0,"6":0,"7":0},"b":{}}
,"D:\\backup-dell-latitude\\Desktop\\projects\\kulineran-yuk\\server\\src\\api\\v1\\resto\\profile\\route.ts": {"path":"D:\\backup-dell-latitude\\Desktop\\projects\\kulineran-yuk\\server\\src\\api\\v1\\resto\\profile\\route.ts","statementMap":{"0":{"start":{"line":1,"column":0},"end":{"line":1,"column":78}},"1":{"start":{"line":2,"column":0},"end":{"line":2,"column":81}},"2":{"start":{"line":3,"column":0},"end":{"line":3,"column":33}},"3":{"start":{"line":4,"column":0},"end":{"line":4,"column":80}},"4":{"start":{"line":5,"column":0},"end":{"line":5,"column":138}},"5":{"start":{"line":8,"column":27},"end":{"line":8,"column":35}},"6":{"start":{"line":10,"column":0},"end":{"line":15,"column":2}},"7":{"start":{"line":16,"column":0},"end":{"line":21,"column":2}},"8":{"start":{"line":22,"column":0},"end":{"line":26,"column":2}},"9":{"start":{"line":27,"column":0},"end":{"line":32,"column":2}},"10":{"start":{"line":34,"column":0},"end":{"line":34,"column":34}}},"fnMap":{},"branchMap":{},"s":{"0":1,"1":1,"2":1,"3":1,"4":1,"5":1,"6":1,"7":1,"8":1,"9":1,"10":1},"f":{},"b":{}}
,"D:\\backup-dell-latitude\\Desktop\\projects\\kulineran-yuk\\server\\src\\db\\index.ts": {"path":"D:\\backup-dell-latitude\\Desktop\\projects\\kulineran-yuk\\server\\src\\db\\index.ts","statementMap":{"0":{"start":{"line":1,"column":0},"end":{"line":1,"column":88}},"1":{"start":{"line":2,"column":0},"end":{"line":2,"column":31}},"2":{"start":{"line":4,"column":0},"end":{"line":4,"column":40}},"3":{"start":{"line":5,"column":11},"end":{"line":5,"column":29}},"4":{"start":{"line":7,"column":0},"end":{"line":7,"column":18}}},"fnMap":{},"branchMap":{},"s":{"0":3,"1":3,"2":3,"3":3,"4":3},"f":{},"b":{}}
,"D:\\backup-dell-latitude\\Desktop\\projects\\kulineran-yuk\\server\\src\\errors\\BadRequest.ts": {"path":"D:\\backup-dell-latitude\\Desktop\\projects\\kulineran-yuk\\server\\src\\errors\\BadRequest.ts","statementMap":{"0":{"start":{"line":1,"column":0},"end":{"line":1,"column":48}},"1":{"start":{"line":2,"column":0},"end":{"line":2,"column":46}},"2":{"start":{"line":7,"column":4},"end":{"line":7,"column":19}},"3":{"start":{"line":5,"column":2},"end":{"line":5,"column":39}},"4":{"start":{"line":9,"column":4},"end":{"line":9,"column":34}},"5":{"start":{"line":13,"column":0},"end":{"line":13,"column":26}}},"fnMap":{"0":{"name":"(anonymous_1)","decl":{"start":{"line":6,"column":2},"end":{"line":6,"column":14}},"loc":{"start":{"line":6,"column":29},"end":{"line":10,"column":3}}}},"branchMap":{},"s":{"0":14,"1":14,"2":36,"3":36,"4":36,"5":14},"f":{"0":36},"b":{}}
,"D:\\backup-dell-latitude\\Desktop\\projects\\kulineran-yuk\\server\\src\\errors\\Conflict.ts": {"path":"D:\\backup-dell-latitude\\Desktop\\projects\\kulineran-yuk\\server\\src\\errors\\Conflict.ts","statementMap":{"0":{"start":{"line":1,"column":0},"end":{"line":1,"column":48}},"1":{"start":{"line":2,"column":0},"end":{"line":2,"column":46}},"2":{"start":{"line":7,"column":4},"end":{"line":7,"column":19}},"3":{"start":{"line":5,"column":2},"end":{"line":5,"column":36}},"4":{"start":{"line":9,"column":4},"end":{"line":9,"column":32}},"5":{"start":{"line":13,"column":0},"end":{"line":13,"column":24}}},"fnMap":{"0":{"name":"(anonymous_1)","decl":{"start":{"line":6,"column":2},"end":{"line":6,"column":14}},"loc":{"start":{"line":6,"column":29},"end":{"line":10,"column":3}}}},"branchMap":{},"s":{"0":2,"1":2,"2":1,"3":1,"4":1,"5":2},"f":{"0":1},"b":{}}
,"D:\\backup-dell-latitude\\Desktop\\projects\\kulineran-yuk\\server\\src\\errors\\CustomAPIError.ts": {"path":"D:\\backup-dell-latitude\\Desktop\\projects\\kulineran-yuk\\server\\src\\errors\\CustomAPIError.ts","statementMap":{"0":{"start":{"line":7,"column":4},"end":{"line":7,"column":19}},"1":{"start":{"line":11,"column":0},"end":{"line":11,"column":30}}},"fnMap":{"0":{"name":"(anonymous_0)","decl":{"start":{"line":6,"column":2},"end":{"line":6,"column":14}},"loc":{"start":{"line":6,"column":29},"end":{"line":8,"column":3}}}},"branchMap":{},"s":{"0":86,"1":14},"f":{"0":86},"b":{}}
,"D:\\backup-dell-latitude\\Desktop\\projects\\kulineran-yuk\\server\\src\\errors\\InvalidToken.ts": {"path":"D:\\backup-dell-latitude\\Desktop\\projects\\kulineran-yuk\\server\\src\\errors\\InvalidToken.ts","statementMap":{"0":{"start":{"line":2,"column":0},"end":{"line":2,"column":46}},"1":{"start":{"line":7,"column":4},"end":{"line":7,"column":19}},"2":{"start":{"line":5,"column":2},"end":{"line":5,"column":19}},"3":{"start":{"line":9,"column":4},"end":{"line":9,"column":36}},"4":{"start":{"line":13,"column":0},"end":{"line":13,"column":28}}},"fnMap":{"0":{"name":"(anonymous_1)","decl":{"start":{"line":6,"column":2},"end":{"line":6,"column":14}},"loc":{"start":{"line":6,"column":29},"end":{"line":10,"column":3}}}},"branchMap":{},"s":{"0":2,"1":3,"2":3,"3":3,"4":2},"f":{"0":3},"b":{}}
,"D:\\backup-dell-latitude\\Desktop\\projects\\kulineran-yuk\\server\\src\\errors\\NotFound.ts": {"path":"D:\\backup-dell-latitude\\Desktop\\projects\\kulineran-yuk\\server\\src\\errors\\NotFound.ts","statementMap":{"0":{"start":{"line":1,"column":0},"end":{"line":1,"column":48}},"1":{"start":{"line":2,"column":0},"end":{"line":2,"column":46}},"2":{"start":{"line":7,"column":4},"end":{"line":7,"column":19}},"3":{"start":{"line":5,"column":2},"end":{"line":5,"column":37}},"4":{"start":{"line":9,"column":4},"end":{"line":9,"column":32}},"5":{"start":{"line":13,"column":0},"end":{"line":13,"column":24}}},"fnMap":{"0":{"name":"(anonymous_1)","decl":{"start":{"line":6,"column":2},"end":{"line":6,"column":14}},"loc":{"start":{"line":6,"column":29},"end":{"line":10,"column":3}}}},"branchMap":{},"s":{"0":14,"1":14,"2":35,"3":35,"4":35,"5":14},"f":{"0":35},"b":{}}
,"D:\\backup-dell-latitude\\Desktop\\projects\\kulineran-yuk\\server\\src\\errors\\Unauthenticated.ts": {"path":"D:\\backup-dell-latitude\\Desktop\\projects\\kulineran-yuk\\server\\src\\errors\\Unauthenticated.ts","statementMap":{"0":{"start":{"line":1,"column":0},"end":{"line":1,"column":48}},"1":{"start":{"line":2,"column":0},"end":{"line":2,"column":46}},"2":{"start":{"line":7,"column":4},"end":{"line":7,"column":19}},"3":{"start":{"line":5,"column":2},"end":{"line":5,"column":40}},"4":{"start":{"line":9,"column":4},"end":{"line":9,"column":39}},"5":{"start":{"line":13,"column":0},"end":{"line":13,"column":31}}},"fnMap":{"0":{"name":"(anonymous_1)","decl":{"start":{"line":6,"column":2},"end":{"line":6,"column":14}},"loc":{"start":{"line":6,"column":29},"end":{"line":10,"column":3}}}},"branchMap":{},"s":{"0":14,"1":14,"2":6,"3":6,"4":6,"5":14},"f":{"0":6},"b":{}}
,"D:\\backup-dell-latitude\\Desktop\\projects\\kulineran-yuk\\server\\src\\errors\\Unauthorized.ts": {"path":"D:\\backup-dell-latitude\\Desktop\\projects\\kulineran-yuk\\server\\src\\errors\\Unauthorized.ts","statementMap":{"0":{"start":{"line":1,"column":0},"end":{"line":1,"column":48}},"1":{"start":{"line":2,"column":0},"end":{"line":2,"column":46}},"2":{"start":{"line":7,"column":4},"end":{"line":7,"column":19}},"3":{"start":{"line":5,"column":2},"end":{"line":5,"column":37}},"4":{"start":{"line":9,"column":4},"end":{"line":9,"column":36}},"5":{"start":{"line":13,"column":0},"end":{"line":13,"column":28}}},"fnMap":{"0":{"name":"(anonymous_1)","decl":{"start":{"line":6,"column":2},"end":{"line":6,"column":14}},"loc":{"start":{"line":6,"column":29},"end":{"line":10,"column":3}}}},"branchMap":{},"s":{"0":14,"1":14,"2":5,"3":5,"4":5,"5":14},"f":{"0":5},"b":{}}
,"D:\\backup-dell-latitude\\Desktop\\projects\\kulineran-yuk\\server\\src\\errors\\ValidationError.ts": {"path":"D:\\backup-dell-latitude\\Desktop\\projects\\kulineran-yuk\\server\\src\\errors\\ValidationError.ts","statementMap":{"0":{"start":{"line":1,"column":0},"end":{"line":1,"column":48}},"1":{"start":{"line":2,"column":0},"end":{"line":2,"column":46}},"2":{"start":{"line":8,"column":4},"end":{"line":8,"column":19}},"3":{"start":{"line":6,"column":2},"end":{"line":6,"column":39}},"4":{"start":{"line":9,"column":4},"end":{"line":9,"column":34}},"5":{"start":{"line":10,"column":4},"end":{"line":10,"column":25}},"6":{"start":{"line":14,"column":0},"end":{"line":14,"column":31}}},"fnMap":{"0":{"name":"(anonymous_1)","decl":{"start":{"line":7,"column":2},"end":{"line":7,"column":14}},"loc":{"start":{"line":7,"column":42},"end":{"line":11,"column":3}}}},"branchMap":{},"s":{"0":1,"1":1,"2":0,"3":0,"4":0,"5":0,"6":1},"f":{"0":0},"b":{}}
,"D:\\backup-dell-latitude\\Desktop\\projects\\kulineran-yuk\\server\\src\\errors\\index.ts": {"path":"D:\\backup-dell-latitude\\Desktop\\projects\\kulineran-yuk\\server\\src\\errors\\index.ts","statementMap":{"0":{"start":{"line":1,"column":0},"end":{"line":1,"column":7}},"1":{"start":{"line":6,"column":9},"end":{"line":1,"column":38}},"2":{"start":{"line":2,"column":0},"end":{"line":2,"column":7}},"3":{"start":{"line":6,"column":21},"end":{"line":2,"column":34}},"4":{"start":{"line":3,"column":0},"end":{"line":3,"column":7}},"5":{"start":{"line":6,"column":31},"end":{"line":3,"column":48}},"6":{"start":{"line":4,"column":0},"end":{"line":4,"column":7}},"7":{"start":{"line":6,"column":48},"end":{"line":4,"column":42}}},"fnMap":{},"branchMap":{},"s":{"0":14,"1":14,"2":14,"3":14,"4":14,"5":14,"6":14,"7":14},"f":{},"b":{}}
,"D:\\backup-dell-latitude\\Desktop\\projects\\kulineran-yuk\\server\\src\\global\\types.ts": {"path":"D:\\backup-dell-latitude\\Desktop\\projects\\kulineran-yuk\\server\\src\\global\\types.ts","statementMap":{"0":{"start":{"line":13,"column":30},"end":{"line":13,"column":46}},"1":{"start":{"line":13,"column":64},"end":{"line":13,"column":79}},"2":{"start":{"line":18,"column":4},"end":{"line":18,"column":25}},"3":{"start":{"line":17,"column":47},"end":{"line":17,"column":61}},"4":{"start":{"line":16,"column":0},"end":{"line":16,"column":13}},"5":{"start":{"line":24,"column":4},"end":{"line":24,"column":26}},"6":{"start":{"line":22,"column":0},"end":{"line":22,"column":13}},"7":{"start":{"line":30,"column":4},"end":{"line":30,"column":19}},"8":{"start":{"line":29,"column":47},"end":{"line":29,"column":91}},"9":{"start":{"line":28,"column":0},"end":{"line":28,"column":13}}},"fnMap":{"0":{"name":"(anonymous_0)","decl":{"start":{"line":13,"column":2},"end":{"line":13,"column":30}},"loc":{"start":{"line":13,"column":79},"end":{"line":13,"column":83}}},"1":{"name":"(anonymous_1)","decl":{"start":{"line":17,"column":2},"end":{"line":17,"column":14}},"loc":{"start":{"line":17,"column":61},"end":{"line":19,"column":3}}},"2":{"name":"(anonymous_2)","decl":{"start":{"line":23,"column":2},"end":{"line":23,"column":14}},"loc":{"start":{"line":23,"column":29},"end":{"line":25,"column":3}}},"3":{"name":"(anonymous_3)","decl":{"start":{"line":29,"column":2},"end":{"line":29,"column":14}},"loc":{"start":{"line":29,"column":91},"end":{"line":31,"column":3}}}},"branchMap":{},"s":{"0":3,"1":3,"2":3,"3":3,"4":1,"5":0,"6":1,"7":0,"8":0,"9":1},"f":{"0":3,"1":3,"2":0,"3":0},"b":{}}
,"D:\\backup-dell-latitude\\Desktop\\projects\\kulineran-yuk\\server\\src\\middleware\\auth.ts": {"path":"D:\\backup-dell-latitude\\Desktop\\projects\\kulineran-yuk\\server\\src\\middleware\\auth.ts","statementMap":{"0":{"start":{"line":2,"column":0},"end":{"line":2,"column":31}},"1":{"start":{"line":3,"column":0},"end":{"line":3,"column":44}},"2":{"start":{"line":5,"column":0},"end":{"line":5,"column":46}},"3":{"start":{"line":7,"column":40},"end":{"line":31,"column":1}},"4":{"start":{"line":12,"column":2},"end":{"line":30,"column":null}},"5":{"start":{"line":13,"column":23},"end":{"line":13,"column":56}},"6":{"start":{"line":14,"column":4},"end":{"line":16,"column":null}},"7":{"start":{"line":15,"column":6},"end":{"line":15,"column":95}},"8":{"start":{"line":17,"column":18},"end":{"line":17,"column":41}},"9":{"start":{"line":18,"column":4},"end":{"line":20,"column":null}},"10":{"start":{"line":19,"column":6},"end":{"line":19,"column":95}},"11":{"start":{"line":21,"column":20},"end":{"line":21,"column":95}},"12":{"start":{"line":23,"column":4},"end":{"line":26,"column":33}},"13":{"start":{"line":27,"column":4},"end":{"line":27,"column":11}},"14":{"start":{"line":29,"column":4},"end":{"line":29,"column":16}},"15":{"start":{"line":60,"column":2},"end":{"line":60,"column":33}},"16":{"start":{"line":33,"column":38},"end":{"line":57,"column":1}},"17":{"start":{"line":38,"column":2},"end":{"line":56,"column":null}},"18":{"start":{"line":39,"column":23},"end":{"line":39,"column":59}},"19":{"start":{"line":40,"column":4},"end":{"line":42,"column":null}},"20":{"start":{"line":41,"column":6},"end":{"line":41,"column":95}},"21":{"start":{"line":43,"column":18},"end":{"line":43,"column":41}},"22":{"start":{"line":44,"column":4},"end":{"line":46,"column":null}},"23":{"start":{"line":45,"column":6},"end":{"line":45,"column":95}},"24":{"start":{"line":47,"column":20},"end":{"line":47,"column":98}},"25":{"start":{"line":49,"column":4},"end":{"line":52,"column":33}},"26":{"start":{"line":53,"column":4},"end":{"line":53,"column":11}},"27":{"start":{"line":55,"column":4},"end":{"line":55,"column":16}},"28":{"start":{"line":61,"column":2},"end":{"line":61,"column":31}}},"fnMap":{"0":{"name":"(anonymous_1)","decl":{"start":{"line":7,"column":40},"end":{"line":7,"column":null}},"loc":{"start":{"line":11,"column":4},"end":{"line":31,"column":1}}},"1":{"name":"(anonymous_2)","decl":{"start":{"line":33,"column":38},"end":{"line":33,"column":null}},"loc":{"start":{"line":37,"column":4},"end":{"line":57,"column":1}}}},"branchMap":{"0":{"loc":{"start":{"line":14,"column":4},"end":{"line":16,"column":null}},"type":"if","locations":[{"start":{"line":14,"column":4},"end":{"line":16,"column":null}}]},"1":{"loc":{"start":{"line":18,"column":4},"end":{"line":20,"column":null}},"type":"if","locations":[{"start":{"line":18,"column":4},"end":{"line":20,"column":null}}]},"2":{"loc":{"start":{"line":40,"column":4},"end":{"line":42,"column":null}},"type":"if","locations":[{"start":{"line":40,"column":4},"end":{"line":42,"column":null}}]},"3":{"loc":{"start":{"line":44,"column":4},"end":{"line":46,"column":null}},"type":"if","locations":[{"start":{"line":44,"column":4},"end":{"line":46,"column":null}}]}},"s":{"0":2,"1":2,"2":2,"3":2,"4":3,"5":3,"6":3,"7":0,"8":3,"9":3,"10":1,"11":2,"12":0,"13":0,"14":3,"15":2,"16":2,"17":0,"18":0,"19":0,"20":0,"21":0,"22":0,"23":0,"24":0,"25":0,"26":0,"27":0,"28":2},"f":{"0":3,"1":0},"b":{"0":[0],"1":[1],"2":[0],"3":[0]}}
,"D:\\backup-dell-latitude\\Desktop\\projects\\kulineran-yuk\\server\\src\\middleware\\emailVerification.ts": {"path":"D:\\backup-dell-latitude\\Desktop\\projects\\kulineran-yuk\\server\\src\\middleware\\emailVerification.ts","statementMap":{"0":{"start":{"line":3,"column":0},"end":{"line":3,"column":46}},"1":{"start":{"line":4,"column":0},"end":{"line":4,"column":58}},"2":{"start":{"line":5,"column":0},"end":{"line":5,"column":42}},"3":{"start":{"line":7,"column":29},"end":{"line":31,"column":2}},"4":{"start":{"line":11,"column":4},"end":{"line":31,"column":2}},"5":{"start":{"line":12,"column":32},"end":{"line":12,"column":67}},"6":{"start":{"line":14,"column":2},"end":{"line":30,"column":null}},"7":{"start":{"line":15,"column":23},"end":{"line":15,"column":62}},"8":{"start":{"line":16,"column":4},"end":{"line":18,"column":null}},"9":{"start":{"line":17,"column":6},"end":{"line":17,"column":95}},"10":{"start":{"line":20,"column":4},"end":{"line":22,"column":null}},"11":{"start":{"line":21,"column":6},"end":{"line":21,"column":73}},"12":{"start":{"line":24,"column":4},"end":{"line":24,"column":11}},"13":{"start":{"line":26,"column":4},"end":{"line":28,"column":null}},"14":{"start":{"line":27,"column":6},"end":{"line":27,"column":97}},"15":{"start":{"line":29,"column":4},"end":{"line":29,"column":16}},"16":{"start":{"line":56,"column":2},"end":{"line":56,"column":22}},"17":{"start":{"line":33,"column":32},"end":{"line":52,"column":2}},"18":{"start":{"line":37,"column":4},"end":{"line":52,"column":2}},"19":{"start":{"line":38,"column":30},"end":{"line":38,"column":65}},"20":{"start":{"line":40,"column":2},"end":{"line":51,"column":null}},"21":{"start":{"line":41,"column":21},"end":{"line":41,"column":56}},"22":{"start":{"line":42,"column":4},"end":{"line":44,"column":null}},"23":{"start":{"line":43,"column":6},"end":{"line":43,"column":95}},"24":{"start":{"line":45,"column":4},"end":{"line":47,"column":null}},"25":{"start":{"line":46,"column":6},"end":{"line":46,"column":41}},"26":{"start":{"line":48,"column":4},"end":{"line":48,"column":11}},"27":{"start":{"line":50,"column":4},"end":{"line":50,"column":16}},"28":{"start":{"line":55,"column":2},"end":{"line":55,"column":25}}},"fnMap":{"0":{"name":"(anonymous_8)","decl":{"start":{"line":7,"column":29},"end":{"line":7,"column":null}},"loc":{"start":{"line":11,"column":4},"end":{"line":31,"column":2}}},"1":{"name":"(anonymous_9)","decl":{"start":{"line":11,"column":4},"end":{"line":11,"column":null}},"loc":{"start":{"line":11,"column":4},"end":{"line":31,"column":1}}},"2":{"name":"(anonymous_10)","decl":{"start":{"line":33,"column":32},"end":{"line":33,"column":null}},"loc":{"start":{"line":37,"column":4},"end":{"line":52,"column":2}}},"3":{"name":"(anonymous_11)","decl":{"start":{"line":37,"column":4},"end":{"line":37,"column":null}},"loc":{"start":{"line":37,"column":4},"end":{"line":52,"column":1}}}},"branchMap":{"0":{"loc":{"start":{"line":16,"column":4},"end":{"line":18,"column":null}},"type":"if","locations":[{"start":{"line":16,"column":4},"end":{"line":18,"column":null}}]},"1":{"loc":{"start":{"line":20,"column":4},"end":{"line":22,"column":null}},"type":"if","locations":[{"start":{"line":20,"column":4},"end":{"line":22,"column":null}}]},"2":{"loc":{"start":{"line":26,"column":4},"end":{"line":28,"column":null}},"type":"if","locations":[{"start":{"line":26,"column":4},"end":{"line":28,"column":null}}]},"3":{"loc":{"start":{"line":42,"column":4},"end":{"line":44,"column":null}},"type":"if","locations":[{"start":{"line":42,"column":4},"end":{"line":44,"column":null}}]},"4":{"loc":{"start":{"line":45,"column":4},"end":{"line":47,"column":null}},"type":"if","locations":[{"start":{"line":45,"column":4},"end":{"line":47,"column":null}}]}},"s":{"0":2,"1":2,"2":2,"3":2,"4":3,"5":3,"6":3,"7":3,"8":2,"9":0,"10":2,"11":1,"12":1,"13":2,"14":1,"15":2,"16":2,"17":2,"18":0,"19":0,"20":0,"21":0,"22":0,"23":0,"24":0,"25":0,"26":0,"27":0,"28":2},"f":{"0":3,"1":3,"2":0,"3":0},"b":{"0":[0],"1":[1],"2":[1],"3":[0],"4":[0]}}
,"D:\\backup-dell-latitude\\Desktop\\projects\\kulineran-yuk\\server\\src\\middleware\\handlerError.ts": {"path":"D:\\backup-dell-latitude\\Desktop\\projects\\kulineran-yuk\\server\\src\\middleware\\handlerError.ts","statementMap":{"0":{"start":{"line":2,"column":0},"end":{"line":2,"column":54}},"1":{"start":{"line":3,"column":0},"end":{"line":3,"column":48}},"2":{"start":{"line":7,"column":0},"end":{"line":7,"column":39}},"3":{"start":{"line":8,"column":0},"end":{"line":8,"column":56}},"4":{"start":{"line":9,"column":0},"end":{"line":9,"column":61}},"5":{"start":{"line":11,"column":31},"end":{"line":64,"column":1}},"6":{"start":{"line":18,"column":4},"end":{"line":24,"column":6}},"7":{"start":{"line":30,"column":2},"end":{"line":46,"column":null}},"8":{"start":{"line":31,"column":19},"end":{"line":34,"column":7}},"9":{"start":{"line":31,"column":42},"end":{"line":34,"column":6}},"10":{"start":{"line":36,"column":4},"end":{"line":39,"column":6}},"11":{"start":{"line":41,"column":4},"end":{"line":45,"column":8}},"12":{"start":{"line":66,"column":0},"end":{"line":66,"column":38}}},"fnMap":{"0":{"name":"(anonymous_1)","decl":{"start":{"line":11,"column":31},"end":{"line":11,"column":null}},"loc":{"start":{"line":16,"column":4},"end":{"line":64,"column":1}}},"1":{"name":"(anonymous_2)","decl":{"start":{"line":31,"column":34},"end":{"line":31,"column":35}},"loc":{"start":{"line":31,"column":42},"end":{"line":34,"column":6}}}},"branchMap":{"0":{"loc":{"start":{"line":20,"column":8},"end":{"line":22,"column":45}},"type":"cond-expr","locations":[{"start":{"line":21,"column":12},"end":{"line":21,"column":26}},{"start":{"line":22,"column":12},"end":{"line":22,"column":45}}]},"1":{"loc":{"start":{"line":30,"column":2},"end":{"line":46,"column":null}},"type":"if","locations":[{"start":{"line":30,"column":2},"end":{"line":46,"column":null}}]}},"s":{"0":1,"1":1,"2":1,"3":1,"4":1,"5":1,"6":0,"7":0,"8":0,"9":0,"10":0,"11":0,"12":1},"f":{"0":0,"1":0},"b":{"0":[0,0],"1":[0]}}
,"D:\\backup-dell-latitude\\Desktop\\projects\\kulineran-yuk\\server\\src\\middleware\\minimumSetupAccount.ts": {"path":"D:\\backup-dell-latitude\\Desktop\\projects\\kulineran-yuk\\server\\src\\middleware\\minimumSetupAccount.ts","statementMap":{"0":{"start":{"line":3,"column":0},"end":{"line":3,"column":46}},"1":{"start":{"line":4,"column":0},"end":{"line":4,"column":44}},"2":{"start":{"line":6,"column":28},"end":{"line":25,"column":2}},"3":{"start":{"line":10,"column":4},"end":{"line":25,"column":2}},"4":{"start":{"line":11,"column":32},"end":{"line":11,"column":67}},"5":{"start":{"line":13,"column":2},"end":{"line":24,"column":null}},"6":{"start":{"line":14,"column":23},"end":{"line":14,"column":62}},"7":{"start":{"line":15,"column":4},"end":{"line":17,"column":null}},"8":{"start":{"line":16,"column":6},"end":{"line":16,"column":95}},"9":{"start":{"line":18,"column":4},"end":{"line":20,"column":null}},"10":{"start":{"line":19,"column":6},"end":{"line":19,"column":161}},"11":{"start":{"line":21,"column":4},"end":{"line":21,"column":11}},"12":{"start":{"line":23,"column":4},"end":{"line":23,"column":16}},"13":{"start":{"line":28,"column":2},"end":{"line":28,"column":21}}},"fnMap":{"0":{"name":"(anonymous_8)","decl":{"start":{"line":6,"column":28},"end":{"line":6,"column":null}},"loc":{"start":{"line":10,"column":4},"end":{"line":25,"column":2}}},"1":{"name":"(anonymous_9)","decl":{"start":{"line":10,"column":4},"end":{"line":10,"column":null}},"loc":{"start":{"line":10,"column":4},"end":{"line":25,"column":1}}}},"branchMap":{"0":{"loc":{"start":{"line":15,"column":4},"end":{"line":17,"column":null}},"type":"if","locations":[{"start":{"line":15,"column":4},"end":{"line":17,"column":null}}]},"1":{"loc":{"start":{"line":18,"column":4},"end":{"line":20,"column":null}},"type":"if","locations":[{"start":{"line":18,"column":4},"end":{"line":20,"column":null}}]}},"s":{"0":1,"1":1,"2":1,"3":0,"4":0,"5":0,"6":0,"7":0,"8":0,"9":0,"10":0,"11":0,"12":0,"13":1},"f":{"0":0,"1":0},"b":{"0":[0],"1":[0]}}
,"D:\\backup-dell-latitude\\Desktop\\projects\\kulineran-yuk\\server\\src\\middleware\\routeNotFound.ts": {"path":"D:\\backup-dell-latitude\\Desktop\\projects\\kulineran-yuk\\server\\src\\middleware\\routeNotFound.ts","statementMap":{"0":{"start":{"line":2,"column":0},"end":{"line":2,"column":48}},"1":{"start":{"line":3,"column":0},"end":{"line":3,"column":51}},"2":{"start":{"line":5,"column":22},"end":{"line":7,"column":1}},"3":{"start":{"line":6,"column":2},"end":{"line":6,"column":87}},"4":{"start":{"line":9,"column":0},"end":{"line":9,"column":29}}},"fnMap":{"0":{"name":"(anonymous_0)","decl":{"start":{"line":5,"column":22},"end":{"line":5,"column":23}},"loc":{"start":{"line":5,"column":54},"end":{"line":7,"column":1}}}},"branchMap":{},"s":{"0":1,"1":1,"2":1,"3":0,"4":1},"f":{"0":0},"b":{}}
,"D:\\backup-dell-latitude\\Desktop\\projects\\kulineran-yuk\\server\\src\\models\\CustomMenuCategory.ts": {"path":"D:\\backup-dell-latitude\\Desktop\\projects\\kulineran-yuk\\server\\src\\models\\CustomMenuCategory.ts","statementMap":{"0":{"start":{"line":1,"column":0},"end":{"line":1,"column":56}},"1":{"start":{"line":11,"column":33},"end":{"line":32,"column":null}},"2":{"start":{"line":36,"column":2},"end":{"line":37,"column":55}},"3":{"start":{"line":39,"column":0},"end":{"line":39,"column":34}}},"fnMap":{},"branchMap":{"0":{"loc":{"start":{"line":36,"column":2},"end":{"line":37,"column":55}},"type":"binary-expr","locations":[{"start":{"line":36,"column":2},"end":{"line":36,"column":27}},{"start":{"line":37,"column":2},"end":{"line":37,"column":55}}]}},"s":{"0":2,"1":2,"2":2,"3":2},"f":{},"b":{"0":[2,2]}}
,"D:\\backup-dell-latitude\\Desktop\\projects\\kulineran-yuk\\server\\src\\models\\CustomMenuCategorySpicyLevel.ts": {"path":"D:\\backup-dell-latitude\\Desktop\\projects\\kulineran-yuk\\server\\src\\models\\CustomMenuCategorySpicyLevel.ts","statementMap":{"0":{"start":{"line":1,"column":0},"end":{"line":1,"column":56}},"1":{"start":{"line":11,"column":2},"end":{"line":23,"column":null}},"2":{"start":{"line":27,"column":2},"end":{"line":27,"column":114}},"3":{"start":{"line":29,"column":0},"end":{"line":29,"column":44}}},"fnMap":{},"branchMap":{"0":{"loc":{"start":{"line":27,"column":2},"end":{"line":27,"column":114}},"type":"binary-expr","locations":[{"start":{"line":27,"column":2},"end":{"line":27,"column":37}},{"start":{"line":27,"column":41},"end":{"line":27,"column":114}}]}},"s":{"0":2,"1":2,"2":2,"3":2},"f":{},"b":{"0":[2,2]}}
,"D:\\backup-dell-latitude\\Desktop\\projects\\kulineran-yuk\\server\\src\\models\\CustomMenuComposition.ts": {"path":"D:\\backup-dell-latitude\\Desktop\\projects\\kulineran-yuk\\server\\src\\models\\CustomMenuComposition.ts","statementMap":{"0":{"start":{"line":1,"column":0},"end":{"line":1,"column":56}},"1":{"start":{"line":17,"column":36},"end":{"line":58,"column":null}},"2":{"start":{"line":62,"column":2},"end":{"line":62,"column":93}},"3":{"start":{"line":64,"column":0},"end":{"line":64,"column":37}}},"fnMap":{},"branchMap":{"0":{"loc":{"start":{"line":62,"column":2},"end":{"line":62,"column":93}},"type":"binary-expr","locations":[{"start":{"line":62,"column":2},"end":{"line":62,"column":30}},{"start":{"line":62,"column":34},"end":{"line":62,"column":93}}]}},"s":{"0":2,"1":2,"2":2,"3":2},"f":{},"b":{"0":[2,2]}}
[...]
es\\passport\\passportConfigResto.ts": {"path":"D:\\backup-dell-latitude\\Desktop\\projects\\kulineran-yuk\\server\\src\\services\\passport\\passportConfigResto.ts","statementMap":{"0":{"start":{"line":1,"column":0},"end":{"line":1,"column":60}},"1":{"start":{"line":3,"column":0},"end":{"line":3,"column":32}},"2":{"start":{"line":4,"column":0},"end":{"line":4,"column":23}},"3":{"start":{"line":6,"column":0},"end":{"line":6,"column":34}},"4":{"start":{"line":7,"column":0},"end":{"line":7,"column":66}},"5":{"start":{"line":9,"column":23},"end":{"line":9,"column":53}},"6":{"start":{"line":11,"column":28},"end":{"line":60,"column":1}},"7":{"start":{"line":12,"column":2},"end":{"line":59,"column":4}},"8":{"start":{"line":19,"column":75},"end":{"line":58,"column":6}},"9":{"start":{"line":20,"column":6},"end":{"line":57,"column":null}},"10":{"start":{"line":21,"column":8},"end":{"line":53,"column":null}},"11":{"start":{"line":22,"column":31},"end":{"line":22,"column":91}},"12":{"start":{"line":24,"column":10},"end":{"line":52,"column":null}},"13":{"start":{"line":25,"column":59},"end":{"line":25,"column":71}},"14":{"start":{"line":26,"column":12},"end":{"line":30,"column":null}},"15":{"start":{"line":28,"column":16},"end":{"line":28,"column":90}},"16":{"start":{"line":29,"column":14},"end":{"line":29,"column":54}},"17":{"start":{"line":31,"column":12},"end":{"line":31,"column":44}},"18":{"start":{"line":39,"column":49},"end":{"line":48,"column":null}},"19":{"start":{"line":50,"column":28},"end":{"line":50,"column":60}},"20":{"start":{"line":51,"column":12},"end":{"line":51,"column":39}},"21":{"start":{"line":54,"column":8},"end":{"line":54,"column":55}},"22":{"start":{"line":56,"column":8},"end":{"line":56,"column":33}},"23":{"start":{"line":62,"column":0},"end":{"line":62,"column":35}}},"fnMap":{"0":{"name":"(anonymous_8)","decl":{"start":{"line":11,"column":28},"end":{"line":11,"column":29}},"loc":{"start":{"line":11,"column":57},"end":{"line":60,"column":1}}},"1":{"name":"(anonymous_9)","decl":{"start":{"line":19,"column":4},"end":{"line":19,"column":11}},"loc":{"start":{"line":19,"column":75},"end":{"line":58,"column":6}}},"2":{"name":"(anonymous_10)","decl":{"start":{"line":19,"column":75},"end":{"line":19,"column":null}},"loc":{"start":{"line":19,"column":75},"end":{"line":58,"column":5}}}},"branchMap":{"0":{"loc":{"start":{"line":21,"column":8},"end":{"line":53,"column":null}},"type":"if","locations":[{"start":{"line":21,"column":8},"end":{"line":53,"column":null}}]},"1":{"loc":{"start":{"line":21,"column":12},"end":{"line":21,"column":55}},"type":"binary-expr","locations":[{"start":{"line":21,"column":12},"end":{"line":21,"column":26}},{"start":{"line":21,"column":30},"end":{"line":21,"column":55}}]},"2":{"loc":{"start":{"line":24,"column":10},"end":{"line":52,"column":null}},"type":"if","locations":[{"start":{"line":24,"column":10},"end":{"line":52,"column":null}},{"start":{"line":32,"column":17},"end":{"line":52,"column":null}}]},"3":{"loc":{"start":{"line":26,"column":12},"end":{"line":30,"column":null}},"type":"if","locations":[{"start":{"line":26,"column":12},"end":{"line":30,"column":null}}]}},"s":{"0":1,"1":1,"2":1,"3":1,"4":1,"5":1,"6":1,"7":1,"8":0,"9":0,"10":0,"11":0,"12":0,"13":0,"14":0,"15":0,"16":0,"17":0,"18":0,"19":0,"20":0,"21":0,"22":0,"23":1},"f":{"0":1,"1":0,"2":0},"b":{"0":[0],"1":[0,0],"2":[0,0],"3":[0]}}
,"D:\\backup-dell-latitude\\Desktop\\projects\\kulineran-yuk\\server\\src\\utils\\convertImageGallery.ts": {"path":"D:\\backup-dell-latitude\\Desktop\\projects\\kulineran-yuk\\server\\src\\utils\\convertImageGallery.ts","statementMap":{"0":{"start":{"line":10,"column":28},"end":{"line":21,"column":3}},"1":{"start":{"line":12,"column":37},"end":{"line":12,"column":39}},"2":{"start":{"line":14,"column":4},"end":{"line":18,"column":null}},"3":{"start":{"line":14,"column":17},"end":{"line":14,"column":18}},"4":{"start":{"line":15,"column":18},"end":{"line":15,"column":33}},"5":{"start":{"line":16,"column":20},"end":{"line":16,"column":44}},"6":{"start":{"line":17,"column":6},"end":{"line":17,"column":31}},"7":{"start":{"line":20,"column":4},"end":{"line":20,"column":23}},"8":{"start":{"line":23,"column":0},"end":{"line":23,"column":35}}},"fnMap":{"0":{"name":"(anonymous_0)","decl":{"start":{"line":10,"column":28},"end":{"line":10,"column":29}},"loc":{"start":{"line":11,"column":18},"end":{"line":21,"column":3}}}},"branchMap":{"0":{"loc":{"start":{"line":16,"column":20},"end":{"line":16,"column":44}},"type":"binary-expr","locations":[{"start":{"line":16,"column":20},"end":{"line":16,"column":38}},{"start":{"line":16,"column":42},"end":{"line":16,"column":44}}]}},"s":{"0":4,"1":205,"2":205,"3":205,"4":698,"5":698,"6":698,"7":205,"8":4},"f":{"0":205},"b":{"0":[698,163]}}
,"D:\\backup-dell-latitude\\Desktop\\projects\\kulineran-yuk\\server\\src\\utils\\createCookie.ts": {"path":"D:\\backup-dell-latitude\\Desktop\\projects\\kulineran-yuk\\server\\src\\utils\\createCookie.ts","statementMap":{"0":{"start":{"line":2,"column":0},"end":{"line":2,"column":78}},"1":{"start":{"line":3,"column":0},"end":{"line":3,"column":42}},"2":{"start":{"line":4,"column":0},"end":{"line":4,"column":31}},"3":{"start":{"line":7,"column":37},"end":{"line":13,"column":1}},"4":{"start":{"line":8,"column":18},"end":{"line":8,"column":70}},"5":{"start":{"line":9,"column":16},"end":{"line":9,"column":65}},"6":{"start":{"line":10,"column":21},"end":{"line":10,"column":54}},"7":{"start":{"line":11,"column":17},"end":{"line":11,"column":36}},"8":{"start":{"line":12,"column":2},"end":{"line":12,"column":44}},"9":{"start":{"line":16,"column":2},"end":{"line":16,"column":30}}},"fnMap":{"0":{"name":"(anonymous_1)","decl":{"start":{"line":7,"column":37},"end":{"line":7,"column":38}},"loc":{"start":{"line":7,"column":90},"end":{"line":13,"column":1}}}},"branchMap":{},"s":{"0":1,"1":1,"2":1,"3":1,"4":1,"5":1,"6":1,"7":1,"8":1,"9":1},"f":{"0":1},"b":{}}
,"D:\\backup-dell-latitude\\Desktop\\projects\\kulineran-yuk\\server\\src\\utils\\createJwtPayloadData.ts": {"path":"D:\\backup-dell-latitude\\Desktop\\projects\\kulineran-yuk\\server\\src\\utils\\createJwtPayloadData.ts","statementMap":{"0":{"start":{"line":17,"column":45},"end":{"line":25,"column":1}},"1":{"start":{"line":20,"column":59},"end":{"line":23,"column":null}},"2":{"start":{"line":24,"column":2},"end":{"line":24,"column":21}},"3":{"start":{"line":62,"column":2},"end":{"line":62,"column":38}},"4":{"start":{"line":27,"column":48},"end":{"line":35,"column":1}},"5":{"start":{"line":30,"column":57},"end":{"line":33,"column":4}},"6":{"start":{"line":34,"column":2},"end":{"line":34,"column":21}},"7":{"start":{"line":63,"column":2},"end":{"line":63,"column":41}},"8":{"start":{"line":37,"column":41},"end":{"line":47,"column":1}},"9":{"start":{"line":40,"column":83},"end":{"line":45,"column":null}},"10":{"start":{"line":46,"column":2},"end":{"line":46,"column":21}},"11":{"start":{"line":64,"column":2},"end":{"line":64,"column":34}},"12":{"start":{"line":49,"column":44},"end":{"line":59,"column":1}},"13":{"start":{"line":52,"column":81},"end":{"line":57,"column":4}},"14":{"start":{"line":58,"column":2},"end":{"line":58,"column":21}},"15":{"start":{"line":65,"column":2},"end":{"line":65,"column":37}}},"fnMap":{"0":{"name":"(anonymous_0)","decl":{"start":{"line":17,"column":45},"end":{"line":17,"column":null}},"loc":{"start":{"line":19,"column":29},"end":{"line":25,"column":1}}},"1":{"name":"(anonymous_1)","decl":{"start":{"line":27,"column":48},"end":{"line":27,"column":null}},"loc":{"start":{"line":29,"column":29},"end":{"line":35,"column":1}}},"2":{"name":"(anonymous_2)","decl":{"start":{"line":37,"column":41},"end":{"line":37,"column":null}},"loc":{"start":{"line":39,"column":25},"end":{"line":47,"column":1}}},"3":{"name":"(anonymous_3)","decl":{"start":{"line":49,"column":44},"end":{"line":49,"column":null}},"loc":{"start":{"line":51,"column":25},"end":{"line":59,"column":1}}}},"branchMap":{},"s":{"0":4,"1":3,"2":3,"3":4,"4":4,"5":0,"6":0,"7":4,"8":4,"9":1,"10":1,"11":4,"12":4,"13":0,"14":0,"15":4},"f":{"0":3,"1":0,"2":1,"3":0},"b":{}}
,"D:\\backup-dell-latitude\\Desktop\\projects\\kulineran-yuk\\server\\src\\utils\\createRestaurantEmailVerification.ts": {"path":"D:\\backup-dell-latitude\\Desktop\\projects\\kulineran-yuk\\server\\src\\utils\\createRestaurantEmailVerification.ts","statementMap":{"0":{"start":{"line":1,"column":0},"end":{"line":1,"column":26}},"1":{"start":{"line":2,"column":0},"end":{"line":2,"column":36}},"2":{"start":{"line":5,"column":0},"end":{"line":5,"column":70}},"3":{"start":{"line":7,"column":42},"end":{"line":24,"column":2}},"4":{"start":{"line":13,"column":20},"end":{"line":24,"column":2}},"5":{"start":{"line":14,"column":14},"end":{"line":14,"column":21}},"6":{"start":{"line":15,"column":20},"end":{"line":15,"column":56}},"7":{"start":{"line":16,"column":23},"end":{"line":16,"column":31}},"8":{"start":{"line":18,"column":2},"end":{"line":23,"column":5}},"9":{"start":{"line":26,"column":0},"end":{"line":26,"column":49}}},"fnMap":{"0":{"name":"(anonymous_8)","decl":{"start":{"line":7,"column":42},"end":{"line":7,"column":49}},"loc":{"start":{"line":13,"column":20},"end":{"line":24,"column":2}}},"1":{"name":"(anonymous_9)","decl":{"start":{"line":13,"column":20},"end":{"line":13,"column":null}},"loc":{"start":{"line":13,"column":20},"end":{"line":24,"column":1}}}},"branchMap":{},"s":{"0":3,"1":3,"2":3,"3":3,"4":6,"5":6,"6":6,"7":6,"8":6,"9":3},"f":{"0":6,"1":6},"b":{}}
,"D:\\backup-dell-latitude\\Desktop\\projects\\kulineran-yuk\\server\\src\\utils\\createRestaurantNotification.ts": {"path":"D:\\backup-dell-latitude\\Desktop\\projects\\kulineran-yuk\\server\\src\\utils\\createRestaurantNotification.ts","statementMap":{"0":{"start":{"line":1,"column":0},"end":{"line":1,"column":24}},"1":{"start":{"line":2,"column":0},"end":{"line":2,"column":99}},"2":{"start":{"line":4,"column":49},"end":{"line":9,"column":2}},"3":{"start":{"line":13,"column":37},"end":{"line":48,"column":2}},"4":{"start":{"line":18,"column":90},"end":{"line":48,"column":2}},"5":{"start":{"line":19,"column":2},"end":{"line":47,"column":null}},"6":{"start":{"line":20,"column":26},"end":{"line":25,"column":6}},"7":{"start":{"line":29,"column":4},"end":{"line":35,"column":null}},"8":{"start":{"line":30,"column":6},"end":{"line":30,"column":29}},"9":{"start":{"line":31,"column":6},"end":{"line":31,"column":100}},"10":{"start":{"line":32,"column":11},"end":{"line":35,"column":null}},"11":{"start":{"line":33,"column":6},"end":{"line":33,"column":33}},"12":{"start":{"line":34,"column":6},"end":{"line":34,"column":113}},"13":{"start":{"line":37,"column":35},"end":{"line":42,"column":6}},"14":{"start":{"line":44,"column":4},"end":{"line":44,"column":38}},"15":{"start":{"line":46,"column":4},"end":{"line":46,"column":68}},"16":{"start":{"line":50,"column":0},"end":{"line":50,"column":44}}},"fnMap":{"0":{"name":"(anonymous_8)","decl":{"start":{"line":13,"column":37},"end":{"line":13,"column":44}},"loc":{"start":{"line":18,"column":90},"end":{"line":48,"column":2}}},"1":{"name":"(anonymous_9)","decl":{"start":{"line":18,"column":90},"end":{"line":18,"column":null}},"loc":{"start":{"line":18,"column":90},"end":{"line":48,"column":1}}}},"branchMap":{"0":{"loc":{"start":{"line":29,"column":4},"end":{"line":35,"column":null}},"type":"if","locations":[{"start":{"line":29,"column":4},"end":{"line":35,"column":null}},{"start":{"line":32,"column":11},"end":{"line":35,"column":null}}]},"1":{"loc":{"start":{"line":32,"column":11},"end":{"line":35,"column":null}},"type":"if","locations":[{"start":{"line":32,"column":11},"end":{"line":35,"column":null}}]}},"s":{"0":2,"1":2,"2":2,"3":2,"4":52,"5":52,"6":52,"7":50,"8":25,"9":25,"10":25,"11":25,"12":25,"13":50,"14":50,"15":2,"16":2},"f":{"0":52,"1":52},"b":{"0":[25,25],"1":[25]}}
,"D:\\backup-dell-latitude\\Desktop\\projects\\kulineran-yuk\\server\\src\\utils\\index.ts": {"path":"D:\\backup-dell-latitude\\Desktop\\projects\\kulineran-yuk\\server\\src\\utils\\index.ts","statementMap":{"0":{"start":{"line":1,"column":0},"end":{"line":1,"column":null}},"1":{"start":{"line":16,"column":2},"end":{"line":2,"column":null}},"2":{"start":{"line":17,"column":2},"end":{"line":3,"column":null}},"3":{"start":{"line":18,"column":2},"end":{"line":4,"column":null}},"4":{"start":{"line":19,"column":2},"end":{"line":5,"column":null}},"5":{"start":{"line":8,"column":0},"end":{"line":8,"column":null}},"6":{"start":{"line":20,"column":2},"end":{"line":9,"column":null}},"7":{"start":{"line":21,"column":2},"end":{"line":10,"column":null}},"8":{"start":{"line":22,"column":2},"end":{"line":11,"column":null}},"9":{"start":{"line":23,"column":2},"end":{"line":12,"column":null}}},"fnMap":{"0":{"name":"(anonymous_0)","decl":{"start":{"line":16,"column":2},"end":{"line":16,"column":19}},"loc":{"start":{"line":16,"column":2},"end":{"line":2,"column":null}}},"1":{"name":"(anonymous_1)","decl":{"start":{"line":17,"column":2},"end":{"line":17,"column":15}},"loc":{"start":{"line":17,"column":2},"end":{"line":3,"column":null}}},"2":{"name":"(anonymous_2)","decl":{"start":{"line":18,"column":2},"end":{"line":18,"column":20}},"loc":{"start":{"line":18,"column":2},"end":{"line":4,"column":null}}},"3":{"name":"(anonymous_3)","decl":{"start":{"line":19,"column":2},"end":{"line":19,"column":16}},"loc":{"start":{"line":19,"column":2},"end":{"line":5,"column":null}}},"4":{"name":"(anonymous_4)","decl":{"start":{"line":20,"column":2},"end":{"line":20,"column":41}},"loc":{"start":{"line":20,"column":2},"end":{"line":9,"column":null}}},"5":{"name":"(anonymous_5)","decl":{"start":{"line":21,"column":2},"end":{"line":21,"column":37}},"loc":{"start":{"line":21,"column":2},"end":{"line":10,"column":null}}},"6":{"name":"(anonymous_6)","decl":{"start":{"line":22,"column":2},"end":{"line":22,"column":34}},"loc":{"start":{"line":22,"column":2},"end":{"line":11,"column":null}}},"7":{"name":"(anonymous_7)","decl":{"start":{"line":23,"column":2},"end":{"line":23,"column":38}},"loc":{"start":{"line":23,"column":2},"end":{"line":12,"column":null}}}},"branchMap":{},"s":{"0":4,"1":5,"2":4,"3":8,"4":4,"5":4,"6":4,"7":4,"8":5,"9":6},"f":{"0":1,"1":0,"2":4,"3":0,"4":0,"5":0,"6":1,"7":2},"b":{}}
,"D:\\backup-dell-latitude\\Desktop\\projects\\kulineran-yuk\\server\\src\\utils\\jwt.ts": {"path":"D:\\backup-dell-latitude\\Desktop\\projects\\kulineran-yuk\\server\\src\\utils\\jwt.ts","statementMap":{"0":{"start":{"line":1,"column":0},"end":{"line":1,"column":31}},"1":{"start":{"line":2,"column":0},"end":{"line":2,"column":31}},"2":{"start":{"line":4,"column":0},"end":{"line":4,"column":44}},"3":{"start":{"line":6,"column":26},"end":{"line":24,"column":1}},"4":{"start":{"line":14,"column":2},"end":{"line":16,"column":41}},"5":{"start":{"line":18,"column":16},"end":{"line":21,"column":null}},"6":{"start":{"line":23,"column":2},"end":{"line":23,"column":15}},"7":{"start":{"line":85,"column":2},"end":{"line":85,"column":19}},"8":{"start":{"line":26,"column":22},"end":{"line":44,"column":1}},"9":{"start":{"line":34,"column":2},"end":{"line":36,"column":37}},"10":{"start":{"line":38,"column":16},"end":{"line":41,"column":null}},"11":{"start":{"line":43,"column":2},"end":{"line":43,"column":15}},"12":{"start":{"line":86,"column":2},"end":{"line":86,"column":15}},"13":{"start":{"line":46,"column":27},"end":{"line":63,"column":1}},"14":{"start":{"line":54,"column":4},"end":{"line":56,"column":43}},"15":{"start":{"line":58,"column":2},"end":{"line":62,"column":null}},"16":{"start":{"line":59,"column":4},"end":{"line":59,"column":40}},"17":{"start":{"line":61,"column":4},"end":{"line":61,"column":16}},"18":{"start":{"line":87,"column":2},"end":{"line":87,"column":20}},"19":{"start":{"line":65,"column":23},"end":{"line":82,"column":1}},"20":{"start":{"line":73,"column":4},"end":{"line":75,"column":39}},"21":{"start":{"line":77,"column":2},"end":{"line":81,"column":null}},"22":{"start":{"line":78,"column":4},"end":{"line":78,"column":40}},"23":{"start":{"line":80,"column":4},"end":{"line":80,"column":93}},"24":{"start":{"line":88,"column":2},"end":{"line":88,"column":16}}},"fnMap":{"0":{"name":"(anonymous_1)","decl":{"start":{"line":6,"column":26},"end":{"line":6,"column":27}},"loc":{"start":{"line":12,"column":13},"end":{"line":24,"column":1}}},"1":{"name":"(anonymous_2)","decl":{"start":{"line":26,"column":22},"end":{"line":26,"column":23}},"loc":{"start":{"line":32,"column":13},"end":{"line":44,"column":1}}},"2":{"name":"(anonymous_3)","decl":{"start":{"line":46,"column":27},"end":{"line":46,"column":28}},"loc":{"start":{"line":52,"column":5},"end":{"line":63,"column":1}}},"3":{"name":"(anonymous_4)","decl":{"start":{"line":65,"column":23},"end":{"line":65,"column":24}},"loc":{"start":{"line":71,"column":5},"end":{"line":82,"column":1}}}},"branchMap":{"0":{"loc":{"start":{"line":14,"column":2},"end":{"line":16,"column":41}},"type":"cond-expr","locations":[{"start":{"line":15,"column":6},"end":{"line":15,"column":38}},{"start":{"line":16,"column":6},"end":{"line":16,"column":41}}]},"1":{"loc":{"start":{"line":34,"column":2},"end":{"line":36,"column":37}},"type":"cond-expr","locations":[{"start":{"line":35,"column":6},"end":{"line":35,"column":34}},{"start":{"line":36,"column":6},"end":{"line":36,"column":37}}]},"2":{"loc":{"start":{"line":54,"column":4},"end":{"line":56,"column":43}},"type":"cond-expr","locations":[{"start":{"line":55,"column":8},"end":{"line":55,"column":40}},{"start":{"line":56,"column":8},"end":{"line":56,"column":43}}]},"3":{"loc":{"start":{"line":73,"column":4},"end":{"line":75,"column":39}},"type":"cond-expr","locations":[{"start":{"line":74,"column":8},"end":{"line":74,"column":36}},{"start":{"line":75,"column":8},"end":{"line":75,"column":39}}]}},"s":{"0":4,"1":4,"2":4,"3":4,"4":2,"5":2,"6":2,"7":4,"8":4,"9":0,"10":0,"11":0,"12":4,"13":4,"14":4,"15":4,"16":4,"17":3,"18":4,"19":4,"20":0,"21":0,"22":0,"23":0,"24":4},"f":{"0":2,"1":0,"2":4,"3":0},"b":{"0":[2,0],"1":[0,0],"2":[4,0],"3":[0,0]}}
,"D:\\backup-dell-latitude\\Desktop\\projects\\kulineran-yuk\\server\\test\\mock\\adminResto.ts": {"path":"D:\\backup-dell-latitude\\Desktop\\projects\\kulineran-yuk\\server\\test\\mock\\adminResto.ts","statementMap":{"0":{"start":{"line":1,"column":27},"end":{"line":6,"column":2}},"1":{"start":{"line":8,"column":0},"end":{"line":8,"column":34}}},"fnMap":{},"branchMap":{},"s":{"0":3,"1":3},"f":{},"b":{}}
,"D:\\backup-dell-latitude\\Desktop\\projects\\kulineran-yuk\\server\\test\\mock\\customMenuCategory.ts": {"path":"D:\\backup-dell-latitude\\Desktop\\projects\\kulineran-yuk\\server\\test\\mock\\customMenuCategory.ts","statementMap":{"0":{"start":{"line":3,"column":42},"end":{"line":7,"column":2}},"1":{"start":{"line":15,"column":2},"end":{"line":15,"column":11}},"2":{"start":{"line":9,"column":45},"end":{"line":12,"column":2}},"3":{"start":{"line":16,"column":2},"end":{"line":16,"column":14}}},"fnMap":{},"branchMap":{},"s":{"0":1,"1":1,"2":1,"3":1},"f":{},"b":{}}
,"D:\\backup-dell-latitude\\Desktop\\projects\\kulineran-yuk\\server\\test\\mock\\customMenuComposition.ts": {"path":"D:\\backup-dell-latitude\\Desktop\\projects\\kulineran-yuk\\server\\test\\mock\\customMenuComposition.ts","statementMap":{"0":{"start":{"line":3,"column":61},"end":{"line":28,"column":2}},"1":{"start":{"line":58,"column":2},"end":{"line":58,"column":11}},"2":{"start":{"line":30,"column":64},"end":{"line":55,"column":2}},"3":{"start":{"line":59,"column":2},"end":{"line":59,"column":14}}},"fnMap":{},"branchMap":{},"s":{"0":1,"1":1,"2":1,"3":1},"f":{},"b":{}}
,"D:\\backup-dell-latitude\\Desktop\\projects\\kulineran-yuk\\server\\test\\mock\\randomString.ts": {"path":"D:\\backup-dell-latitude\\Desktop\\projects\\kulineran-yuk\\server\\test\\mock\\randomString.ts","statementMap":{"0":{"start":{"line":1,"column":26},"end":{"line":1,"column":90328}},"1":{"start":{"line":3,"column":0},"end":{"line":3,"column":33}}},"fnMap":{},"branchMap":{},"s":{"0":1,"1":1},"f":{},"b":{}}
}
