TN:
SF:src\config.ts
FNF:0
FNH:0
DA:1,7
DA:2,7
DA:4,7
LF:3
LH:3
BRF:0
BRH:0
end_of_record
TN:
SF:src\db\index.ts
FNF:0
FNH:0
DA:1,1
DA:2,1
DA:4,1
DA:5,1
DA:7,1
LF:5
LH:5
BRF:0
BRH:0
end_of_record
TN:
SF:src\errors\BadRequest.ts
FN:6,(anonymous_1)
FNF:1
FNH:1
FNDA:10,(anonymous_1)
DA:1,6
DA:2,6
DA:5,10
DA:7,10
DA:9,10
DA:13,6
LF:6
LH:6
BRF:0
BRH:0
end_of_record
TN:
SF:src\errors\CustomAPIError.ts
FN:6,(anonymous_0)
FNF:1
FNH:1
FNDA:17,(anonymous_0)
DA:7,17
DA:11,6
LF:2
LH:2
BRF:0
BRH:0
end_of_record
TN:
SF:src\errors\NotFound.ts
FN:6,(anonymous_1)
FNF:1
FNH:1
FNDA:3,(anonymous_1)
DA:1,6
DA:2,6
DA:5,3
DA:7,3
DA:9,3
DA:13,6
LF:6
LH:6
BRF:0
BRH:0
end_of_record
TN:
SF:src\errors\Unauthenticated.ts
FN:6,(anonymous_1)
FNF:1
FNH:0
FNDA:0,(anonymous_1)
DA:1,6
DA:2,6
DA:5,0
DA:7,0
DA:9,0
DA:13,6
LF:6
LH:3
BRF:0
BRH:0
end_of_record
TN:
SF:src\errors\Unauthorized.ts
FN:6,(anonymous_1)
FNF:1
FNH:1
FNDA:4,(anonymous_1)
DA:1,6
DA:2,6
DA:5,4
DA:7,4
DA:9,4
DA:13,6
LF:6
LH:6
BRF:0
BRH:0
end_of_record
TN:
SF:src\errors\index.ts
FNF:0
FNH:0
DA:1,6
DA:2,6
DA:3,6
DA:4,6
DA:6,6
LF:5
LH:5
BRF:0
BRH:0
end_of_record
TN:
SF:src\models\District.ts
FNF:0
FNH:0
DA:1,1
DA:10,1
DA:27,1
DA:29,1
LF:4
LH:4
BRDA:27,0,0,1
BRDA:27,0,1,1
BRF:2
BRH:2
end_of_record
TN:
SF:src\models\Province.ts
FNF:0
FNH:0
DA:1,1
DA:9,1
DA:20,1
DA:22,1
LF:4
LH:4
BRDA:20,0,0,1
BRDA:20,0,1,1
BRF:2
BRH:2
end_of_record
TN:
SF:src\models\Regency.ts
FNF:0
FNH:0
DA:1,1
DA:11,1
DA:28,1
DA:30,1
LF:4
LH:4
BRDA:28,0,0,1
BRDA:28,0,1,1
BRF:2
BRH:2
end_of_record
TN:
SF:src\models\Restaurant.ts
FN:5,(anonymous_8)
FN:114,(anonymous_9)
FN:123,(anonymous_11)
FNF:3
FNH:3
FNDA:3,(anonymous_8)
FNDA:7,(anonymous_9)
FNDA:3,(anonymous_11)
DA:1,3
DA:3,3
DA:5,3
DA:6,3
DA:7,3
DA:33,3
DA:114,3
DA:115,7
DA:116,7
DA:117,7
DA:119,7
DA:122,3
DA:124,3
DA:125,3
DA:128,3
DA:130,3
LF:16
LH:16
BRDA:5,0,0,3
BRDA:5,0,1,3
BRDA:116,1,0,7
BRDA:128,2,0,3
BRDA:128,2,1,3
BRF:5
BRH:5
end_of_record
TN:
SF:src\models\RestaurantVerification.ts
FNF:0
FNH:0
DA:1,1
DA:12,1
DA:32,1
DA:35,1
LF:4
LH:4
BRDA:32,0,0,1
BRDA:32,0,1,1
BRF:2
BRH:2
end_of_record
TN:
SF:src\models\Village.ts
FNF:0
FNH:0
DA:1,1
DA:11,1
DA:28,1
DA:30,1
LF:4
LH:4
BRDA:28,0,0,1
BRDA:28,0,1,1
BRF:2
BRH:2
end_of_record
TN:
SF:src\services\mongoose\location\district.ts
FN:11,(anonymous_8)
FN:11,(anonymous_9)
FN:24,(anonymous_10)
FNF:3
FNH:3
FNDA:5,(anonymous_8)
FNDA:5,(anonymous_9)
FNDA:39,(anonymous_10)
DA:1,1
DA:2,1
DA:11,5
DA:12,5
DA:14,5
DA:15,3
DA:18,2
DA:20,2
DA:21,1
DA:24,39
DA:30,1
DA:34,1
LF:12
LH:12
BRDA:14,0,0,3
BRDA:20,1,0,1
BRF:2
BRH:2
end_of_record
TN:
SF:src\services\mongoose\location\province.ts
FN:8,(anonymous_8)
FN:8,(anonymous_9)
FN:10,(anonymous_10)
FNF:3
FNH:3
FNDA:1,(anonymous_8)
FNDA:1,(anonymous_9)
FNDA:34,(anonymous_10)
DA:1,1
DA:8,1
DA:9,1
DA:10,34
DA:15,1
DA:19,1
LF:6
LH:6
BRF:0
BRH:0
end_of_record
TN:
SF:src\services\mongoose\location\regency.ts
FN:11,(anonymous_8)
FN:11,(anonymous_9)
FN:24,(anonymous_10)
FNF:3
FNH:3
FNDA:5,(anonymous_8)
FNDA:5,(anonymous_9)
FNDA:27,(anonymous_10)
DA:1,1
DA:2,1
DA:11,5
DA:12,5
DA:14,5
DA:15,3
DA:18,2
DA:20,2
DA:21,1
DA:24,27
DA:30,1
DA:34,1
LF:12
LH:12
BRDA:14,0,0,3
BRDA:20,1,0,1
BRF:2
BRH:2
end_of_record
TN:
SF:src\services\mongoose\location\village.ts
FN:11,(anonymous_8)
FN:11,(anonymous_9)
FN:24,(anonymous_10)
FNF:3
FNH:3
FNDA:5,(anonymous_8)
FNDA:5,(anonymous_9)
FNDA:7,(anonymous_10)
DA:1,1
DA:3,1
DA:11,5
DA:12,5
DA:14,5
DA:15,3
DA:18,2
DA:20,2
DA:21,1
DA:24,7
DA:30,1
DA:34,1
LF:12
LH:12
BRDA:14,0,0,3
BRDA:20,1,0,1
BRF:2
BRH:2
end_of_record
TN:
SF:src\services\mongoose\resto\auth.ts
FN:17,(anonymous_8)
FN:17,(anonymous_9)
FN:57,(anonymous_10)
FN:57,(anonymous_11)
FNF:4
FNH:4
FNDA:20,(anonymous_8)
FNDA:20,(anonymous_9)
FNDA:5,(anonymous_10)
FNDA:5,(anonymous_11)
DA:2,1
DA:3,1
DA:4,1
DA:5,1
DA:6,1
DA:7,1
DA:8,1
DA:10,1
DA:17,20
DA:21,20
DA:22,3
DA:27,3
DA:28,3
DA:29,3
DA:31,3
DA:33,3
DA:34,3
DA:35,3
DA:36,3
DA:38,3
DA:45,3
DA:46,3
DA:48,3
DA:50,0
DA:51,0
DA:53,0
DA:57,5
DA:58,5
DA:63,5
DA:65,5
DA:66,1
DA:69,4
DA:70,4
DA:71,2
DA:74,2
DA:75,2
DA:76,1
DA:79,1
DA:81,4
DA:86,1
DA:87,1
LF:41
LH:38
BRDA:65,0,0,1
BRDA:65,1,0,5
BRDA:65,1,1,4
BRDA:70,2,0,2
BRDA:75,3,0,1
BRF:5
BRH:5
end_of_record
TN:
SF:src\utils\createJwtPayloadData.ts
FN:17,(anonymous_0)
FN:27,(anonymous_1)
FN:37,(anonymous_2)
FN:49,(anonymous_3)
FNF:4
FNH:2
FNDA:1,(anonymous_0)
FNDA:0,(anonymous_1)
FNDA:1,(anonymous_2)
FNDA:0,(anonymous_3)
DA:17,2
DA:20,1
DA:24,1
DA:27,2
DA:30,0
DA:34,0
DA:37,2
DA:40,1
DA:46,1
DA:49,2
DA:52,0
DA:58,0
DA:62,2
DA:63,2
DA:64,2
DA:65,2
LF:16
LH:12
BRF:0
BRH:0
end_of_record
TN:
SF:src\utils\index.ts
FN:16,(anonymous_0)
FN:17,(anonymous_1)
FN:18,(anonymous_2)
FN:19,(anonymous_3)
FN:20,(anonymous_4)
FN:21,(anonymous_5)
FN:22,(anonymous_6)
FN:23,(anonymous_7)
FNF:8
FNH:3
FNDA:0,(anonymous_0)
FNDA:0,(anonymous_1)
FNDA:1,(anonymous_2)
FNDA:0,(anonymous_3)
FNDA:0,(anonymous_4)
FNDA:0,(anonymous_5)
FNDA:1,(anonymous_6)
FNDA:1,(anonymous_7)
DA:1,2
DA:8,2
DA:16,2
DA:17,2
DA:18,3
DA:19,2
DA:20,2
DA:21,2
DA:22,3
DA:23,3
LF:10
LH:10
BRF:0
BRH:0
end_of_record
TN:
SF:src\utils\jwt.ts
FN:6,(anonymous_1)
FN:26,(anonymous_2)
FN:46,(anonymous_3)
FN:65,(anonymous_4)
FNF:4
FNH:1
FNDA:0,(anonymous_1)
FNDA:0,(anonymous_2)
FNDA:1,(anonymous_3)
FNDA:0,(anonymous_4)
DA:1,2
DA:2,2
DA:4,2
DA:6,2
DA:14,0
DA:18,0
DA:23,0
DA:26,2
DA:34,0
DA:38,0
DA:43,0
DA:46,2
DA:54,1
DA:58,1
DA:59,1
DA:61,1
DA:65,2
DA:73,0
DA:77,0
DA:78,0
DA:80,0
DA:85,2
DA:86,2
DA:87,2
DA:88,2
LF:25
LH:15
BRDA:14,0,0,0
BRDA:14,0,1,0
BRDA:34,1,0,0
BRDA:34,1,1,0
BRDA:54,2,0,1
BRDA:54,2,1,0
BRDA:73,3,0,0
BRDA:73,3,1,0
BRF:8
BRH:1
end_of_record
