TN:
SF:src\app.ts
FNF:0
FNH:0
DA:1,1
DA:2,1
DA:3,1
DA:4,1
DA:5,1
DA:7,1
DA:9,1
DA:10,1
DA:13,1
DA:16,1
DA:17,1
DA:19,1
LF:12
LH:12
BRF:0
BRH:0
end_of_record
TN:
SF:src\config.ts
FNF:0
FNH:0
DA:1,12
DA:2,12
DA:4,12
LF:3
LH:3
BRF:0
BRH:0
end_of_record
TN:
SF:src\api\v1\location\route.ts
FNF:0
FNH:0
DA:1,1
DA:2,1
DA:3,1
DA:4,1
DA:5,1
DA:8,1
DA:10,1
DA:11,1
DA:12,1
DA:13,1
DA:15,1
LF:11
LH:11
BRF:0
BRH:0
end_of_record
TN:
SF:src\api\v1\location\district\controller.ts
FN:6,(anonymous_7)
FN:10,(anonymous_8)
FNF:2
FNH:0
FNDA:0,(anonymous_7)
FNDA:0,(anonymous_8)
DA:2,1
DA:3,1
DA:4,1
DA:6,1
DA:10,0
DA:11,0
DA:12,0
DA:13,0
DA:19,0
DA:23,1
LF:10
LH:5
BRF:0
BRH:0
end_of_record
TN:
SF:src\api\v1\location\district\route.ts
FNF:0
FNH:0
DA:1,1
DA:2,1
DA:5,1
DA:7,1
DA:9,1
LF:5
LH:5
BRF:0
BRH:0
end_of_record
TN:
SF:src\api\v1\location\province\controller.ts
FN:6,(anonymous_7)
FN:10,(anonymous_8)
FNF:2
FNH:0
FNDA:0,(anonymous_7)
FNDA:0,(anonymous_8)
DA:2,1
DA:3,1
DA:4,1
DA:6,1
DA:10,0
DA:11,0
DA:12,0
DA:14,0
DA:20,0
DA:24,1
LF:10
LH:5
BRF:0
BRH:0
end_of_record
TN:
SF:src\api\v1\location\province\route.ts
FNF:0
FNH:0
DA:1,1
DA:2,1
DA:5,1
DA:7,1
DA:9,1
LF:5
LH:5
BRF:0
BRH:0
end_of_record
TN:
SF:src\api\v1\location\regency\controller.ts
FN:6,(anonymous_7)
FN:10,(anonymous_8)
FNF:2
FNH:0
FNDA:0,(anonymous_7)
FNDA:0,(anonymous_8)
DA:2,1
DA:3,1
DA:4,1
DA:6,1
DA:10,0
DA:11,0
DA:12,0
DA:13,0
DA:19,0
DA:23,1
LF:10
LH:5
BRF:0
BRH:0
end_of_record
TN:
SF:src\api\v1\location\regency\route.ts
FNF:0
FNH:0
DA:1,1
DA:2,1
DA:5,1
DA:7,1
DA:9,1
LF:5
LH:5
BRF:0
BRH:0
end_of_record
TN:
SF:src\api\v1\location\village\controller.ts
FN:6,(anonymous_7)
FN:10,(anonymous_8)
FNF:2
FNH:0
FNDA:0,(anonymous_7)
FNDA:0,(anonymous_8)
DA:2,1
DA:3,1
DA:4,1
DA:6,1
DA:10,0
DA:11,0
DA:12,0
DA:13,0
DA:19,0
DA:23,1
LF:10
LH:5
BRF:0
BRH:0
end_of_record
TN:
SF:src\api\v1\location\village\route.ts
FNF:0
FNH:0
DA:1,1
DA:2,1
DA:5,1
DA:7,1
DA:9,1
LF:5
LH:5
BRF:0
BRH:0
end_of_record
TN:
SF:src\api\v1\resto\route.ts
FNF:0
FNH:0
DA:1,1
DA:2,1
DA:3,1
DA:4,1
DA:7,1
DA:9,1
DA:10,1
DA:11,1
DA:13,1
LF:9
LH:9
BRF:0
BRH:0
end_of_record
TN:
SF:src\api\v1\resto\account\controller.ts
FN:12,(anonymous_7)
FN:16,(anonymous_8)
FN:27,(anonymous_9)
FN:31,(anonymous_10)
FN:42,(anonymous_11)
FN:46,(anonymous_12)
FN:57,(anonymous_13)
FN:61,(anonymous_14)
FN:72,(anonymous_15)
FN:76,(anonymous_16)
FNF:10
FNH:0
FNDA:0,(anonymous_7)
FNDA:0,(anonymous_8)
FNDA:0,(anonymous_9)
FNDA:0,(anonymous_10)
FNDA:0,(anonymous_11)
FNDA:0,(anonymous_12)
FNDA:0,(anonymous_13)
FNDA:0,(anonymous_14)
FNDA:0,(anonymous_15)
FNDA:0,(anonymous_16)
DA:2,1
DA:3,1
DA:4,1
DA:12,1
DA:16,0
DA:17,0
DA:18,0
DA:19,0
DA:23,0
DA:27,1
DA:31,0
DA:32,0
DA:33,0
DA:34,0
DA:38,0
DA:42,1
DA:46,0
DA:47,0
DA:48,0
DA:49,0
DA:53,0
DA:57,1
DA:61,0
DA:62,0
DA:63,0
DA:64,0
DA:68,0
DA:72,1
DA:76,0
DA:77,0
DA:78,0
DA:79,0
DA:83,0
DA:88,1
DA:89,1
DA:90,1
DA:91,1
DA:92,1
LF:38
LH:13
BRF:0
BRH:0
end_of_record
TN:
SF:src\api\v1\resto\account\route.ts
FN:16,(anonymous_0)
FNF:1
FNH:0
FNDA:0,(anonymous_0)
DA:1,1
DA:2,1
DA:9,1
DA:12,1
DA:13,1
DA:14,1
DA:15,1
DA:16,1
DA:18,1
LF:9
LH:9
BRF:0
BRH:0
end_of_record
TN:
SF:src\api\v1\resto\auth\controller.ts
FN:9,(anonymous_7)
FN:13,(anonymous_8)
FN:26,(anonymous_9)
FN:30,(anonymous_10)
FN:44,(anonymous_11)
FN:48,(anonymous_12)
FNF:6
FNH:4
FNDA:2,(anonymous_7)
FNDA:2,(anonymous_8)
FNDA:1,(anonymous_9)
FNDA:1,(anonymous_10)
FNDA:0,(anonymous_11)
FNDA:0,(anonymous_12)
DA:2,1
DA:4,1
DA:5,1
DA:7,1
DA:9,1
DA:13,2
DA:14,2
DA:15,2
DA:16,2
DA:22,0
DA:26,1
DA:30,1
DA:31,1
DA:32,1
DA:33,1
DA:34,1
DA:40,0
DA:44,1
DA:48,0
DA:49,0
DA:50,0
DA:51,0
DA:52,0
DA:56,0
DA:61,1
DA:62,1
DA:63,1
LF:27
LH:19
BRF:0
BRH:0
end_of_record
TN:
SF:src\api\v1\resto\auth\route.ts
FNF:0
FNH:0
DA:1,1
DA:2,1
DA:3,1
DA:6,1
DA:8,1
DA:9,1
DA:10,1
DA:14,1
DA:15,1
DA:17,1
LF:10
LH:10
BRF:0
BRH:0
end_of_record
TN:
SF:src\api\v1\resto\profile\controller.ts
FN:11,(anonymous_7)
FN:15,(anonymous_8)
FN:31,(anonymous_9)
FN:35,(anonymous_10)
FN:51,(anonymous_11)
FN:55,(anonymous_12)
FN:71,(anonymous_13)
FN:75,(anonymous_14)
FNF:8
FNH:0
FNDA:0,(anonymous_7)
FNDA:0,(anonymous_8)
FNDA:0,(anonymous_9)
FNDA:0,(anonymous_10)
FNDA:0,(anonymous_11)
FNDA:0,(anonymous_12)
FNDA:0,(anonymous_13)
FNDA:0,(anonymous_14)
DA:2,1
DA:3,1
DA:4,1
DA:11,1
DA:15,0
DA:16,0
DA:17,0
DA:19,0
DA:27,0
DA:31,1
DA:35,0
DA:36,0
DA:37,0
DA:39,0
DA:47,0
DA:51,1
DA:55,0
DA:56,0
DA:57,0
DA:59,0
DA:67,0
DA:71,1
DA:75,0
DA:76,0
DA:77,0
DA:79,0
DA:87,0
DA:92,1
DA:93,1
DA:94,1
DA:95,1
LF:31
LH:11
BRF:0
BRH:0
end_of_record
TN:
SF:src\api\v1\resto\profile\route.ts
FNF:0
FNH:0
DA:1,1
DA:2,1
DA:3,1
DA:4,1
DA:5,1
DA:8,1
DA:10,1
DA:16,1
DA:22,1
DA:27,1
DA:34,1
LF:11
LH:11
BRF:0
BRH:0
end_of_record
TN:
SF:src\db\index.ts
FNF:0
FNH:0
DA:1,3
DA:2,3
DA:4,3
DA:5,3
DA:7,3
LF:5
LH:5
BRF:0
BRH:0
end_of_record
TN:
SF:src\errors\BadRequest.ts
FN:6,(anonymous_1)
FNF:1
FNH:1
FNDA:12,(anonymous_1)
DA:1,11
DA:2,11
DA:5,12
DA:7,12
DA:9,12
DA:13,11
LF:6
LH:6
BRF:0
BRH:0
end_of_record
TN:
SF:src\errors\Conflict.ts
FN:6,(anonymous_1)
FNF:1
FNH:1
FNDA:1,(anonymous_1)
DA:1,2
DA:2,2
DA:5,1
DA:7,1
DA:9,1
DA:13,2
LF:6
LH:6
BRF:0
BRH:0
end_of_record
TN:
SF:src\errors\CustomAPIError.ts
FN:6,(anonymous_0)
FNF:1
FNH:1
FNDA:33,(anonymous_0)
DA:7,33
DA:11,11
LF:2
LH:2
BRF:0
BRH:0
end_of_record
TN:
SF:src\errors\InvalidToken.ts
FN:6,(anonymous_1)
FNF:1
FNH:1
FNDA:3,(anonymous_1)
DA:2,2
DA:5,3
DA:7,3
DA:9,3
DA:13,2
LF:5
LH:5
BRF:0
BRH:0
end_of_record
TN:
SF:src\errors\NotFound.ts
FN:6,(anonymous_1)
FNF:1
FNH:1
FNDA:6,(anonymous_1)
DA:1,11
DA:2,11
DA:5,6
DA:7,6
DA:9,6
DA:13,11
LF:6
LH:6
BRF:0
BRH:0
end_of_record
TN:
SF:src\errors\Unauthenticated.ts
FN:6,(anonymous_1)
FNF:1
FNH:1
FNDA:6,(anonymous_1)
DA:1,11
DA:2,11
DA:5,6
DA:7,6
DA:9,6
DA:13,11
LF:6
LH:6
BRF:0
BRH:0
end_of_record
TN:
SF:src\errors\Unauthorized.ts
FN:6,(anonymous_1)
FNF:1
FNH:1
FNDA:5,(anonymous_1)
DA:1,11
DA:2,11
DA:5,5
DA:7,5
DA:9,5
DA:13,11
LF:6
LH:6
BRF:0
BRH:0
end_of_record
TN:
SF:src\errors\ValidationError.ts
FN:7,(anonymous_1)
FNF:1
FNH:0
FNDA:0,(anonymous_1)
DA:1,1
DA:2,1
DA:6,0
DA:8,0
DA:9,0
DA:10,0
DA:14,1
LF:7
LH:3
BRF:0
BRH:0
end_of_record
TN:
SF:src\errors\index.ts
FNF:0
FNH:0
DA:1,11
DA:2,11
DA:3,11
DA:4,11
DA:6,11
LF:5
LH:5
BRF:0
BRH:0
end_of_record
TN:
SF:src\global\types.ts
FN:13,(anonymous_0)
FN:17,(anonymous_1)
FN:23,(anonymous_2)
FN:29,(anonymous_3)
FNF:4
FNH:2
FNDA:3,(anonymous_0)
FNDA:3,(anonymous_1)
FNDA:0,(anonymous_2)
FNDA:0,(anonymous_3)
DA:13,3
DA:16,1
DA:17,3
DA:18,3
DA:22,1
DA:24,0
DA:28,1
DA:29,0
DA:30,0
LF:9
LH:6
BRF:0
BRH:0
end_of_record
TN:
SF:src\middleware\auth.ts
FN:7,(anonymous_1)
FN:34,(anonymous_2)
FNF:2
FNH:1
FNDA:3,(anonymous_1)
FNDA:0,(anonymous_2)
DA:2,2
DA:3,2
DA:5,2
DA:7,2
DA:12,3
DA:13,3
DA:14,3
DA:15,0
DA:17,3
DA:18,3
DA:19,1
DA:21,2
DA:23,0
DA:24,0
DA:28,0
DA:30,3
DA:34,2
DA:39,0
DA:40,0
DA:41,0
DA:42,0
DA:44,0
DA:45,0
DA:46,0
DA:48,0
DA:50,0
DA:54,0
DA:56,0
DA:61,2
DA:62,2
LF:30
LH:15
BRDA:14,0,0,0
BRDA:18,1,0,1
BRDA:41,2,0,0
BRDA:45,3,0,0
BRF:4
BRH:1
end_of_record
TN:
SF:src\middleware\emailVerification.ts
FN:7,(anonymous_8)
FN:11,(anonymous_9)
FN:33,(anonymous_10)
FN:37,(anonymous_11)
FNF:4
FNH:2
FNDA:3,(anonymous_8)
FNDA:3,(anonymous_9)
FNDA:0,(anonymous_10)
FNDA:0,(anonymous_11)
DA:3,2
DA:4,2
DA:5,2
DA:7,2
DA:11,3
DA:12,3
DA:14,3
DA:15,3
DA:16,2
DA:17,0
DA:20,2
DA:21,1
DA:24,1
DA:26,2
DA:27,1
DA:29,2
DA:33,2
DA:37,0
DA:38,0
DA:40,0
DA:41,0
DA:42,0
DA:43,0
DA:45,0
DA:46,0
DA:48,0
DA:50,0
DA:55,2
DA:56,2
LF:29
LH:18
BRDA:16,0,0,0
BRDA:20,1,0,1
BRDA:26,2,0,1
BRDA:42,3,0,0
BRDA:45,4,0,0
BRF:5
BRH:2
end_of_record
TN:
SF:src\middleware\handlerError.ts
FN:11,(anonymous_1)
FN:31,(anonymous_2)
FNF:2
FNH:0
FNDA:0,(anonymous_1)
FNDA:0,(anonymous_2)
DA:2,1
DA:3,1
DA:7,1
DA:8,1
DA:9,1
DA:11,1
DA:18,0
DA:30,0
DA:31,0
DA:36,0
DA:41,0
DA:66,1
LF:12
LH:7
BRDA:20,0,0,0
BRDA:20,0,1,0
BRDA:30,1,0,0
BRF:3
BRH:0
end_of_record
TN:
SF:src\middleware\minimumSetupAccount.ts
FN:6,(anonymous_8)
FN:10,(anonymous_9)
FNF:2
FNH:0
FNDA:0,(anonymous_8)
FNDA:0,(anonymous_9)
DA:3,1
DA:4,1
DA:6,1
DA:10,0
DA:11,0
DA:13,0
DA:14,0
DA:15,0
DA:16,0
DA:18,0
DA:19,0
DA:21,0
DA:23,0
DA:28,1
LF:14
LH:4
BRDA:15,0,0,0
BRDA:18,1,0,0
BRF:2
BRH:0
end_of_record
TN:
SF:src\middleware\routeNotFound.ts
FN:5,(anonymous_0)
FNF:1
FNH:0
FNDA:0,(anonymous_0)
DA:2,1
DA:3,1
DA:5,1
DA:6,0
DA:9,1
LF:5
LH:4
BRF:0
BRH:0
end_of_record
TN:
SF:src\models\Customer.ts
FN:4,(anonymous_0)
FNF:1
FNH:1
FNDA:2,(anonymous_0)
DA:1,2
DA:4,2
DA:5,2
DA:6,2
DA:7,2
DA:20,2
DA:62,2
DA:64,2
LF:8
LH:8
BRDA:4,0,0,2
BRDA:4,0,1,2
BRDA:62,1,0,2
BRDA:62,1,1,2
BRF:4
BRH:4
end_of_record
TN:
SF:src\models\District.ts
FNF:0
FNH:0
DA:1,3
DA:10,3
DA:27,3
DA:29,3
LF:4
LH:4
BRDA:27,0,0,3
BRDA:27,0,1,3
BRF:2
BRH:2
end_of_record
TN:
SF:src\models\Province.ts
FNF:0
FNH:0
DA:1,3
DA:9,3
DA:20,3
DA:22,3
LF:4
LH:4
BRDA:20,0,0,3
BRDA:20,0,1,3
BRF:2
BRH:2
end_of_record
TN:
SF:src\models\Regency.ts
FNF:0
FNH:0
DA:1,3
DA:11,3
DA:28,3
DA:30,3
LF:4
LH:4
BRDA:28,0,0,3
BRDA:28,0,1,3
BRF:2
BRH:2
end_of_record
TN:
SF:src\models\RestauranResetPasswordRequest.ts
FNF:0
FNH:0
DA:1,2
DA:12,2
DA:32,2
DA:35,2
LF:4
LH:4
BRDA:32,0,0,2
BRDA:32,0,1,2
BRF:2
BRH:2
end_of_record
TN:
SF:src\models\Restaurant.ts
FN:5,(anonymous_8)
FN:121,(anonymous_9)
FN:129,(anonymous_11)
FN:138,(anonymous_13)
FNF:4
FNH:4
FNDA:7,(anonymous_8)
FNDA:57,(anonymous_9)
FNDA:6,(anonymous_11)
FNDA:4,(anonymous_13)
DA:1,7
DA:3,7
DA:5,7
DA:6,7
DA:7,7
DA:33,7
DA:121,7
DA:122,57
DA:123,57
DA:124,43
DA:126,57
DA:129,7
DA:130,6
DA:131,6
DA:132,2
DA:134,6
DA:137,7
DA:139,4
DA:140,4
DA:143,7
DA:145,7
LF:21
LH:21
BRDA:5,0,0,7
BRDA:5,0,1,7
BRDA:123,1,0,43
BRDA:131,2,0,2
BRDA:143,3,0,7
BRDA:143,3,1,7
BRF:6
BRH:6
end_of_record
TN:
SF:src\models\RestaurantAddress.ts
FNF:0
FNH:0
DA:1,2
DA:23,2
DA:59,2
DA:62,2
LF:4
LH:4
BRDA:59,0,0,2
BRDA:59,0,1,2
BRF:2
BRH:2
end_of_record
TN:
SF:src\models\RestaurantVerification.ts
FNF:0
FNH:0
DA:1,3
DA:12,3
DA:32,3
DA:35,3
LF:4
LH:4
BRDA:32,0,0,3
BRDA:32,0,1,3
BRF:2
BRH:2
end_of_record
TN:
SF:src\models\Village.ts
FNF:0
FNH:0
DA:1,3
DA:11,3
DA:28,3
DA:30,3
LF:4
LH:4
BRDA:28,0,0,3
BRDA:28,0,1,3
BRF:2
BRH:2
end_of_record
TN:
SF:src\routes\index.ts
FN:9,(anonymous_1)
FNF:1
FNH:0
FNDA:0,(anonymous_1)
DA:1,1
DA:2,1
DA:3,1
DA:5,1
DA:7,1
DA:8,1
DA:9,1
DA:11,1
LF:8
LH:8
BRF:0
BRH:0
end_of_record
TN:
SF:src\services\mongoose\location\district.ts
FN:11,(anonymous_8)
FN:11,(anonymous_9)
FN:24,(anonymous_10)
FNF:3
FNH:3
FNDA:5,(anonymous_8)
FNDA:5,(anonymous_9)
FNDA:39,(anonymous_10)
DA:1,2
DA:2,2
DA:11,5
DA:12,5
DA:14,5
DA:15,3
DA:18,2
DA:20,2
DA:21,1
DA:24,39
DA:30,1
DA:34,2
LF:12
LH:12
BRDA:14,0,0,3
BRDA:20,1,0,1
BRF:2
BRH:2
end_of_record
TN:
SF:src\services\mongoose\location\province.ts
FN:8,(anonymous_8)
FN:8,(anonymous_9)
FN:10,(anonymous_10)
FNF:3
FNH:3
FNDA:1,(anonymous_8)
FNDA:1,(anonymous_9)
FNDA:34,(anonymous_10)
DA:1,2
DA:8,2
DA:9,1
DA:10,34
DA:15,1
DA:19,2
LF:6
LH:6
BRF:0
BRH:0
end_of_record
TN:
SF:src\services\mongoose\location\regency.ts
FN:11,(anonymous_8)
FN:11,(anonymous_9)
FN:24,(anonymous_10)
FNF:3
FNH:3
FNDA:5,(anonymous_8)
FNDA:5,(anonymous_9)
FNDA:27,(anonymous_10)
DA:1,2
DA:2,2
DA:11,5
DA:12,5
DA:14,5
DA:15,3
DA:18,2
DA:20,2
DA:21,1
DA:24,27
DA:30,1
DA:34,2
LF:12
LH:12
BRDA:14,0,0,3
BRDA:20,1,0,1
BRF:2
BRH:2
end_of_record
TN:
SF:src\services\mongoose\location\village.ts
FN:11,(anonymous_8)
FN:11,(anonymous_9)
FN:24,(anonymous_10)
FNF:3
FNH:3
FNDA:5,(anonymous_8)
FNDA:5,(anonymous_9)
FNDA:7,(anonymous_10)
DA:1,2
DA:3,2
DA:11,5
DA:12,5
DA:14,5
DA:15,3
DA:18,2
DA:20,2
DA:21,1
DA:24,7
DA:30,1
DA:34,2
LF:12
LH:12
BRDA:14,0,0,3
BRDA:20,1,0,1
BRF:2
BRH:2
end_of_record
TN:
SF:src\services\mongoose\resto\account.ts
FN:14,(anonymous_8)
FN:14,(anonymous_9)
FN:41,(anonymous_10)
FN:41,(anonymous_11)
FN:70,(anonymous_12)
FN:70,(anonymous_13)
FN:97,(anonymous_14)
FN:97,(anonymous_15)
FN:120,(anonymous_16)
FN:120,(anonymous_17)
FNF:10
FNH:10
FNDA:5,(anonymous_8)
FNDA:5,(anonymous_9)
FNDA:5,(anonymous_10)
FNDA:5,(anonymous_11)
FNDA:4,(anonymous_12)
FNDA:4,(anonymous_13)
FNDA:4,(anonymous_14)
FNDA:4,(anonymous_15)
FNDA:6,(anonymous_16)
FNDA:6,(anonymous_17)
DA:2,2
DA:3,2
DA:4,2
DA:6,2
DA:7,2
DA:8,2
DA:9,2
DA:10,2
DA:11,2
DA:12,2
DA:14,5
DA:15,5
DA:21,5
DA:23,5
DA:25,3
DA:27,3
DA:32,3
DA:33,1
DA:34,1
DA:37,2
DA:41,5
DA:42,5
DA:44,5
DA:46,4
DA:47,4
DA:48,4
DA:49,1
DA:52,3
DA:53,3
DA:54,1
DA:57,2
DA:58,2
DA:59,1
DA:62,1
DA:66,3
DA:70,4
DA:71,4
DA:77,4
DA:79,4
DA:81,2
DA:83,2
DA:85,2
DA:86,1
DA:93,2
DA:97,4
DA:98,4
DA:100,4
DA:102,3
DA:103,3
DA:107,3
DA:108,1
DA:111,2
DA:112,2
DA:113,1
DA:116,2
DA:120,6
DA:121,6
DA:127,6
DA:129,6
DA:131,3
DA:133,3
DA:134,3
DA:135,1
DA:138,2
DA:139,2
DA:140,1
DA:143,1
DA:148,5
DA:153,2
DA:154,2
DA:155,2
DA:156,2
DA:157,2
LF:73
LH:73
BRDA:32,0,0,1
BRDA:44,1,0,1
BRDA:48,2,0,1
BRDA:53,3,0,1
BRDA:58,4,0,1
BRDA:85,5,0,1
BRDA:100,6,0,1
BRDA:107,7,0,1
BRDA:112,8,0,1
BRDA:134,9,0,1
BRDA:139,10,0,1
BRF:11
BRH:11
end_of_record
TN:
SF:src\services\mongoose\resto\auth.ts
FN:18,(anonymous_8)
FN:18,(anonymous_9)
FN:50,(anonymous_10)
FN:50,(anonymous_11)
FNF:4
FNH:4
FNDA:22,(anonymous_8)
FNDA:22,(anonymous_9)
FNDA:6,(anonymous_10)
FNDA:6,(anonymous_11)
DA:2,2
DA:3,2
DA:7,2
DA:8,2
DA:9,2
DA:11,2
DA:18,22
DA:22,22
DA:23,5
DA:28,5
DA:29,5
DA:30,5
DA:32,5
DA:34,5
DA:36,5
DA:38,5
DA:39,5
DA:41,5
DA:43,0
DA:44,0
DA:46,0
DA:50,6
DA:51,6
DA:56,6
DA:58,6
DA:59,1
DA:62,5
DA:63,5
DA:64,2
DA:67,3
DA:68,3
DA:69,1
DA:72,2
DA:74,4
DA:79,2
DA:80,2
LF:36
LH:33
BRDA:58,0,0,1
BRDA:58,1,0,6
BRDA:58,1,1,5
BRDA:63,2,0,2
BRDA:68,3,0,1
BRF:5
BRH:5
end_of_record
TN:
SF:src\services\mongoose\resto\profile.ts
FN:36,(anonymous_8)
FN:36,(anonymous_9)
FN:92,(anonymous_10)
FN:92,(anonymous_11)
FN:186,(anonymous_12)
FN:186,(anonymous_13)
FN:213,(anonymous_14)
FN:213,(anonymous_15)
FNF:8
FNH:8
FNDA:4,(anonymous_8)
FNDA:4,(anonymous_9)
FNDA:8,(anonymous_10)
FNDA:8,(anonymous_11)
FNDA:14,(anonymous_12)
FNDA:14,(anonymous_13)
FNDA:3,(anonymous_14)
FNDA:3,(anonymous_15)
DA:2,2
DA:3,2
DA:4,2
DA:5,2
DA:6,2
DA:7,2
DA:8,2
DA:9,2
DA:10,2
DA:12,2
DA:36,4
DA:37,4
DA:39,4
DA:40,1
DA:43,3
DA:44,3
DA:45,2
DA:46,0
DA:49,2
DA:50,2
DA:51,2
DA:52,2
DA:53,2
DA:55,2
DA:64,2
DA:85,2
DA:87,1
DA:92,8
DA:93,8
DA:117,8
DA:118,8
DA:119,8
DA:120,8
DA:122,8
DA:136,1
DA:138,1
DA:140,1
DA:153,1
DA:154,1
DA:155,1
DA:156,1
DA:157,1
DA:159,1
DA:160,0
DA:165,1
DA:175,1
DA:176,1
DA:178,1
DA:180,7
DA:181,7
DA:182,7
DA:186,14
DA:187,14
DA:195,14
DA:197,14
DA:198,14
DA:199,1
DA:201,1
DA:207,1
DA:209,13
DA:213,3
DA:214,3
DA:219,3
DA:220,3
DA:221,3
DA:222,1
DA:223,1
DA:226,1
DA:228,2
DA:233,2
DA:234,2
DA:235,2
DA:236,2
LF:73
LH:71
BRDA:39,0,0,1
BRDA:45,1,0,0
BRDA:50,2,0,1
BRDA:50,2,1,1
BRDA:50,3,0,2
BRDA:50,3,1,1
BRDA:51,4,0,1
BRDA:51,4,1,1
BRDA:51,5,0,2
BRDA:51,5,1,1
BRDA:52,6,0,1
BRDA:52,6,1,1
BRDA:52,7,0,2
BRDA:52,7,1,1
BRDA:53,8,0,1
BRDA:53,8,1,1
BRDA:53,9,0,2
BRDA:53,9,1,1
BRDA:56,10,0,1
BRDA:56,10,1,1
BRDA:56,11,0,2
BRDA:56,11,1,2
BRDA:56,12,0,1
BRDA:56,12,1,1
BRDA:56,13,0,2
BRDA:56,13,1,1
BRDA:57,14,0,1
BRDA:57,14,1,1
BRDA:57,15,0,2
BRDA:57,15,1,2
BRDA:57,16,0,1
BRDA:57,16,1,1
BRDA:57,17,0,2
BRDA:57,17,1,1
BRDA:58,18,0,1
BRDA:58,18,1,1
BRDA:58,19,0,2
BRDA:58,19,1,2
BRDA:58,20,0,1
BRDA:58,20,1,1
BRDA:58,21,0,2
BRDA:58,21,1,1
BRDA:59,22,0,1
BRDA:59,22,1,1
BRDA:59,23,0,2
BRDA:59,23,1,2
BRDA:59,24,0,1
BRDA:59,24,1,1
BRDA:59,25,0,2
BRDA:59,25,1,1
BRDA:60,26,0,1
BRDA:60,26,1,1
BRDA:60,27,0,2
BRDA:60,27,1,2
BRDA:60,28,0,1
BRDA:60,28,1,1
BRDA:60,29,0,2
BRDA:60,29,1,1
BRDA:61,30,0,1
BRDA:61,30,1,1
BRDA:61,31,0,2
BRDA:61,31,1,2
BRDA:65,32,0,0
BRDA:65,32,1,2
BRDA:65,33,0,2
BRDA:65,33,1,2
BRDA:66,34,0,0
BRDA:66,34,1,2
BRDA:66,35,0,2
BRDA:66,35,1,2
BRDA:67,36,0,0
BRDA:67,36,1,2
BRDA:67,37,0,2
BRDA:67,37,1,2
BRDA:69,38,0,1
BRDA:69,38,1,1
BRDA:69,39,0,2
BRDA:69,39,1,2
BRDA:69,40,0,0
BRDA:69,40,1,2
BRDA:69,41,0,2
BRDA:69,41,1,2
BRDA:71,42,0,2
BRDA:71,42,1,0
BRDA:71,43,0,2
BRDA:71,43,1,2
BRDA:71,44,0,0
BRDA:71,44,1,2
BRDA:71,45,0,2
BRDA:71,45,1,2
BRDA:72,46,0,2
BRDA:72,46,1,0
BRDA:72,47,0,2
BRDA:72,47,1,2
BRDA:72,48,0,0
BRDA:72,48,1,2
BRDA:72,49,0,2
BRDA:72,49,1,2
BRDA:73,50,0,2
BRDA:73,50,1,0
BRDA:73,51,0,2
BRDA:73,51,1,2
BRDA:73,52,0,0
BRDA:73,52,1,2
BRDA:73,53,0,2
BRDA:73,53,1,2
BRDA:74,54,0,2
BRDA:74,54,1,0
BRDA:74,55,0,2
BRDA:74,55,1,2
BRDA:74,56,0,0
BRDA:74,56,1,2
BRDA:74,57,0,2
BRDA:74,57,1,2
BRDA:75,58,0,2
BRDA:75,58,1,0
BRDA:75,59,0,2
BRDA:75,59,1,2
BRDA:75,60,0,0
BRDA:75,60,1,2
BRDA:75,61,0,2
BRDA:75,61,1,2
BRDA:78,62,0,1
BRDA:78,62,1,1
BRDA:78,63,0,2
BRDA:78,63,1,2
BRDA:78,64,0,0
BRDA:78,64,1,2
BRDA:78,65,0,2
BRDA:78,65,1,2
BRDA:79,66,0,1
BRDA:79,66,1,1
BRDA:79,67,0,2
BRDA:79,67,1,2
BRDA:79,68,0,0
BRDA:79,68,1,2
BRDA:79,69,0,2
BRDA:79,69,1,2
BRDA:80,70,0,2
BRDA:80,70,1,0
BRDA:80,71,0,2
BRDA:80,71,1,2
BRDA:80,72,0,0
BRDA:80,72,1,2
BRDA:80,73,0,2
BRDA:80,73,1,2
BRDA:82,74,0,2
BRDA:82,74,1,0
BRDA:82,75,0,2
BRDA:82,75,1,2
BRDA:82,76,0,0
BRDA:82,76,1,2
BRDA:82,77,0,2
BRDA:82,77,1,2
BRDA:155,78,0,0
BRDA:155,78,1,1
BRDA:155,79,0,1
BRDA:155,79,1,1
BRDA:156,80,0,0
BRDA:156,80,1,1
BRDA:156,81,0,1
BRDA:156,81,1,1
BRDA:157,82,0,0
BRDA:157,82,1,1
BRDA:157,83,0,1
BRDA:157,83,1,1
BRDA:159,84,0,0
BRDA:159,84,1,1
BRDA:169,85,0,0
BRDA:169,85,1,1
BRDA:169,86,0,1
BRDA:169,86,1,1
BRDA:170,87,0,0
BRDA:170,87,1,1
BRDA:170,88,0,1
BRDA:170,88,1,1
BRDA:171,89,0,0
BRDA:171,89,1,1
BRDA:171,90,0,1
BRDA:171,90,1,1
BRDA:172,91,0,0
BRDA:172,91,1,1
BRDA:172,92,0,1
BRDA:172,92,1,1
BRF:184
BRH:155
end_of_record
TN:
SF:src\utils\convertImageGallery.ts
FN:5,(anonymous_0)
FNF:1
FNH:1
FNDA:1,(anonymous_0)
DA:5,2
DA:6,1
DA:8,1
DA:9,5
DA:10,5
DA:11,5
DA:14,1
DA:17,2
LF:8
LH:8
BRDA:10,0,0,5
BRDA:10,0,1,3
BRF:2
BRH:2
end_of_record
TN:
SF:src\utils\createCookie.ts
FN:7,(anonymous_1)
FNF:1
FNH:1
FNDA:1,(anonymous_1)
DA:2,1
DA:3,1
DA:4,1
DA:7,1
DA:8,1
DA:9,1
DA:10,1
DA:11,1
DA:12,1
DA:16,1
LF:10
LH:10
BRF:0
BRH:0
end_of_record
TN:
SF:src\utils\createJwtPayloadData.ts
FN:17,(anonymous_0)
FN:27,(anonymous_1)
FN:37,(anonymous_2)
FN:49,(anonymous_3)
FNF:4
FNH:2
FNDA:3,(anonymous_0)
FNDA:0,(anonymous_1)
FNDA:1,(anonymous_2)
FNDA:0,(anonymous_3)
DA:17,4
DA:20,3
DA:24,3
DA:27,4
DA:30,0
DA:34,0
DA:37,4
DA:40,1
DA:46,1
DA:49,4
DA:52,0
DA:58,0
DA:62,4
DA:63,4
DA:64,4
DA:65,4
LF:16
LH:12
BRF:0
BRH:0
end_of_record
TN:
SF:src\utils\createRestaurantEmailVerification.ts
FN:7,(anonymous_8)
FN:13,(anonymous_9)
FNF:2
FNH:2
FNDA:6,(anonymous_8)
FNDA:6,(anonymous_9)
DA:1,3
DA:2,3
DA:5,3
DA:7,3
DA:13,6
DA:14,6
DA:15,6
DA:16,6
DA:18,6
DA:26,3
LF:10
LH:10
BRF:0
BRH:0
end_of_record
TN:
SF:src\utils\index.ts
FN:16,(anonymous_0)
FN:17,(anonymous_1)
FN:18,(anonymous_2)
FN:19,(anonymous_3)
FN:20,(anonymous_4)
FN:21,(anonymous_5)
FN:22,(anonymous_6)
FN:23,(anonymous_7)
FNF:8
FNH:4
FNDA:1,(anonymous_0)
FNDA:0,(anonymous_1)
FNDA:4,(anonymous_2)
FNDA:0,(anonymous_3)
FNDA:0,(anonymous_4)
FNDA:0,(anonymous_5)
FNDA:1,(anonymous_6)
FNDA:2,(anonymous_7)
DA:1,4
DA:8,4
DA:16,5
DA:17,4
DA:18,8
DA:19,4
DA:20,4
DA:21,4
DA:22,5
DA:23,6
LF:10
LH:10
BRF:0
BRH:0
end_of_record
TN:
SF:src\utils\jwt.ts
FN:6,(anonymous_1)
FN:26,(anonymous_2)
FN:46,(anonymous_3)
FN:65,(anonymous_4)
FNF:4
FNH:2
FNDA:2,(anonymous_1)
FNDA:0,(anonymous_2)
FNDA:4,(anonymous_3)
FNDA:0,(anonymous_4)
DA:1,4
DA:2,4
DA:4,4
DA:6,4
DA:14,2
DA:18,2
DA:23,2
DA:26,4
DA:34,0
DA:38,0
DA:43,0
DA:46,4
DA:54,4
DA:58,4
DA:59,4
DA:61,3
DA:65,4
DA:73,0
DA:77,0
DA:78,0
DA:80,0
DA:85,4
DA:86,4
DA:87,4
DA:88,4
LF:25
LH:18
BRDA:14,0,0,2
BRDA:14,0,1,0
BRDA:34,1,0,0
BRDA:34,1,1,0
BRDA:54,2,0,4
BRDA:54,2,1,0
BRDA:73,3,0,0
BRDA:73,3,1,0
BRF:8
BRH:2
end_of_record
